[2025-05-28T18:46:38.049+0000] {taskinstance.py:1103} INFO - Dependencies all met for dep_context=non-requeueable deps ti=<TaskInstance: mrp_colors_csv_to_parquet.run_spark_csv2parquet manual__2025-05-28T18:43:45.897535+00:00 [queued]>
[2025-05-28T18:46:38.063+0000] {taskinstance.py:1103} INFO - Dependencies all met for dep_context=requeueable deps ti=<TaskInstance: mrp_colors_csv_to_parquet.run_spark_csv2parquet manual__2025-05-28T18:43:45.897535+00:00 [queued]>
[2025-05-28T18:46:38.064+0000] {taskinstance.py:1308} INFO - Starting attempt 1 of 2
[2025-05-28T18:46:38.099+0000] {taskinstance.py:1327} INFO - Executing <Task(SparkSubmitOperator): run_spark_csv2parquet> on 2025-05-28 18:43:45.897535+00:00
[2025-05-28T18:46:38.131+0000] {standard_task_runner.py:57} INFO - Started process 260 to run task
[2025-05-28T18:46:38.181+0000] {standard_task_runner.py:84} INFO - Running: ['***', 'tasks', 'run', 'mrp_colors_csv_to_parquet', 'run_spark_csv2parquet', 'manual__2025-05-28T18:43:45.897535+00:00', '--job-id', '41', '--raw', '--subdir', 'DAGS_FOLDER/pl_spark_mrp_colors.py', '--cfg-path', '/tmp/tmpu2p39qft']
[2025-05-28T18:46:38.202+0000] {standard_task_runner.py:85} INFO - Job 41: Subtask run_spark_csv2parquet
[2025-05-28T18:46:38.478+0000] {task_command.py:410} INFO - Running <TaskInstance: mrp_colors_csv_to_parquet.run_spark_csv2parquet manual__2025-05-28T18:43:45.897535+00:00 [running]> on host b1889afb6b39
[2025-05-28T18:46:39.315+0000] {taskinstance.py:1547} INFO - Exporting env vars: AIRFLOW_CTX_DAG_OWNER='***' AIRFLOW_CTX_DAG_ID='mrp_colors_csv_to_parquet' AIRFLOW_CTX_TASK_ID='run_spark_csv2parquet' AIRFLOW_CTX_EXECUTION_DATE='2025-05-28T18:43:45.897535+00:00' AIRFLOW_CTX_TRY_NUMBER='1' AIRFLOW_CTX_DAG_RUN_ID='manual__2025-05-28T18:43:45.897535+00:00'
[2025-05-28T18:46:39.335+0000] {base.py:73} INFO - Using connection ID 'spark_default' for task execution.
[2025-05-28T18:46:39.336+0000] {spark_submit.py:339} INFO - Spark-Submit cmd: spark-submit --master spark-master:7077 --executor-cores 1 --executor-memory 1g --driver-memory 1g --name CSV2Parquet --verbose /opt/***/dags/spark_scripts/process_raw_trn.py
[2025-05-28T18:46:45.165+0000] {spark_submit.py:490} INFO - Using properties file: null
[2025-05-28T18:46:45.358+0000] {spark_submit.py:490} INFO - Parsed arguments:
[2025-05-28T18:46:45.358+0000] {spark_submit.py:490} INFO - master                  spark-master:7077
[2025-05-28T18:46:45.359+0000] {spark_submit.py:490} INFO - deployMode              null
[2025-05-28T18:46:45.359+0000] {spark_submit.py:490} INFO - executorMemory          1g
[2025-05-28T18:46:45.359+0000] {spark_submit.py:490} INFO - executorCores           1
[2025-05-28T18:46:45.359+0000] {spark_submit.py:490} INFO - totalExecutorCores      null
[2025-05-28T18:46:45.359+0000] {spark_submit.py:490} INFO - propertiesFile          null
[2025-05-28T18:46:45.360+0000] {spark_submit.py:490} INFO - driverMemory            1g
[2025-05-28T18:46:45.360+0000] {spark_submit.py:490} INFO - driverCores             null
[2025-05-28T18:46:45.360+0000] {spark_submit.py:490} INFO - driverExtraClassPath    null
[2025-05-28T18:46:45.360+0000] {spark_submit.py:490} INFO - driverExtraLibraryPath  null
[2025-05-28T18:46:45.360+0000] {spark_submit.py:490} INFO - driverExtraJavaOptions  null
[2025-05-28T18:46:45.361+0000] {spark_submit.py:490} INFO - supervise               false
[2025-05-28T18:46:45.361+0000] {spark_submit.py:490} INFO - queue                   null
[2025-05-28T18:46:45.361+0000] {spark_submit.py:490} INFO - numExecutors            null
[2025-05-28T18:46:45.361+0000] {spark_submit.py:490} INFO - files                   null
[2025-05-28T18:46:45.361+0000] {spark_submit.py:490} INFO - pyFiles                 null
[2025-05-28T18:46:45.362+0000] {spark_submit.py:490} INFO - archives                null
[2025-05-28T18:46:45.362+0000] {spark_submit.py:490} INFO - mainClass               null
[2025-05-28T18:46:45.362+0000] {spark_submit.py:490} INFO - primaryResource         file:/opt/***/dags/spark_scripts/process_raw_trn.py
[2025-05-28T18:46:45.364+0000] {spark_submit.py:490} INFO - name                    CSV2Parquet
[2025-05-28T18:46:45.364+0000] {spark_submit.py:490} INFO - childArgs               []
[2025-05-28T18:46:45.364+0000] {spark_submit.py:490} INFO - jars                    null
[2025-05-28T18:46:45.364+0000] {spark_submit.py:490} INFO - packages                null
[2025-05-28T18:46:45.365+0000] {spark_submit.py:490} INFO - packagesExclusions      null
[2025-05-28T18:46:45.365+0000] {spark_submit.py:490} INFO - repositories            null
[2025-05-28T18:46:45.365+0000] {spark_submit.py:490} INFO - verbose                 true
[2025-05-28T18:46:45.365+0000] {spark_submit.py:490} INFO - 
[2025-05-28T18:46:45.365+0000] {spark_submit.py:490} INFO - Spark properties used, including those specified through
[2025-05-28T18:46:45.366+0000] {spark_submit.py:490} INFO - --conf and those from the properties file null:
[2025-05-28T18:46:45.366+0000] {spark_submit.py:490} INFO - (spark.driver.memory,1g)
[2025-05-28T18:46:45.366+0000] {spark_submit.py:490} INFO - 
[2025-05-28T18:46:45.366+0000] {spark_submit.py:490} INFO - 
[2025-05-28T18:46:46.396+0000] {spark_submit.py:490} INFO - Main class:
[2025-05-28T18:46:46.398+0000] {spark_submit.py:490} INFO - org.apache.spark.deploy.PythonRunner
[2025-05-28T18:46:46.400+0000] {spark_submit.py:490} INFO - Arguments:
[2025-05-28T18:46:46.400+0000] {spark_submit.py:490} INFO - file:/opt/***/dags/spark_scripts/process_raw_trn.py
[2025-05-28T18:46:46.401+0000] {spark_submit.py:490} INFO - null
[2025-05-28T18:46:46.405+0000] {spark_submit.py:490} INFO - Spark config:
[2025-05-28T18:46:46.405+0000] {spark_submit.py:490} INFO - (spark.app.name,CSV2Parquet)
[2025-05-28T18:46:46.406+0000] {spark_submit.py:490} INFO - (spark.app.submitTime,1748458006380)
[2025-05-28T18:46:46.406+0000] {spark_submit.py:490} INFO - (spark.driver.memory,1g)
[2025-05-28T18:46:46.406+0000] {spark_submit.py:490} INFO - (spark.executor.cores,1)
[2025-05-28T18:46:46.406+0000] {spark_submit.py:490} INFO - (spark.executor.memory,1g)
[2025-05-28T18:46:46.406+0000] {spark_submit.py:490} INFO - (spark.master,spark-master:7077)
[2025-05-28T18:46:46.407+0000] {spark_submit.py:490} INFO - (spark.submit.deployMode,client)
[2025-05-28T18:46:46.407+0000] {spark_submit.py:490} INFO - (spark.submit.pyFiles,)
[2025-05-28T18:46:46.407+0000] {spark_submit.py:490} INFO - Classpath elements:
[2025-05-28T18:46:46.407+0000] {spark_submit.py:490} INFO - 
[2025-05-28T18:46:46.408+0000] {spark_submit.py:490} INFO - 
[2025-05-28T18:46:46.409+0000] {spark_submit.py:490} INFO - 
[2025-05-28T18:46:47.138+0000] {spark_submit.py:490} INFO - python3: can't open file '/opt/***/dags/spark_scripts/process_raw_trn.py': [Errno 2] No such file or directory
[2025-05-28T18:46:47.181+0000] {spark_submit.py:490} INFO - 25/05/28 18:46:47 INFO ShutdownHookManager: Shutdown hook called
[2025-05-28T18:46:47.183+0000] {spark_submit.py:490} INFO - 25/05/28 18:46:47 INFO ShutdownHookManager: Deleting directory /tmp/spark-0bf9c143-f6d4-4d95-85a2-040d0b4fd82b
[2025-05-28T18:46:47.410+0000] {taskinstance.py:1824} ERROR - Task failed with exception
Traceback (most recent call last):
  File "/home/airflow/.local/lib/python3.7/site-packages/airflow/providers/apache/spark/operators/spark_submit.py", line 157, in execute
    self._hook.submit(self._application)
  File "/home/airflow/.local/lib/python3.7/site-packages/airflow/providers/apache/spark/hooks/spark_submit.py", line 422, in submit
    f"Cannot execute: {self._mask_cmd(spark_submit_cmd)}. Error code is: {returncode}."
airflow.exceptions.AirflowException: Cannot execute: spark-submit --master spark-master:7077 --executor-cores 1 --executor-memory 1g --driver-memory 1g --name CSV2Parquet --verbose /opt/***/dags/spark_scripts/process_raw_trn.py. Error code is: 2.
[2025-05-28T18:46:47.472+0000] {taskinstance.py:1350} INFO - Marking task as UP_FOR_RETRY. dag_id=mrp_colors_csv_to_parquet, task_id=run_spark_csv2parquet, execution_date=20250528T184345, start_date=20250528T184638, end_date=20250528T184647
[2025-05-28T18:46:47.548+0000] {standard_task_runner.py:109} ERROR - Failed to execute job 41 for task run_spark_csv2parquet (Cannot execute: spark-submit --master spark-master:7077 --executor-cores 1 --executor-memory 1g --driver-memory 1g --name CSV2Parquet --verbose /opt/***/dags/spark_scripts/process_raw_trn.py. Error code is: 2.; 260)
[2025-05-28T18:46:47.635+0000] {local_task_job_runner.py:225} INFO - Task exited with return code 1
[2025-05-28T18:46:47.786+0000] {taskinstance.py:2653} INFO - 0 downstream tasks scheduled from follow-on schedule check
