[2025-05-28T18:22:01.761+0000] {taskinstance.py:1103} INFO - Dependencies all met for dep_context=non-requeueable deps ti=<TaskInstance: mrp_colors_csv_to_parquet.run_spark_csv2parquet manual__2025-05-28T18:21:48.274387+00:00 [queued]>
[2025-05-28T18:22:01.766+0000] {taskinstance.py:1103} INFO - Dependencies all met for dep_context=requeueable deps ti=<TaskInstance: mrp_colors_csv_to_parquet.run_spark_csv2parquet manual__2025-05-28T18:21:48.274387+00:00 [queued]>
[2025-05-28T18:22:01.767+0000] {taskinstance.py:1308} INFO - Starting attempt 1 of 2
[2025-05-28T18:22:01.776+0000] {taskinstance.py:1327} INFO - Executing <Task(SparkSubmitOperator): run_spark_csv2parquet> on 2025-05-28 18:21:48.274387+00:00
[2025-05-28T18:22:01.780+0000] {standard_task_runner.py:57} INFO - Started process 176 to run task
[2025-05-28T18:22:01.783+0000] {standard_task_runner.py:84} INFO - Running: ['***', 'tasks', 'run', 'mrp_colors_csv_to_parquet', 'run_spark_csv2parquet', 'manual__2025-05-28T18:21:48.274387+00:00', '--job-id', '32', '--raw', '--subdir', 'DAGS_FOLDER/pl_spark_mrp_colors.py', '--cfg-path', '/tmp/tmpsdyjgjj7']
[2025-05-28T18:22:01.785+0000] {standard_task_runner.py:85} INFO - Job 32: Subtask run_spark_csv2parquet
[2025-05-28T18:22:01.819+0000] {task_command.py:410} INFO - Running <TaskInstance: mrp_colors_csv_to_parquet.run_spark_csv2parquet manual__2025-05-28T18:21:48.274387+00:00 [running]> on host b951506c3e56
[2025-05-28T18:22:01.879+0000] {taskinstance.py:1547} INFO - Exporting env vars: AIRFLOW_CTX_DAG_OWNER='***' AIRFLOW_CTX_DAG_ID='mrp_colors_csv_to_parquet' AIRFLOW_CTX_TASK_ID='run_spark_csv2parquet' AIRFLOW_CTX_EXECUTION_DATE='2025-05-28T18:21:48.274387+00:00' AIRFLOW_CTX_TRY_NUMBER='1' AIRFLOW_CTX_DAG_RUN_ID='manual__2025-05-28T18:21:48.274387+00:00'
[2025-05-28T18:22:01.881+0000] {base.py:73} INFO - Using connection ID 'spark_default' for task execution.
[2025-05-28T18:22:01.881+0000] {spark_submit.py:339} INFO - Spark-Submit cmd: spark-submit --master spark-master:7077 --executor-cores 1 --executor-memory 1g --driver-memory 1g --name CSV2Parquet --verbose /opt/***/dags/spark_scripts/process_raw_trn.py
[2025-05-28T18:22:01.973+0000] {spark_submit.py:490} INFO - /home/***/.local/lib/python3.7/site-packages/pyspark/bin/load-spark-env.sh: line 68: ps: command not found
[2025-05-28T18:22:01.976+0000] {spark_submit.py:490} INFO - JAVA_HOME is not set
[2025-05-28T18:22:01.985+0000] {taskinstance.py:1824} ERROR - Task failed with exception
Traceback (most recent call last):
  File "/home/airflow/.local/lib/python3.7/site-packages/airflow/providers/apache/spark/operators/spark_submit.py", line 157, in execute
    self._hook.submit(self._application)
  File "/home/airflow/.local/lib/python3.7/site-packages/airflow/providers/apache/spark/hooks/spark_submit.py", line 422, in submit
    f"Cannot execute: {self._mask_cmd(spark_submit_cmd)}. Error code is: {returncode}."
airflow.exceptions.AirflowException: Cannot execute: spark-submit --master spark-master:7077 --executor-cores 1 --executor-memory 1g --driver-memory 1g --name CSV2Parquet --verbose /opt/***/dags/spark_scripts/process_raw_trn.py. Error code is: 1.
[2025-05-28T18:22:01.989+0000] {taskinstance.py:1350} INFO - Marking task as UP_FOR_RETRY. dag_id=mrp_colors_csv_to_parquet, task_id=run_spark_csv2parquet, execution_date=20250528T182148, start_date=20250528T182201, end_date=20250528T182201
[2025-05-28T18:22:01.999+0000] {standard_task_runner.py:109} ERROR - Failed to execute job 32 for task run_spark_csv2parquet (Cannot execute: spark-submit --master spark-master:7077 --executor-cores 1 --executor-memory 1g --driver-memory 1g --name CSV2Parquet --verbose /opt/***/dags/spark_scripts/process_raw_trn.py. Error code is: 1.; 176)
[2025-05-28T18:22:02.051+0000] {local_task_job_runner.py:225} INFO - Task exited with return code 1
[2025-05-28T18:22:02.081+0000] {taskinstance.py:2653} INFO - 0 downstream tasks scheduled from follow-on schedule check
