[2025-05-28T18:30:52.312+0000] {taskinstance.py:1103} INFO - Dependencies all met for dep_context=non-requeueable deps ti=<TaskInstance: mrp_colors_csv_to_parquet.run_spark_csv2parquet manual__2025-05-28T18:21:48.274387+00:00 [queued]>
[2025-05-28T18:30:52.334+0000] {taskinstance.py:1103} INFO - Dependencies all met for dep_context=requeueable deps ti=<TaskInstance: mrp_colors_csv_to_parquet.run_spark_csv2parquet manual__2025-05-28T18:21:48.274387+00:00 [queued]>
[2025-05-28T18:30:52.335+0000] {taskinstance.py:1308} INFO - Starting attempt 2 of 2
[2025-05-28T18:30:52.389+0000] {taskinstance.py:1327} INFO - Executing <Task(SparkSubmitOperator): run_spark_csv2parquet> on 2025-05-28 18:21:48.274387+00:00
[2025-05-28T18:30:52.403+0000] {standard_task_runner.py:57} INFO - Started process 169 to run task
[2025-05-28T18:30:52.422+0000] {standard_task_runner.py:84} INFO - Running: ['***', 'tasks', 'run', 'mrp_colors_csv_to_parquet', 'run_spark_csv2parquet', 'manual__2025-05-28T18:21:48.274387+00:00', '--job-id', '34', '--raw', '--subdir', 'DAGS_FOLDER/pl_spark_mrp_colors.py', '--cfg-path', '/tmp/tmp_kt9p1mk']
[2025-05-28T18:30:52.428+0000] {standard_task_runner.py:85} INFO - Job 34: Subtask run_spark_csv2parquet
[2025-05-28T18:30:52.597+0000] {task_command.py:410} INFO - Running <TaskInstance: mrp_colors_csv_to_parquet.run_spark_csv2parquet manual__2025-05-28T18:21:48.274387+00:00 [running]> on host 138222addb2d
[2025-05-28T18:30:52.774+0000] {taskinstance.py:1547} INFO - Exporting env vars: AIRFLOW_CTX_DAG_OWNER='***' AIRFLOW_CTX_DAG_ID='mrp_colors_csv_to_parquet' AIRFLOW_CTX_TASK_ID='run_spark_csv2parquet' AIRFLOW_CTX_EXECUTION_DATE='2025-05-28T18:21:48.274387+00:00' AIRFLOW_CTX_TRY_NUMBER='2' AIRFLOW_CTX_DAG_RUN_ID='manual__2025-05-28T18:21:48.274387+00:00'
[2025-05-28T18:30:52.776+0000] {base.py:73} INFO - Using connection ID 'spark_default' for task execution.
[2025-05-28T18:30:52.778+0000] {spark_submit.py:339} INFO - Spark-Submit cmd: spark-submit --master spark-master:7077 --executor-cores 1 --executor-memory 1g --driver-memory 1g --name CSV2Parquet --verbose /opt/***/dags/spark_scripts/process_raw_trn.py
[2025-05-28T18:30:52.847+0000] {spark_submit.py:490} INFO - /opt/spark/bin/spark-class: line 71: /usr/lib/jvm/java-11-openjdk-amd64/bin/java: No such file or directory
[2025-05-28T18:30:52.853+0000] {spark_submit.py:490} INFO - /opt/spark/bin/spark-class: line 96: CMD: bad array subscript
[2025-05-28T18:30:52.898+0000] {taskinstance.py:1824} ERROR - Task failed with exception
Traceback (most recent call last):
  File "/home/airflow/.local/lib/python3.7/site-packages/airflow/providers/apache/spark/operators/spark_submit.py", line 157, in execute
    self._hook.submit(self._application)
  File "/home/airflow/.local/lib/python3.7/site-packages/airflow/providers/apache/spark/hooks/spark_submit.py", line 422, in submit
    f"Cannot execute: {self._mask_cmd(spark_submit_cmd)}. Error code is: {returncode}."
airflow.exceptions.AirflowException: Cannot execute: spark-submit --master spark-master:7077 --executor-cores 1 --executor-memory 1g --driver-memory 1g --name CSV2Parquet --verbose /opt/***/dags/spark_scripts/process_raw_trn.py. Error code is: 1.
[2025-05-28T18:30:52.912+0000] {taskinstance.py:1350} INFO - Marking task as FAILED. dag_id=mrp_colors_csv_to_parquet, task_id=run_spark_csv2parquet, execution_date=20250528T182148, start_date=20250528T183052, end_date=20250528T183052
[2025-05-28T18:30:52.955+0000] {standard_task_runner.py:109} ERROR - Failed to execute job 34 for task run_spark_csv2parquet (Cannot execute: spark-submit --master spark-master:7077 --executor-cores 1 --executor-memory 1g --driver-memory 1g --name CSV2Parquet --verbose /opt/***/dags/spark_scripts/process_raw_trn.py. Error code is: 1.; 169)
[2025-05-28T18:30:52.968+0000] {local_task_job_runner.py:225} INFO - Task exited with return code 1
[2025-05-28T18:30:53.023+0000] {taskinstance.py:2653} INFO - 0 downstream tasks scheduled from follow-on schedule check
