[2025-05-28T19:19:57.899+0000] {taskinstance.py:1103} INFO - Dependencies all met for dep_context=non-requeueable deps ti=<TaskInstance: mrp_colors_csv_to_parquet.run_spark_csv2parquet manual__2025-05-28T19:19:56.928300+00:00 [queued]>
[2025-05-28T19:19:57.904+0000] {taskinstance.py:1103} INFO - Dependencies all met for dep_context=requeueable deps ti=<TaskInstance: mrp_colors_csv_to_parquet.run_spark_csv2parquet manual__2025-05-28T19:19:56.928300+00:00 [queued]>
[2025-05-28T19:19:57.905+0000] {taskinstance.py:1308} INFO - Starting attempt 1 of 2
[2025-05-28T19:19:57.914+0000] {taskinstance.py:1327} INFO - Executing <Task(SparkSubmitOperator): run_spark_csv2parquet> on 2025-05-28 19:19:56.928300+00:00
[2025-05-28T19:19:57.918+0000] {standard_task_runner.py:57} INFO - Started process 303 to run task
[2025-05-28T19:19:57.921+0000] {standard_task_runner.py:84} INFO - Running: ['***', 'tasks', 'run', 'mrp_colors_csv_to_parquet', 'run_spark_csv2parquet', 'manual__2025-05-28T19:19:56.928300+00:00', '--job-id', '60', '--raw', '--subdir', 'DAGS_FOLDER/pl_spark_mrp_colors.py', '--cfg-path', '/tmp/tmp_mxrslj5']
[2025-05-28T19:19:57.923+0000] {standard_task_runner.py:85} INFO - Job 60: Subtask run_spark_csv2parquet
[2025-05-28T19:19:58.071+0000] {task_command.py:410} INFO - Running <TaskInstance: mrp_colors_csv_to_parquet.run_spark_csv2parquet manual__2025-05-28T19:19:56.928300+00:00 [running]> on host eaf4f15a0767
[2025-05-28T19:19:58.136+0000] {taskinstance.py:1547} INFO - Exporting env vars: AIRFLOW_CTX_DAG_OWNER='***' AIRFLOW_CTX_DAG_ID='mrp_colors_csv_to_parquet' AIRFLOW_CTX_TASK_ID='run_spark_csv2parquet' AIRFLOW_CTX_EXECUTION_DATE='2025-05-28T19:19:56.928300+00:00' AIRFLOW_CTX_TRY_NUMBER='1' AIRFLOW_CTX_DAG_RUN_ID='manual__2025-05-28T19:19:56.928300+00:00'
[2025-05-28T19:19:58.138+0000] {base.py:73} INFO - Using connection ID 'spark_default' for task execution.
[2025-05-28T19:19:58.138+0000] {spark_submit.py:339} INFO - Spark-Submit cmd: spark-submit --master spark-master:7077 --name arrow-spark --verbose /opt/***/spark/scripts/process_raw_trn.py
[2025-05-28T19:19:59.243+0000] {spark_submit.py:490} INFO - Using properties file: null
[2025-05-28T19:19:59.311+0000] {spark_submit.py:490} INFO - Parsed arguments:
[2025-05-28T19:19:59.312+0000] {spark_submit.py:490} INFO - master                  spark-master:7077
[2025-05-28T19:19:59.312+0000] {spark_submit.py:490} INFO - deployMode              null
[2025-05-28T19:19:59.312+0000] {spark_submit.py:490} INFO - executorMemory          null
[2025-05-28T19:19:59.312+0000] {spark_submit.py:490} INFO - executorCores           null
[2025-05-28T19:19:59.312+0000] {spark_submit.py:490} INFO - totalExecutorCores      null
[2025-05-28T19:19:59.313+0000] {spark_submit.py:490} INFO - propertiesFile          null
[2025-05-28T19:19:59.313+0000] {spark_submit.py:490} INFO - driverMemory            null
[2025-05-28T19:19:59.313+0000] {spark_submit.py:490} INFO - driverCores             null
[2025-05-28T19:19:59.313+0000] {spark_submit.py:490} INFO - driverExtraClassPath    null
[2025-05-28T19:19:59.313+0000] {spark_submit.py:490} INFO - driverExtraLibraryPath  null
[2025-05-28T19:19:59.313+0000] {spark_submit.py:490} INFO - driverExtraJavaOptions  null
[2025-05-28T19:19:59.313+0000] {spark_submit.py:490} INFO - supervise               false
[2025-05-28T19:19:59.314+0000] {spark_submit.py:490} INFO - queue                   null
[2025-05-28T19:19:59.314+0000] {spark_submit.py:490} INFO - numExecutors            null
[2025-05-28T19:19:59.314+0000] {spark_submit.py:490} INFO - files                   null
[2025-05-28T19:19:59.314+0000] {spark_submit.py:490} INFO - pyFiles                 null
[2025-05-28T19:19:59.314+0000] {spark_submit.py:490} INFO - archives                null
[2025-05-28T19:19:59.314+0000] {spark_submit.py:490} INFO - mainClass               null
[2025-05-28T19:19:59.315+0000] {spark_submit.py:490} INFO - primaryResource         file:/opt/***/spark/scripts/process_raw_trn.py
[2025-05-28T19:19:59.315+0000] {spark_submit.py:490} INFO - name                    arrow-spark
[2025-05-28T19:19:59.315+0000] {spark_submit.py:490} INFO - childArgs               []
[2025-05-28T19:19:59.315+0000] {spark_submit.py:490} INFO - jars                    null
[2025-05-28T19:19:59.315+0000] {spark_submit.py:490} INFO - packages                null
[2025-05-28T19:19:59.315+0000] {spark_submit.py:490} INFO - packagesExclusions      null
[2025-05-28T19:19:59.316+0000] {spark_submit.py:490} INFO - repositories            null
[2025-05-28T19:19:59.316+0000] {spark_submit.py:490} INFO - verbose                 true
[2025-05-28T19:19:59.316+0000] {spark_submit.py:490} INFO - 
[2025-05-28T19:19:59.316+0000] {spark_submit.py:490} INFO - Spark properties used, including those specified through
[2025-05-28T19:19:59.316+0000] {spark_submit.py:490} INFO - --conf and those from the properties file null:
[2025-05-28T19:19:59.316+0000] {spark_submit.py:490} INFO - 
[2025-05-28T19:19:59.316+0000] {spark_submit.py:490} INFO - 
[2025-05-28T19:19:59.316+0000] {spark_submit.py:490} INFO - 
[2025-05-28T19:19:59.479+0000] {spark_submit.py:490} INFO - Main class:
[2025-05-28T19:19:59.480+0000] {spark_submit.py:490} INFO - org.apache.spark.deploy.PythonRunner
[2025-05-28T19:19:59.480+0000] {spark_submit.py:490} INFO - Arguments:
[2025-05-28T19:19:59.480+0000] {spark_submit.py:490} INFO - file:/opt/***/spark/scripts/process_raw_trn.py
[2025-05-28T19:19:59.480+0000] {spark_submit.py:490} INFO - null
[2025-05-28T19:19:59.481+0000] {spark_submit.py:490} INFO - Spark config:
[2025-05-28T19:19:59.482+0000] {spark_submit.py:490} INFO - (spark.app.name,arrow-spark)
[2025-05-28T19:19:59.482+0000] {spark_submit.py:490} INFO - (spark.app.submitTime,1748459999470)
[2025-05-28T19:19:59.482+0000] {spark_submit.py:490} INFO - (spark.master,spark-master:7077)
[2025-05-28T19:19:59.482+0000] {spark_submit.py:490} INFO - (spark.submit.deployMode,client)
[2025-05-28T19:19:59.482+0000] {spark_submit.py:490} INFO - (spark.submit.pyFiles,)
[2025-05-28T19:19:59.483+0000] {spark_submit.py:490} INFO - Classpath elements:
[2025-05-28T19:19:59.483+0000] {spark_submit.py:490} INFO - 
[2025-05-28T19:19:59.483+0000] {spark_submit.py:490} INFO - 
[2025-05-28T19:19:59.483+0000] {spark_submit.py:490} INFO - 
[2025-05-28T19:19:59.988+0000] {spark_submit.py:490} INFO - 25/05/28 19:19:59 INFO SparkContext: Running Spark version 3.3.1
[2025-05-28T19:20:00.055+0000] {spark_submit.py:490} INFO - 25/05/28 19:20:00 WARN NativeCodeLoader: Unable to load native-hadoop library for your platform... using builtin-java classes where applicable
[2025-05-28T19:20:00.114+0000] {spark_submit.py:490} INFO - 25/05/28 19:20:00 INFO ResourceUtils: ==============================================================
[2025-05-28T19:20:00.114+0000] {spark_submit.py:490} INFO - 25/05/28 19:20:00 INFO ResourceUtils: No custom resources configured for spark.driver.
[2025-05-28T19:20:00.114+0000] {spark_submit.py:490} INFO - 25/05/28 19:20:00 INFO ResourceUtils: ==============================================================
[2025-05-28T19:20:00.115+0000] {spark_submit.py:490} INFO - 25/05/28 19:20:00 INFO SparkContext: Submitted application: CSV2Parquet
[2025-05-28T19:20:00.128+0000] {spark_submit.py:490} INFO - 25/05/28 19:20:00 INFO ResourceProfile: Default ResourceProfile created, executor resources: Map(cores -> name: cores, amount: 1, script: , vendor: , memory -> name: memory, amount: 1024, script: , vendor: , offHeap -> name: offHeap, amount: 0, script: , vendor: ), task resources: Map(cpus -> name: cpus, amount: 1.0)
[2025-05-28T19:20:00.135+0000] {spark_submit.py:490} INFO - 25/05/28 19:20:00 INFO ResourceProfile: Limiting resource is cpu
[2025-05-28T19:20:00.136+0000] {spark_submit.py:490} INFO - 25/05/28 19:20:00 INFO ResourceProfileManager: Added ResourceProfile id: 0
[2025-05-28T19:20:00.162+0000] {spark_submit.py:490} INFO - 25/05/28 19:20:00 INFO SecurityManager: Changing view acls to: ***
[2025-05-28T19:20:00.163+0000] {spark_submit.py:490} INFO - 25/05/28 19:20:00 INFO SecurityManager: Changing modify acls to: ***
[2025-05-28T19:20:00.163+0000] {spark_submit.py:490} INFO - 25/05/28 19:20:00 INFO SecurityManager: Changing view acls groups to:
[2025-05-28T19:20:00.163+0000] {spark_submit.py:490} INFO - 25/05/28 19:20:00 INFO SecurityManager: Changing modify acls groups to:
[2025-05-28T19:20:00.164+0000] {spark_submit.py:490} INFO - 25/05/28 19:20:00 INFO SecurityManager: SecurityManager: authentication disabled; ui acls disabled; users  with view permissions: Set(***); groups with view permissions: Set(); users  with modify permissions: Set(***); groups with modify permissions: Set()
[2025-05-28T19:20:00.346+0000] {spark_submit.py:490} INFO - 25/05/28 19:20:00 INFO Utils: Successfully started service 'sparkDriver' on port 33081.
[2025-05-28T19:20:00.368+0000] {spark_submit.py:490} INFO - 25/05/28 19:20:00 INFO SparkEnv: Registering MapOutputTracker
[2025-05-28T19:20:00.410+0000] {spark_submit.py:490} INFO - 25/05/28 19:20:00 INFO SparkEnv: Registering BlockManagerMaster
[2025-05-28T19:20:00.447+0000] {spark_submit.py:490} INFO - 25/05/28 19:20:00 INFO BlockManagerMasterEndpoint: Using org.apache.spark.storage.DefaultTopologyMapper for getting topology information
[2025-05-28T19:20:00.447+0000] {spark_submit.py:490} INFO - 25/05/28 19:20:00 INFO BlockManagerMasterEndpoint: BlockManagerMasterEndpoint up
[2025-05-28T19:20:00.451+0000] {spark_submit.py:490} INFO - 25/05/28 19:20:00 INFO SparkEnv: Registering BlockManagerMasterHeartbeat
[2025-05-28T19:20:00.495+0000] {spark_submit.py:490} INFO - 25/05/28 19:20:00 INFO DiskBlockManager: Created local directory at /tmp/blockmgr-bbf1d49f-cc34-4016-addd-c906a796ca24
[2025-05-28T19:20:00.523+0000] {spark_submit.py:490} INFO - 25/05/28 19:20:00 INFO MemoryStore: MemoryStore started with capacity 434.4 MiB
[2025-05-28T19:20:00.535+0000] {spark_submit.py:490} INFO - 25/05/28 19:20:00 INFO SparkEnv: Registering OutputCommitCoordinator
[2025-05-28T19:20:00.715+0000] {spark_submit.py:490} INFO - 25/05/28 19:20:00 INFO Utils: Successfully started service 'SparkUI' on port 4040.
[2025-05-28T19:20:00.785+0000] {spark_submit.py:490} INFO - 25/05/28 19:20:00 ERROR SparkContext: Error initializing SparkContext.
[2025-05-28T19:20:00.785+0000] {spark_submit.py:490} INFO - org.apache.spark.SparkException: Could not parse Master URL: 'spark-master:7077'
[2025-05-28T19:20:00.786+0000] {spark_submit.py:490} INFO - at org.apache.spark.SparkContext$.org$apache$spark$SparkContext$$createTaskScheduler(SparkContext.scala:2982)
[2025-05-28T19:20:00.786+0000] {spark_submit.py:490} INFO - at org.apache.spark.SparkContext.<init>(SparkContext.scala:563)
[2025-05-28T19:20:00.787+0000] {spark_submit.py:490} INFO - at org.apache.spark.api.java.JavaSparkContext.<init>(JavaSparkContext.scala:58)
[2025-05-28T19:20:00.787+0000] {spark_submit.py:490} INFO - at java.base/jdk.internal.reflect.NativeConstructorAccessorImpl.newInstance0(Native Method)
[2025-05-28T19:20:00.787+0000] {spark_submit.py:490} INFO - at java.base/jdk.internal.reflect.NativeConstructorAccessorImpl.newInstance(NativeConstructorAccessorImpl.java:62)
[2025-05-28T19:20:00.787+0000] {spark_submit.py:490} INFO - at java.base/jdk.internal.reflect.DelegatingConstructorAccessorImpl.newInstance(DelegatingConstructorAccessorImpl.java:45)
[2025-05-28T19:20:00.787+0000] {spark_submit.py:490} INFO - at java.base/java.lang.reflect.Constructor.newInstance(Constructor.java:490)
[2025-05-28T19:20:00.788+0000] {spark_submit.py:490} INFO - at py4j.reflection.MethodInvoker.invoke(MethodInvoker.java:247)
[2025-05-28T19:20:00.788+0000] {spark_submit.py:490} INFO - at py4j.reflection.ReflectionEngine.invoke(ReflectionEngine.java:357)
[2025-05-28T19:20:00.788+0000] {spark_submit.py:490} INFO - at py4j.Gateway.invoke(Gateway.java:238)
[2025-05-28T19:20:00.788+0000] {spark_submit.py:490} INFO - at py4j.commands.ConstructorCommand.invokeConstructor(ConstructorCommand.java:80)
[2025-05-28T19:20:00.789+0000] {spark_submit.py:490} INFO - at py4j.commands.ConstructorCommand.execute(ConstructorCommand.java:69)
[2025-05-28T19:20:00.789+0000] {spark_submit.py:490} INFO - at py4j.ClientServerConnection.waitForCommands(ClientServerConnection.java:182)
[2025-05-28T19:20:00.789+0000] {spark_submit.py:490} INFO - at py4j.ClientServerConnection.run(ClientServerConnection.java:106)
[2025-05-28T19:20:00.790+0000] {spark_submit.py:490} INFO - at java.base/java.lang.Thread.run(Thread.java:829)
[2025-05-28T19:20:00.798+0000] {spark_submit.py:490} INFO - 25/05/28 19:20:00 INFO SparkUI: Stopped Spark web UI at http://eaf4f15a0767:4040
[2025-05-28T19:20:00.826+0000] {spark_submit.py:490} INFO - 25/05/28 19:20:00 INFO MapOutputTrackerMasterEndpoint: MapOutputTrackerMasterEndpoint stopped!
[2025-05-28T19:20:00.851+0000] {spark_submit.py:490} INFO - 25/05/28 19:20:00 INFO MemoryStore: MemoryStore cleared
[2025-05-28T19:20:00.852+0000] {spark_submit.py:490} INFO - 25/05/28 19:20:00 INFO BlockManager: BlockManager stopped
[2025-05-28T19:20:00.862+0000] {spark_submit.py:490} INFO - 25/05/28 19:20:00 INFO BlockManagerMaster: BlockManagerMaster stopped
[2025-05-28T19:20:00.863+0000] {spark_submit.py:490} INFO - 25/05/28 19:20:00 WARN MetricsSystem: Stopping a MetricsSystem that is not running
[2025-05-28T19:20:00.865+0000] {spark_submit.py:490} INFO - 25/05/28 19:20:00 INFO OutputCommitCoordinator$OutputCommitCoordinatorEndpoint: OutputCommitCoordinator stopped!
[2025-05-28T19:20:00.909+0000] {spark_submit.py:490} INFO - 25/05/28 19:20:00 INFO SparkContext: Successfully stopped SparkContext
[2025-05-28T19:20:00.909+0000] {spark_submit.py:490} INFO - Traceback (most recent call last):
[2025-05-28T19:20:00.910+0000] {spark_submit.py:490} INFO - File "/opt/***/spark/scripts/process_raw_trn.py", line 54, in <module>
[2025-05-28T19:20:00.911+0000] {spark_submit.py:490} INFO - main()
[2025-05-28T19:20:00.911+0000] {spark_submit.py:490} INFO - File "/opt/***/spark/scripts/process_raw_trn.py", line 31, in main
[2025-05-28T19:20:00.911+0000] {spark_submit.py:490} INFO - spark = SparkSession.builder.appName("CSV2Parquet").getOrCreate()
[2025-05-28T19:20:00.912+0000] {spark_submit.py:490} INFO - File "/opt/spark/python/lib/pyspark.zip/pyspark/sql/session.py", line 269, in getOrCreate
[2025-05-28T19:20:00.912+0000] {spark_submit.py:490} INFO - File "/opt/spark/python/lib/pyspark.zip/pyspark/context.py", line 483, in getOrCreate
[2025-05-28T19:20:00.912+0000] {spark_submit.py:490} INFO - File "/opt/spark/python/lib/pyspark.zip/pyspark/context.py", line 208, in __init__
[2025-05-28T19:20:00.913+0000] {spark_submit.py:490} INFO - File "/opt/spark/python/lib/pyspark.zip/pyspark/context.py", line 282, in _do_init
[2025-05-28T19:20:00.913+0000] {spark_submit.py:490} INFO - File "/opt/spark/python/lib/pyspark.zip/pyspark/context.py", line 402, in _initialize_context
[2025-05-28T19:20:00.913+0000] {spark_submit.py:490} INFO - File "/opt/spark/python/lib/py4j-0.10.9.5-src.zip/py4j/java_gateway.py", line 1586, in __call__
[2025-05-28T19:20:00.913+0000] {spark_submit.py:490} INFO - File "/opt/spark/python/lib/py4j-0.10.9.5-src.zip/py4j/protocol.py", line 328, in get_return_value
[2025-05-28T19:20:00.914+0000] {spark_submit.py:490} INFO - py4j.protocol.Py4JJavaError: An error occurred while calling None.org.apache.spark.api.java.JavaSparkContext.
[2025-05-28T19:20:00.914+0000] {spark_submit.py:490} INFO - : org.apache.spark.SparkException: Could not parse Master URL: 'spark-master:7077'
[2025-05-28T19:20:00.914+0000] {spark_submit.py:490} INFO - at org.apache.spark.SparkContext$.org$apache$spark$SparkContext$$createTaskScheduler(SparkContext.scala:2982)
[2025-05-28T19:20:00.914+0000] {spark_submit.py:490} INFO - at org.apache.spark.SparkContext.<init>(SparkContext.scala:563)
[2025-05-28T19:20:00.915+0000] {spark_submit.py:490} INFO - at org.apache.spark.api.java.JavaSparkContext.<init>(JavaSparkContext.scala:58)
[2025-05-28T19:20:00.915+0000] {spark_submit.py:490} INFO - at java.base/jdk.internal.reflect.NativeConstructorAccessorImpl.newInstance0(Native Method)
[2025-05-28T19:20:00.916+0000] {spark_submit.py:490} INFO - at java.base/jdk.internal.reflect.NativeConstructorAccessorImpl.newInstance(NativeConstructorAccessorImpl.java:62)
[2025-05-28T19:20:00.916+0000] {spark_submit.py:490} INFO - at java.base/jdk.internal.reflect.DelegatingConstructorAccessorImpl.newInstance(DelegatingConstructorAccessorImpl.java:45)
[2025-05-28T19:20:00.917+0000] {spark_submit.py:490} INFO - at java.base/java.lang.reflect.Constructor.newInstance(Constructor.java:490)
[2025-05-28T19:20:00.917+0000] {spark_submit.py:490} INFO - at py4j.reflection.MethodInvoker.invoke(MethodInvoker.java:247)
[2025-05-28T19:20:00.918+0000] {spark_submit.py:490} INFO - at py4j.reflection.ReflectionEngine.invoke(ReflectionEngine.java:357)
[2025-05-28T19:20:00.918+0000] {spark_submit.py:490} INFO - at py4j.Gateway.invoke(Gateway.java:238)
[2025-05-28T19:20:00.918+0000] {spark_submit.py:490} INFO - at py4j.commands.ConstructorCommand.invokeConstructor(ConstructorCommand.java:80)
[2025-05-28T19:20:00.918+0000] {spark_submit.py:490} INFO - at py4j.commands.ConstructorCommand.execute(ConstructorCommand.java:69)
[2025-05-28T19:20:00.919+0000] {spark_submit.py:490} INFO - at py4j.ClientServerConnection.waitForCommands(ClientServerConnection.java:182)
[2025-05-28T19:20:00.919+0000] {spark_submit.py:490} INFO - at py4j.ClientServerConnection.run(ClientServerConnection.java:106)
[2025-05-28T19:20:00.919+0000] {spark_submit.py:490} INFO - at java.base/java.lang.Thread.run(Thread.java:829)
[2025-05-28T19:20:00.920+0000] {spark_submit.py:490} INFO - 
[2025-05-28T19:20:00.954+0000] {spark_submit.py:490} INFO - 25/05/28 19:20:00 INFO ShutdownHookManager: Shutdown hook called
[2025-05-28T19:20:00.954+0000] {spark_submit.py:490} INFO - 25/05/28 19:20:00 INFO ShutdownHookManager: Deleting directory /tmp/spark-034556bb-fc22-41d1-8aa4-d3d70b93743e
[2025-05-28T19:20:00.977+0000] {spark_submit.py:490} INFO - 25/05/28 19:20:00 INFO ShutdownHookManager: Deleting directory /tmp/spark-dfb1949a-2e8e-4ff3-b7f7-7e4616ccc981
[2025-05-28T19:20:01.069+0000] {taskinstance.py:1824} ERROR - Task failed with exception
Traceback (most recent call last):
  File "/home/airflow/.local/lib/python3.7/site-packages/airflow/providers/apache/spark/operators/spark_submit.py", line 157, in execute
    self._hook.submit(self._application)
  File "/home/airflow/.local/lib/python3.7/site-packages/airflow/providers/apache/spark/hooks/spark_submit.py", line 422, in submit
    f"Cannot execute: {self._mask_cmd(spark_submit_cmd)}. Error code is: {returncode}."
airflow.exceptions.AirflowException: Cannot execute: spark-submit --master spark-master:7077 --name arrow-spark --verbose /opt/***/spark/scripts/process_raw_trn.py. Error code is: 1.
[2025-05-28T19:20:01.074+0000] {taskinstance.py:1350} INFO - Marking task as UP_FOR_RETRY. dag_id=mrp_colors_csv_to_parquet, task_id=run_spark_csv2parquet, execution_date=20250528T191956, start_date=20250528T191957, end_date=20250528T192001
[2025-05-28T19:20:01.087+0000] {standard_task_runner.py:109} ERROR - Failed to execute job 60 for task run_spark_csv2parquet (Cannot execute: spark-submit --master spark-master:7077 --name arrow-spark --verbose /opt/***/spark/scripts/process_raw_trn.py. Error code is: 1.; 303)
[2025-05-28T19:20:01.096+0000] {local_task_job_runner.py:225} INFO - Task exited with return code 1
[2025-05-28T19:20:01.139+0000] {taskinstance.py:2653} INFO - 0 downstream tasks scheduled from follow-on schedule check
