[2025-05-28T18:57:55.020+0000] {taskinstance.py:1103} INFO - Dependencies all met for dep_context=non-requeueable deps ti=<TaskInstance: mrp_colors_csv_to_parquet.run_spark_csv2parquet manual__2025-05-28T18:31:51.625808+00:00 [queued]>
[2025-05-28T18:57:55.026+0000] {taskinstance.py:1103} INFO - Dependencies all met for dep_context=requeueable deps ti=<TaskInstance: mrp_colors_csv_to_parquet.run_spark_csv2parquet manual__2025-05-28T18:31:51.625808+00:00 [queued]>
[2025-05-28T18:57:55.027+0000] {taskinstance.py:1308} INFO - Starting attempt 5 of 6
[2025-05-28T18:57:55.037+0000] {taskinstance.py:1327} INFO - Executing <Task(SparkSubmitOperator): run_spark_csv2parquet> on 2025-05-28 18:31:51.625808+00:00
[2025-05-28T18:57:55.043+0000] {standard_task_runner.py:57} INFO - Started process 174 to run task
[2025-05-28T18:57:55.046+0000] {standard_task_runner.py:84} INFO - Running: ['***', 'tasks', 'run', 'mrp_colors_csv_to_parquet', 'run_spark_csv2parquet', 'manual__2025-05-28T18:31:51.625808+00:00', '--job-id', '46', '--raw', '--subdir', 'DAGS_FOLDER/pl_spark_mrp_colors.py', '--cfg-path', '/tmp/tmp7ndyjl1p']
[2025-05-28T18:57:55.049+0000] {standard_task_runner.py:85} INFO - Job 46: Subtask run_spark_csv2parquet
[2025-05-28T18:57:55.104+0000] {task_command.py:410} INFO - Running <TaskInstance: mrp_colors_csv_to_parquet.run_spark_csv2parquet manual__2025-05-28T18:31:51.625808+00:00 [running]> on host b1889afb6b39
[2025-05-28T18:57:55.169+0000] {taskinstance.py:1547} INFO - Exporting env vars: AIRFLOW_CTX_DAG_OWNER='***' AIRFLOW_CTX_DAG_ID='mrp_colors_csv_to_parquet' AIRFLOW_CTX_TASK_ID='run_spark_csv2parquet' AIRFLOW_CTX_EXECUTION_DATE='2025-05-28T18:31:51.625808+00:00' AIRFLOW_CTX_TRY_NUMBER='5' AIRFLOW_CTX_DAG_RUN_ID='manual__2025-05-28T18:31:51.625808+00:00'
[2025-05-28T18:57:55.171+0000] {base.py:73} INFO - Using connection ID 'spark_default' for task execution.
[2025-05-28T18:57:55.171+0000] {spark_submit.py:339} INFO - Spark-Submit cmd: spark-submit --master spark-master:7077 --executor-cores 1 --executor-memory 1g --driver-memory 1g --name CSV2Parquet --verbose /opt/***/spark/scripts/process_raw_trn.py
[2025-05-28T18:57:56.492+0000] {spark_submit.py:490} INFO - Using properties file: null
[2025-05-28T18:57:56.632+0000] {spark_submit.py:490} INFO - Parsed arguments:
[2025-05-28T18:57:56.633+0000] {spark_submit.py:490} INFO - master                  spark-master:7077
[2025-05-28T18:57:56.633+0000] {spark_submit.py:490} INFO - deployMode              null
[2025-05-28T18:57:56.633+0000] {spark_submit.py:490} INFO - executorMemory          1g
[2025-05-28T18:57:56.633+0000] {spark_submit.py:490} INFO - executorCores           1
[2025-05-28T18:57:56.634+0000] {spark_submit.py:490} INFO - totalExecutorCores      null
[2025-05-28T18:57:56.634+0000] {spark_submit.py:490} INFO - propertiesFile          null
[2025-05-28T18:57:56.634+0000] {spark_submit.py:490} INFO - driverMemory            1g
[2025-05-28T18:57:56.634+0000] {spark_submit.py:490} INFO - driverCores             null
[2025-05-28T18:57:56.634+0000] {spark_submit.py:490} INFO - driverExtraClassPath    null
[2025-05-28T18:57:56.635+0000] {spark_submit.py:490} INFO - driverExtraLibraryPath  null
[2025-05-28T18:57:56.635+0000] {spark_submit.py:490} INFO - driverExtraJavaOptions  null
[2025-05-28T18:57:56.635+0000] {spark_submit.py:490} INFO - supervise               false
[2025-05-28T18:57:56.635+0000] {spark_submit.py:490} INFO - queue                   null
[2025-05-28T18:57:56.636+0000] {spark_submit.py:490} INFO - numExecutors            null
[2025-05-28T18:57:56.636+0000] {spark_submit.py:490} INFO - files                   null
[2025-05-28T18:57:56.636+0000] {spark_submit.py:490} INFO - pyFiles                 null
[2025-05-28T18:57:56.636+0000] {spark_submit.py:490} INFO - archives                null
[2025-05-28T18:57:56.637+0000] {spark_submit.py:490} INFO - mainClass               null
[2025-05-28T18:57:56.637+0000] {spark_submit.py:490} INFO - primaryResource         file:/opt/***/spark/scripts/process_raw_trn.py
[2025-05-28T18:57:56.638+0000] {spark_submit.py:490} INFO - name                    CSV2Parquet
[2025-05-28T18:57:56.638+0000] {spark_submit.py:490} INFO - childArgs               []
[2025-05-28T18:57:56.639+0000] {spark_submit.py:490} INFO - jars                    null
[2025-05-28T18:57:56.639+0000] {spark_submit.py:490} INFO - packages                null
[2025-05-28T18:57:56.639+0000] {spark_submit.py:490} INFO - packagesExclusions      null
[2025-05-28T18:57:56.639+0000] {spark_submit.py:490} INFO - repositories            null
[2025-05-28T18:57:56.640+0000] {spark_submit.py:490} INFO - verbose                 true
[2025-05-28T18:57:56.640+0000] {spark_submit.py:490} INFO - 
[2025-05-28T18:57:56.641+0000] {spark_submit.py:490} INFO - Spark properties used, including those specified through
[2025-05-28T18:57:56.641+0000] {spark_submit.py:490} INFO - --conf and those from the properties file null:
[2025-05-28T18:57:56.641+0000] {spark_submit.py:490} INFO - (spark.driver.memory,1g)
[2025-05-28T18:57:56.641+0000] {spark_submit.py:490} INFO - 
[2025-05-28T18:57:56.642+0000] {spark_submit.py:490} INFO - 
[2025-05-28T18:57:56.883+0000] {spark_submit.py:490} INFO - Main class:
[2025-05-28T18:57:56.884+0000] {spark_submit.py:490} INFO - org.apache.spark.deploy.PythonRunner
[2025-05-28T18:57:56.884+0000] {spark_submit.py:490} INFO - Arguments:
[2025-05-28T18:57:56.884+0000] {spark_submit.py:490} INFO - file:/opt/***/spark/scripts/process_raw_trn.py
[2025-05-28T18:57:56.885+0000] {spark_submit.py:490} INFO - null
[2025-05-28T18:57:56.885+0000] {spark_submit.py:490} INFO - Spark config:
[2025-05-28T18:57:56.886+0000] {spark_submit.py:490} INFO - (spark.app.name,CSV2Parquet)
[2025-05-28T18:57:56.886+0000] {spark_submit.py:490} INFO - (spark.app.submitTime,1748458676874)
[2025-05-28T18:57:56.886+0000] {spark_submit.py:490} INFO - (spark.driver.memory,1g)
[2025-05-28T18:57:56.886+0000] {spark_submit.py:490} INFO - (spark.executor.cores,1)
[2025-05-28T18:57:56.887+0000] {spark_submit.py:490} INFO - (spark.executor.memory,1g)
[2025-05-28T18:57:56.887+0000] {spark_submit.py:490} INFO - (spark.master,spark-master:7077)
[2025-05-28T18:57:56.887+0000] {spark_submit.py:490} INFO - (spark.submit.deployMode,client)
[2025-05-28T18:57:56.887+0000] {spark_submit.py:490} INFO - (spark.submit.pyFiles,)
[2025-05-28T18:57:56.888+0000] {spark_submit.py:490} INFO - Classpath elements:
[2025-05-28T18:57:56.888+0000] {spark_submit.py:490} INFO - 
[2025-05-28T18:57:56.888+0000] {spark_submit.py:490} INFO - 
[2025-05-28T18:57:56.889+0000] {spark_submit.py:490} INFO - 
[2025-05-28T18:57:57.464+0000] {spark_submit.py:490} INFO - 25/05/28 18:57:57 INFO SparkContext: Running Spark version 3.3.1
[2025-05-28T18:57:57.526+0000] {spark_submit.py:490} INFO - 25/05/28 18:57:57 WARN NativeCodeLoader: Unable to load native-hadoop library for your platform... using builtin-java classes where applicable
[2025-05-28T18:57:57.610+0000] {spark_submit.py:490} INFO - 25/05/28 18:57:57 INFO ResourceUtils: ==============================================================
[2025-05-28T18:57:57.611+0000] {spark_submit.py:490} INFO - 25/05/28 18:57:57 INFO ResourceUtils: No custom resources configured for spark.driver.
[2025-05-28T18:57:57.611+0000] {spark_submit.py:490} INFO - 25/05/28 18:57:57 INFO ResourceUtils: ==============================================================
[2025-05-28T18:57:57.611+0000] {spark_submit.py:490} INFO - 25/05/28 18:57:57 INFO SparkContext: Submitted application: CSV2Parquet
[2025-05-28T18:57:57.626+0000] {spark_submit.py:490} INFO - 25/05/28 18:57:57 INFO ResourceProfile: Default ResourceProfile created, executor resources: Map(cores -> name: cores, amount: 1, script: , vendor: , memory -> name: memory, amount: 1024, script: , vendor: , offHeap -> name: offHeap, amount: 0, script: , vendor: ), task resources: Map(cpus -> name: cpus, amount: 1.0)
[2025-05-28T18:57:57.635+0000] {spark_submit.py:490} INFO - 25/05/28 18:57:57 INFO ResourceProfile: Limiting resource is cpus at 1 tasks per executor
[2025-05-28T18:57:57.636+0000] {spark_submit.py:490} INFO - 25/05/28 18:57:57 INFO ResourceProfileManager: Added ResourceProfile id: 0
[2025-05-28T18:57:57.680+0000] {spark_submit.py:490} INFO - 25/05/28 18:57:57 INFO SecurityManager: Changing view acls to: ***
[2025-05-28T18:57:57.681+0000] {spark_submit.py:490} INFO - 25/05/28 18:57:57 INFO SecurityManager: Changing modify acls to: ***
[2025-05-28T18:57:57.681+0000] {spark_submit.py:490} INFO - 25/05/28 18:57:57 INFO SecurityManager: Changing view acls groups to:
[2025-05-28T18:57:57.682+0000] {spark_submit.py:490} INFO - 25/05/28 18:57:57 INFO SecurityManager: Changing modify acls groups to:
[2025-05-28T18:57:57.682+0000] {spark_submit.py:490} INFO - 25/05/28 18:57:57 INFO SecurityManager: SecurityManager: authentication disabled; ui acls disabled; users  with view permissions: Set(***); groups with view permissions: Set(); users  with modify permissions: Set(***); groups with modify permissions: Set()
[2025-05-28T18:57:57.873+0000] {spark_submit.py:490} INFO - 25/05/28 18:57:57 INFO Utils: Successfully started service 'sparkDriver' on port 44261.
[2025-05-28T18:57:57.909+0000] {spark_submit.py:490} INFO - 25/05/28 18:57:57 INFO SparkEnv: Registering MapOutputTracker
[2025-05-28T18:57:57.941+0000] {spark_submit.py:490} INFO - 25/05/28 18:57:57 INFO SparkEnv: Registering BlockManagerMaster
[2025-05-28T18:57:57.955+0000] {spark_submit.py:490} INFO - 25/05/28 18:57:57 INFO BlockManagerMasterEndpoint: Using org.apache.spark.storage.DefaultTopologyMapper for getting topology information
[2025-05-28T18:57:57.956+0000] {spark_submit.py:490} INFO - 25/05/28 18:57:57 INFO BlockManagerMasterEndpoint: BlockManagerMasterEndpoint up
[2025-05-28T18:57:57.961+0000] {spark_submit.py:490} INFO - 25/05/28 18:57:57 INFO SparkEnv: Registering BlockManagerMasterHeartbeat
[2025-05-28T18:57:57.978+0000] {spark_submit.py:490} INFO - 25/05/28 18:57:57 INFO DiskBlockManager: Created local directory at /tmp/blockmgr-2f95d860-79a3-4643-a376-f6feacd572c4
[2025-05-28T18:57:57.989+0000] {spark_submit.py:490} INFO - 25/05/28 18:57:57 INFO MemoryStore: MemoryStore started with capacity 434.4 MiB
[2025-05-28T18:57:58.001+0000] {spark_submit.py:490} INFO - 25/05/28 18:57:58 INFO SparkEnv: Registering OutputCommitCoordinator
[2025-05-28T18:57:58.125+0000] {spark_submit.py:490} INFO - 25/05/28 18:57:58 INFO Utils: Successfully started service 'SparkUI' on port 4040.
[2025-05-28T18:57:58.164+0000] {spark_submit.py:490} INFO - 25/05/28 18:57:58 ERROR SparkContext: Error initializing SparkContext.
[2025-05-28T18:57:58.164+0000] {spark_submit.py:490} INFO - org.apache.spark.SparkException: Could not parse Master URL: 'spark-master:7077'
[2025-05-28T18:57:58.165+0000] {spark_submit.py:490} INFO - at org.apache.spark.SparkContext$.org$apache$spark$SparkContext$$createTaskScheduler(SparkContext.scala:2982)
[2025-05-28T18:57:58.165+0000] {spark_submit.py:490} INFO - at org.apache.spark.SparkContext.<init>(SparkContext.scala:563)
[2025-05-28T18:57:58.165+0000] {spark_submit.py:490} INFO - at org.apache.spark.api.java.JavaSparkContext.<init>(JavaSparkContext.scala:58)
[2025-05-28T18:57:58.165+0000] {spark_submit.py:490} INFO - at java.base/jdk.internal.reflect.NativeConstructorAccessorImpl.newInstance0(Native Method)
[2025-05-28T18:57:58.165+0000] {spark_submit.py:490} INFO - at java.base/jdk.internal.reflect.NativeConstructorAccessorImpl.newInstance(NativeConstructorAccessorImpl.java:62)
[2025-05-28T18:57:58.166+0000] {spark_submit.py:490} INFO - at java.base/jdk.internal.reflect.DelegatingConstructorAccessorImpl.newInstance(DelegatingConstructorAccessorImpl.java:45)
[2025-05-28T18:57:58.166+0000] {spark_submit.py:490} INFO - at java.base/java.lang.reflect.Constructor.newInstance(Constructor.java:490)
[2025-05-28T18:57:58.166+0000] {spark_submit.py:490} INFO - at py4j.reflection.MethodInvoker.invoke(MethodInvoker.java:247)
[2025-05-28T18:57:58.166+0000] {spark_submit.py:490} INFO - at py4j.reflection.ReflectionEngine.invoke(ReflectionEngine.java:357)
[2025-05-28T18:57:58.166+0000] {spark_submit.py:490} INFO - at py4j.Gateway.invoke(Gateway.java:238)
[2025-05-28T18:57:58.166+0000] {spark_submit.py:490} INFO - at py4j.commands.ConstructorCommand.invokeConstructor(ConstructorCommand.java:80)
[2025-05-28T18:57:58.167+0000] {spark_submit.py:490} INFO - at py4j.commands.ConstructorCommand.execute(ConstructorCommand.java:69)
[2025-05-28T18:57:58.167+0000] {spark_submit.py:490} INFO - at py4j.ClientServerConnection.waitForCommands(ClientServerConnection.java:182)
[2025-05-28T18:57:58.167+0000] {spark_submit.py:490} INFO - at py4j.ClientServerConnection.run(ClientServerConnection.java:106)
[2025-05-28T18:57:58.167+0000] {spark_submit.py:490} INFO - at java.base/java.lang.Thread.run(Thread.java:829)
[2025-05-28T18:57:58.173+0000] {spark_submit.py:490} INFO - 25/05/28 18:57:58 INFO SparkUI: Stopped Spark web UI at http://b1889afb6b39:4040
[2025-05-28T18:57:58.185+0000] {spark_submit.py:490} INFO - 25/05/28 18:57:58 INFO MapOutputTrackerMasterEndpoint: MapOutputTrackerMasterEndpoint stopped!
[2025-05-28T18:57:58.194+0000] {spark_submit.py:490} INFO - 25/05/28 18:57:58 INFO MemoryStore: MemoryStore cleared
[2025-05-28T18:57:58.194+0000] {spark_submit.py:490} INFO - 25/05/28 18:57:58 INFO BlockManager: BlockManager stopped
[2025-05-28T18:57:58.197+0000] {spark_submit.py:490} INFO - 25/05/28 18:57:58 INFO BlockManagerMaster: BlockManagerMaster stopped
[2025-05-28T18:57:58.198+0000] {spark_submit.py:490} INFO - 25/05/28 18:57:58 WARN MetricsSystem: Stopping a MetricsSystem that is not running
[2025-05-28T18:57:58.199+0000] {spark_submit.py:490} INFO - 25/05/28 18:57:58 INFO OutputCommitCoordinator$OutputCommitCoordinatorEndpoint: OutputCommitCoordinator stopped!
[2025-05-28T18:57:58.206+0000] {spark_submit.py:490} INFO - 25/05/28 18:57:58 INFO SparkContext: Successfully stopped SparkContext
[2025-05-28T18:57:58.206+0000] {spark_submit.py:490} INFO - Traceback (most recent call last):
[2025-05-28T18:57:58.206+0000] {spark_submit.py:490} INFO - File "/opt/***/spark/scripts/process_raw_trn.py", line 54, in <module>
[2025-05-28T18:57:58.207+0000] {spark_submit.py:490} INFO - main()
[2025-05-28T18:57:58.207+0000] {spark_submit.py:490} INFO - File "/opt/***/spark/scripts/process_raw_trn.py", line 31, in main
[2025-05-28T18:57:58.207+0000] {spark_submit.py:490} INFO - spark = SparkSession.builder.appName("CSV2Parquet").getOrCreate()
[2025-05-28T18:57:58.207+0000] {spark_submit.py:490} INFO - File "/opt/spark/python/lib/pyspark.zip/pyspark/sql/session.py", line 269, in getOrCreate
[2025-05-28T18:57:58.208+0000] {spark_submit.py:490} INFO - File "/opt/spark/python/lib/pyspark.zip/pyspark/context.py", line 483, in getOrCreate
[2025-05-28T18:57:58.208+0000] {spark_submit.py:490} INFO - File "/opt/spark/python/lib/pyspark.zip/pyspark/context.py", line 208, in __init__
[2025-05-28T18:57:58.208+0000] {spark_submit.py:490} INFO - File "/opt/spark/python/lib/pyspark.zip/pyspark/context.py", line 282, in _do_init
[2025-05-28T18:57:58.208+0000] {spark_submit.py:490} INFO - File "/opt/spark/python/lib/pyspark.zip/pyspark/context.py", line 402, in _initialize_context
[2025-05-28T18:57:58.208+0000] {spark_submit.py:490} INFO - File "/opt/spark/python/lib/py4j-0.10.9.5-src.zip/py4j/java_gateway.py", line 1586, in __call__
[2025-05-28T18:57:58.208+0000] {spark_submit.py:490} INFO - File "/opt/spark/python/lib/py4j-0.10.9.5-src.zip/py4j/protocol.py", line 328, in get_return_value
[2025-05-28T18:57:58.209+0000] {spark_submit.py:490} INFO - py4j.protocol.Py4JJavaError: An error occurred while calling None.org.apache.spark.api.java.JavaSparkContext.
[2025-05-28T18:57:58.209+0000] {spark_submit.py:490} INFO - : org.apache.spark.SparkException: Could not parse Master URL: 'spark-master:7077'
[2025-05-28T18:57:58.209+0000] {spark_submit.py:490} INFO - at org.apache.spark.SparkContext$.org$apache$spark$SparkContext$$createTaskScheduler(SparkContext.scala:2982)
[2025-05-28T18:57:58.209+0000] {spark_submit.py:490} INFO - at org.apache.spark.SparkContext.<init>(SparkContext.scala:563)
[2025-05-28T18:57:58.209+0000] {spark_submit.py:490} INFO - at org.apache.spark.api.java.JavaSparkContext.<init>(JavaSparkContext.scala:58)
[2025-05-28T18:57:58.209+0000] {spark_submit.py:490} INFO - at java.base/jdk.internal.reflect.NativeConstructorAccessorImpl.newInstance0(Native Method)
[2025-05-28T18:57:58.209+0000] {spark_submit.py:490} INFO - at java.base/jdk.internal.reflect.NativeConstructorAccessorImpl.newInstance(NativeConstructorAccessorImpl.java:62)
[2025-05-28T18:57:58.210+0000] {spark_submit.py:490} INFO - at java.base/jdk.internal.reflect.DelegatingConstructorAccessorImpl.newInstance(DelegatingConstructorAccessorImpl.java:45)
[2025-05-28T18:57:58.210+0000] {spark_submit.py:490} INFO - at java.base/java.lang.reflect.Constructor.newInstance(Constructor.java:490)
[2025-05-28T18:57:58.210+0000] {spark_submit.py:490} INFO - at py4j.reflection.MethodInvoker.invoke(MethodInvoker.java:247)
[2025-05-28T18:57:58.210+0000] {spark_submit.py:490} INFO - at py4j.reflection.ReflectionEngine.invoke(ReflectionEngine.java:357)
[2025-05-28T18:57:58.210+0000] {spark_submit.py:490} INFO - at py4j.Gateway.invoke(Gateway.java:238)
[2025-05-28T18:57:58.210+0000] {spark_submit.py:490} INFO - at py4j.commands.ConstructorCommand.invokeConstructor(ConstructorCommand.java:80)
[2025-05-28T18:57:58.211+0000] {spark_submit.py:490} INFO - at py4j.commands.ConstructorCommand.execute(ConstructorCommand.java:69)
[2025-05-28T18:57:58.211+0000] {spark_submit.py:490} INFO - at py4j.ClientServerConnection.waitForCommands(ClientServerConnection.java:182)
[2025-05-28T18:57:58.211+0000] {spark_submit.py:490} INFO - at py4j.ClientServerConnection.run(ClientServerConnection.java:106)
[2025-05-28T18:57:58.211+0000] {spark_submit.py:490} INFO - at java.base/java.lang.Thread.run(Thread.java:829)
[2025-05-28T18:57:58.211+0000] {spark_submit.py:490} INFO - 
[2025-05-28T18:57:58.230+0000] {spark_submit.py:490} INFO - 25/05/28 18:57:58 INFO ShutdownHookManager: Shutdown hook called
[2025-05-28T18:57:58.230+0000] {spark_submit.py:490} INFO - 25/05/28 18:57:58 INFO ShutdownHookManager: Deleting directory /tmp/spark-20597ed4-93c4-40e7-b4c4-8f39b13f015d
[2025-05-28T18:57:58.234+0000] {spark_submit.py:490} INFO - 25/05/28 18:57:58 INFO ShutdownHookManager: Deleting directory /tmp/spark-adf70c2b-2cd2-49ec-b716-0ee3b1abdb70
[2025-05-28T18:57:58.274+0000] {taskinstance.py:1824} ERROR - Task failed with exception
Traceback (most recent call last):
  File "/home/airflow/.local/lib/python3.7/site-packages/airflow/providers/apache/spark/operators/spark_submit.py", line 157, in execute
    self._hook.submit(self._application)
  File "/home/airflow/.local/lib/python3.7/site-packages/airflow/providers/apache/spark/hooks/spark_submit.py", line 422, in submit
    f"Cannot execute: {self._mask_cmd(spark_submit_cmd)}. Error code is: {returncode}."
airflow.exceptions.AirflowException: Cannot execute: spark-submit --master spark-master:7077 --executor-cores 1 --executor-memory 1g --driver-memory 1g --name CSV2Parquet --verbose /opt/***/spark/scripts/process_raw_trn.py. Error code is: 1.
[2025-05-28T18:57:58.279+0000] {taskinstance.py:1350} INFO - Marking task as UP_FOR_RETRY. dag_id=mrp_colors_csv_to_parquet, task_id=run_spark_csv2parquet, execution_date=20250528T183151, start_date=20250528T185755, end_date=20250528T185758
[2025-05-28T18:57:58.289+0000] {standard_task_runner.py:109} ERROR - Failed to execute job 46 for task run_spark_csv2parquet (Cannot execute: spark-submit --master spark-master:7077 --executor-cores 1 --executor-memory 1g --driver-memory 1g --name CSV2Parquet --verbose /opt/***/spark/scripts/process_raw_trn.py. Error code is: 1.; 174)
[2025-05-28T18:57:58.321+0000] {local_task_job_runner.py:225} INFO - Task exited with return code 1
[2025-05-28T18:57:58.341+0000] {taskinstance.py:2653} INFO - 0 downstream tasks scheduled from follow-on schedule check
