[2025-05-28T18:42:42.151+0000] {taskinstance.py:1103} INFO - Dependencies all met for dep_context=non-requeueable deps ti=<TaskInstance: mrp_colors_csv_to_parquet.run_spark_csv2parquet manual__2025-05-28T18:31:51.625808+00:00 [queued]>
[2025-05-28T18:42:42.159+0000] {taskinstance.py:1103} INFO - Dependencies all met for dep_context=requeueable deps ti=<TaskInstance: mrp_colors_csv_to_parquet.run_spark_csv2parquet manual__2025-05-28T18:31:51.625808+00:00 [queued]>
[2025-05-28T18:42:42.160+0000] {taskinstance.py:1308} INFO - Starting attempt 2 of 2
[2025-05-28T18:42:42.173+0000] {taskinstance.py:1327} INFO - Executing <Task(SparkSubmitOperator): run_spark_csv2parquet> on 2025-05-28 18:31:51.625808+00:00
[2025-05-28T18:42:42.185+0000] {standard_task_runner.py:57} INFO - Started process 168 to run task
[2025-05-28T18:42:42.191+0000] {standard_task_runner.py:84} INFO - Running: ['***', 'tasks', 'run', 'mrp_colors_csv_to_parquet', 'run_spark_csv2parquet', 'manual__2025-05-28T18:31:51.625808+00:00', '--job-id', '39', '--raw', '--subdir', 'DAGS_FOLDER/pl_spark_mrp_colors.py', '--cfg-path', '/tmp/tmpc6rneb4d']
[2025-05-28T18:42:42.195+0000] {standard_task_runner.py:85} INFO - Job 39: Subtask run_spark_csv2parquet
[2025-05-28T18:42:42.274+0000] {task_command.py:410} INFO - Running <TaskInstance: mrp_colors_csv_to_parquet.run_spark_csv2parquet manual__2025-05-28T18:31:51.625808+00:00 [running]> on host b1889afb6b39
[2025-05-28T18:42:42.432+0000] {taskinstance.py:1547} INFO - Exporting env vars: AIRFLOW_CTX_DAG_OWNER='***' AIRFLOW_CTX_DAG_ID='mrp_colors_csv_to_parquet' AIRFLOW_CTX_TASK_ID='run_spark_csv2parquet' AIRFLOW_CTX_EXECUTION_DATE='2025-05-28T18:31:51.625808+00:00' AIRFLOW_CTX_TRY_NUMBER='2' AIRFLOW_CTX_DAG_RUN_ID='manual__2025-05-28T18:31:51.625808+00:00'
[2025-05-28T18:42:42.434+0000] {base.py:73} INFO - Using connection ID 'spark_default' for task execution.
[2025-05-28T18:42:42.435+0000] {spark_submit.py:339} INFO - Spark-Submit cmd: spark-submit --master spark-master:7077 --executor-cores 1 --executor-memory 1g --driver-memory 1g --name CSV2Parquet --verbose /opt/***/dags/spark_scripts/process_raw_trn.py
[2025-05-28T18:42:45.332+0000] {spark_submit.py:490} INFO - Using properties file: null
[2025-05-28T18:42:45.464+0000] {spark_submit.py:490} INFO - Parsed arguments:
[2025-05-28T18:42:45.465+0000] {spark_submit.py:490} INFO - master                  spark-master:7077
[2025-05-28T18:42:45.466+0000] {spark_submit.py:490} INFO - deployMode              null
[2025-05-28T18:42:45.467+0000] {spark_submit.py:490} INFO - executorMemory          1g
[2025-05-28T18:42:45.468+0000] {spark_submit.py:490} INFO - executorCores           1
[2025-05-28T18:42:45.468+0000] {spark_submit.py:490} INFO - totalExecutorCores      null
[2025-05-28T18:42:45.469+0000] {spark_submit.py:490} INFO - propertiesFile          null
[2025-05-28T18:42:45.469+0000] {spark_submit.py:490} INFO - driverMemory            1g
[2025-05-28T18:42:45.469+0000] {spark_submit.py:490} INFO - driverCores             null
[2025-05-28T18:42:45.470+0000] {spark_submit.py:490} INFO - driverExtraClassPath    null
[2025-05-28T18:42:45.471+0000] {spark_submit.py:490} INFO - driverExtraLibraryPath  null
[2025-05-28T18:42:45.472+0000] {spark_submit.py:490} INFO - driverExtraJavaOptions  null
[2025-05-28T18:42:45.472+0000] {spark_submit.py:490} INFO - supervise               false
[2025-05-28T18:42:45.473+0000] {spark_submit.py:490} INFO - queue                   null
[2025-05-28T18:42:45.474+0000] {spark_submit.py:490} INFO - numExecutors            null
[2025-05-28T18:42:45.474+0000] {spark_submit.py:490} INFO - files                   null
[2025-05-28T18:42:45.475+0000] {spark_submit.py:490} INFO - pyFiles                 null
[2025-05-28T18:42:45.476+0000] {spark_submit.py:490} INFO - archives                null
[2025-05-28T18:42:45.478+0000] {spark_submit.py:490} INFO - mainClass               null
[2025-05-28T18:42:45.479+0000] {spark_submit.py:490} INFO - primaryResource         file:/opt/***/dags/spark_scripts/process_raw_trn.py
[2025-05-28T18:42:45.482+0000] {spark_submit.py:490} INFO - name                    CSV2Parquet
[2025-05-28T18:42:45.484+0000] {spark_submit.py:490} INFO - childArgs               []
[2025-05-28T18:42:45.488+0000] {spark_submit.py:490} INFO - jars                    null
[2025-05-28T18:42:45.489+0000] {spark_submit.py:490} INFO - packages                null
[2025-05-28T18:42:45.492+0000] {spark_submit.py:490} INFO - packagesExclusions      null
[2025-05-28T18:42:45.494+0000] {spark_submit.py:490} INFO - repositories            null
[2025-05-28T18:42:45.496+0000] {spark_submit.py:490} INFO - verbose                 true
[2025-05-28T18:42:45.504+0000] {spark_submit.py:490} INFO - 
[2025-05-28T18:42:45.505+0000] {spark_submit.py:490} INFO - Spark properties used, including those specified through
[2025-05-28T18:42:45.506+0000] {spark_submit.py:490} INFO - --conf and those from the properties file null:
[2025-05-28T18:42:45.506+0000] {spark_submit.py:490} INFO - (spark.driver.memory,1g)
[2025-05-28T18:42:45.508+0000] {spark_submit.py:490} INFO - 
[2025-05-28T18:42:45.509+0000] {spark_submit.py:490} INFO - 
[2025-05-28T18:42:45.886+0000] {spark_submit.py:490} INFO - Main class:
[2025-05-28T18:42:45.887+0000] {spark_submit.py:490} INFO - org.apache.spark.deploy.PythonRunner
[2025-05-28T18:42:45.888+0000] {spark_submit.py:490} INFO - Arguments:
[2025-05-28T18:42:45.889+0000] {spark_submit.py:490} INFO - file:/opt/***/dags/spark_scripts/process_raw_trn.py
[2025-05-28T18:42:45.891+0000] {spark_submit.py:490} INFO - null
[2025-05-28T18:42:45.892+0000] {spark_submit.py:490} INFO - Spark config:
[2025-05-28T18:42:45.892+0000] {spark_submit.py:490} INFO - (spark.app.name,CSV2Parquet)
[2025-05-28T18:42:45.893+0000] {spark_submit.py:490} INFO - (spark.app.submitTime,1748457765857)
[2025-05-28T18:42:45.893+0000] {spark_submit.py:490} INFO - (spark.driver.memory,1g)
[2025-05-28T18:42:45.893+0000] {spark_submit.py:490} INFO - (spark.executor.cores,1)
[2025-05-28T18:42:45.893+0000] {spark_submit.py:490} INFO - (spark.executor.memory,1g)
[2025-05-28T18:42:45.893+0000] {spark_submit.py:490} INFO - (spark.master,spark-master:7077)
[2025-05-28T18:42:45.893+0000] {spark_submit.py:490} INFO - (spark.submit.deployMode,client)
[2025-05-28T18:42:45.893+0000] {spark_submit.py:490} INFO - (spark.submit.pyFiles,)
[2025-05-28T18:42:45.894+0000] {spark_submit.py:490} INFO - Classpath elements:
[2025-05-28T18:42:45.894+0000] {spark_submit.py:490} INFO - 
[2025-05-28T18:42:45.894+0000] {spark_submit.py:490} INFO - 
[2025-05-28T18:42:45.894+0000] {spark_submit.py:490} INFO - 
[2025-05-28T18:42:46.041+0000] {spark_submit.py:490} INFO - python3: can't open file '/opt/***/dags/spark_scripts/process_raw_trn.py': [Errno 2] No such file or directory
[2025-05-28T18:42:46.076+0000] {spark_submit.py:490} INFO - 25/05/28 18:42:46 INFO ShutdownHookManager: Shutdown hook called
[2025-05-28T18:42:46.079+0000] {spark_submit.py:490} INFO - 25/05/28 18:42:46 INFO ShutdownHookManager: Deleting directory /tmp/spark-9b332cea-f69e-41f8-a3c7-1cbd36bd6fea
[2025-05-28T18:42:46.178+0000] {taskinstance.py:1824} ERROR - Task failed with exception
Traceback (most recent call last):
  File "/home/airflow/.local/lib/python3.7/site-packages/airflow/providers/apache/spark/operators/spark_submit.py", line 157, in execute
    self._hook.submit(self._application)
  File "/home/airflow/.local/lib/python3.7/site-packages/airflow/providers/apache/spark/hooks/spark_submit.py", line 422, in submit
    f"Cannot execute: {self._mask_cmd(spark_submit_cmd)}. Error code is: {returncode}."
airflow.exceptions.AirflowException: Cannot execute: spark-submit --master spark-master:7077 --executor-cores 1 --executor-memory 1g --driver-memory 1g --name CSV2Parquet --verbose /opt/***/dags/spark_scripts/process_raw_trn.py. Error code is: 2.
[2025-05-28T18:42:46.202+0000] {taskinstance.py:1350} INFO - Marking task as FAILED. dag_id=mrp_colors_csv_to_parquet, task_id=run_spark_csv2parquet, execution_date=20250528T183151, start_date=20250528T184242, end_date=20250528T184246
[2025-05-28T18:42:46.229+0000] {standard_task_runner.py:109} ERROR - Failed to execute job 39 for task run_spark_csv2parquet (Cannot execute: spark-submit --master spark-master:7077 --executor-cores 1 --executor-memory 1g --driver-memory 1g --name CSV2Parquet --verbose /opt/***/dags/spark_scripts/process_raw_trn.py. Error code is: 2.; 168)
[2025-05-28T18:42:46.262+0000] {local_task_job_runner.py:225} INFO - Task exited with return code 1
[2025-05-28T18:42:46.359+0000] {taskinstance.py:2653} INFO - 0 downstream tasks scheduled from follow-on schedule check
