[2025-05-28T18:34:41.301+0000] {taskinstance.py:1103} INFO - Dependencies all met for dep_context=non-requeueable deps ti=<TaskInstance: mrp_colors_csv_to_parquet.run_spark_csv2parquet manual__2025-05-28T18:31:51.625808+00:00 [queued]>
[2025-05-28T18:34:41.317+0000] {taskinstance.py:1103} INFO - Dependencies all met for dep_context=requeueable deps ti=<TaskInstance: mrp_colors_csv_to_parquet.run_spark_csv2parquet manual__2025-05-28T18:31:51.625808+00:00 [queued]>
[2025-05-28T18:34:41.318+0000] {taskinstance.py:1308} INFO - Starting attempt 1 of 2
[2025-05-28T18:34:41.381+0000] {taskinstance.py:1327} INFO - Executing <Task(SparkSubmitOperator): run_spark_csv2parquet> on 2025-05-28 18:31:51.625808+00:00
[2025-05-28T18:34:41.463+0000] {standard_task_runner.py:57} INFO - Started process 223 to run task
[2025-05-28T18:34:41.568+0000] {standard_task_runner.py:84} INFO - Running: ['***', 'tasks', 'run', 'mrp_colors_csv_to_parquet', 'run_spark_csv2parquet', 'manual__2025-05-28T18:31:51.625808+00:00', '--job-id', '37', '--raw', '--subdir', 'DAGS_FOLDER/pl_spark_mrp_colors.py', '--cfg-path', '/tmp/tmp7ftg894w']
[2025-05-28T18:34:41.603+0000] {standard_task_runner.py:85} INFO - Job 37: Subtask run_spark_csv2parquet
[2025-05-28T18:34:41.953+0000] {task_command.py:410} INFO - Running <TaskInstance: mrp_colors_csv_to_parquet.run_spark_csv2parquet manual__2025-05-28T18:31:51.625808+00:00 [running]> on host 138222addb2d
[2025-05-28T18:34:42.241+0000] {taskinstance.py:1547} INFO - Exporting env vars: AIRFLOW_CTX_DAG_OWNER='***' AIRFLOW_CTX_DAG_ID='mrp_colors_csv_to_parquet' AIRFLOW_CTX_TASK_ID='run_spark_csv2parquet' AIRFLOW_CTX_EXECUTION_DATE='2025-05-28T18:31:51.625808+00:00' AIRFLOW_CTX_TRY_NUMBER='1' AIRFLOW_CTX_DAG_RUN_ID='manual__2025-05-28T18:31:51.625808+00:00'
[2025-05-28T18:34:42.250+0000] {base.py:73} INFO - Using connection ID 'spark_default' for task execution.
[2025-05-28T18:34:42.252+0000] {spark_submit.py:339} INFO - Spark-Submit cmd: spark-submit --master spark-master:7077 --executor-cores 1 --executor-memory 1g --driver-memory 1g --name CSV2Parquet --verbose /opt/***/dags/spark_scripts/process_raw_trn.py
[2025-05-28T18:34:42.420+0000] {spark_submit.py:490} INFO - /opt/spark/bin/spark-class: line 71: /usr/lib/jvm/java-11-openjdk-amd64/bin/java: No such file or directory
[2025-05-28T18:34:42.421+0000] {spark_submit.py:490} INFO - /opt/spark/bin/spark-class: line 96: CMD: bad array subscript
[2025-05-28T18:34:42.497+0000] {taskinstance.py:1824} ERROR - Task failed with exception
Traceback (most recent call last):
  File "/home/airflow/.local/lib/python3.7/site-packages/airflow/providers/apache/spark/operators/spark_submit.py", line 157, in execute
    self._hook.submit(self._application)
  File "/home/airflow/.local/lib/python3.7/site-packages/airflow/providers/apache/spark/hooks/spark_submit.py", line 422, in submit
    f"Cannot execute: {self._mask_cmd(spark_submit_cmd)}. Error code is: {returncode}."
airflow.exceptions.AirflowException: Cannot execute: spark-submit --master spark-master:7077 --executor-cores 1 --executor-memory 1g --driver-memory 1g --name CSV2Parquet --verbose /opt/***/dags/spark_scripts/process_raw_trn.py. Error code is: 1.
[2025-05-28T18:34:42.524+0000] {taskinstance.py:1350} INFO - Marking task as UP_FOR_RETRY. dag_id=mrp_colors_csv_to_parquet, task_id=run_spark_csv2parquet, execution_date=20250528T183151, start_date=20250528T183441, end_date=20250528T183442
[2025-05-28T18:34:42.583+0000] {standard_task_runner.py:109} ERROR - Failed to execute job 37 for task run_spark_csv2parquet (Cannot execute: spark-submit --master spark-master:7077 --executor-cores 1 --executor-memory 1g --driver-memory 1g --name CSV2Parquet --verbose /opt/***/dags/spark_scripts/process_raw_trn.py. Error code is: 1.; 223)
[2025-05-28T18:34:42.608+0000] {local_task_job_runner.py:225} INFO - Task exited with return code 1
[2025-05-28T18:34:42.633+0000] {taskinstance.py:2653} INFO - 0 downstream tasks scheduled from follow-on schedule check
