[2025-05-28T19:29:29.489+0000] {taskinstance.py:1103} INFO - Dependencies all met for dep_context=non-requeueable deps ti=<TaskInstance: mrp_colors_csv_to_parquet.run_spark_csv2parquet123 scheduled__2025-05-27T00:00:00+00:00 [queued]>
[2025-05-28T19:29:29.498+0000] {taskinstance.py:1103} INFO - Dependencies all met for dep_context=requeueable deps ti=<TaskInstance: mrp_colors_csv_to_parquet.run_spark_csv2parquet123 scheduled__2025-05-27T00:00:00+00:00 [queued]>
[2025-05-28T19:29:29.499+0000] {taskinstance.py:1308} INFO - Starting attempt 1 of 2
[2025-05-28T19:29:29.512+0000] {taskinstance.py:1327} INFO - Executing <Task(SparkSubmitOperator): run_spark_csv2parquet123> on 2025-05-27 00:00:00+00:00
[2025-05-28T19:29:29.531+0000] {standard_task_runner.py:57} INFO - Started process 1384 to run task
[2025-05-28T19:29:29.538+0000] {standard_task_runner.py:84} INFO - Running: ['***', 'tasks', 'run', 'mrp_colors_csv_to_parquet', 'run_spark_csv2parquet123', 'scheduled__2025-05-27T00:00:00+00:00', '--job-id', '68', '--raw', '--subdir', 'DAGS_FOLDER/pl_spark_mrp_colors.py', '--cfg-path', '/tmp/tmpsos1hdxo']
[2025-05-28T19:29:29.541+0000] {standard_task_runner.py:85} INFO - Job 68: Subtask run_spark_csv2parquet123
[2025-05-28T19:29:29.592+0000] {task_command.py:410} INFO - Running <TaskInstance: mrp_colors_csv_to_parquet.run_spark_csv2parquet123 scheduled__2025-05-27T00:00:00+00:00 [running]> on host eaf4f15a0767
[2025-05-28T19:29:29.651+0000] {taskinstance.py:1547} INFO - Exporting env vars: AIRFLOW_CTX_DAG_OWNER='***' AIRFLOW_CTX_DAG_ID='mrp_colors_csv_to_parquet' AIRFLOW_CTX_TASK_ID='run_spark_csv2parquet123' AIRFLOW_CTX_EXECUTION_DATE='2025-05-27T00:00:00+00:00' AIRFLOW_CTX_TRY_NUMBER='1' AIRFLOW_CTX_DAG_RUN_ID='scheduled__2025-05-27T00:00:00+00:00'
[2025-05-28T19:29:29.653+0000] {base.py:73} INFO - Using connection ID 'spark_default' for task execution.
[2025-05-28T19:29:29.654+0000] {spark_submit.py:339} INFO - Spark-Submit cmd: spark-submit --master spark-master:7077 --name arrow-spark --verbose /opt/***/spark/scripts/process_raw_trn.py
[2025-05-28T19:29:30.987+0000] {spark_submit.py:490} INFO - Using properties file: null
[2025-05-28T19:29:31.049+0000] {spark_submit.py:490} INFO - Parsed arguments:
[2025-05-28T19:29:31.050+0000] {spark_submit.py:490} INFO - master                  spark-master:7077
[2025-05-28T19:29:31.050+0000] {spark_submit.py:490} INFO - deployMode              null
[2025-05-28T19:29:31.050+0000] {spark_submit.py:490} INFO - executorMemory          null
[2025-05-28T19:29:31.051+0000] {spark_submit.py:490} INFO - executorCores           null
[2025-05-28T19:29:31.051+0000] {spark_submit.py:490} INFO - totalExecutorCores      null
[2025-05-28T19:29:31.051+0000] {spark_submit.py:490} INFO - propertiesFile          null
[2025-05-28T19:29:31.051+0000] {spark_submit.py:490} INFO - driverMemory            null
[2025-05-28T19:29:31.052+0000] {spark_submit.py:490} INFO - driverCores             null
[2025-05-28T19:29:31.052+0000] {spark_submit.py:490} INFO - driverExtraClassPath    null
[2025-05-28T19:29:31.052+0000] {spark_submit.py:490} INFO - driverExtraLibraryPath  null
[2025-05-28T19:29:31.052+0000] {spark_submit.py:490} INFO - driverExtraJavaOptions  null
[2025-05-28T19:29:31.053+0000] {spark_submit.py:490} INFO - supervise               false
[2025-05-28T19:29:31.053+0000] {spark_submit.py:490} INFO - queue                   null
[2025-05-28T19:29:31.053+0000] {spark_submit.py:490} INFO - numExecutors            null
[2025-05-28T19:29:31.053+0000] {spark_submit.py:490} INFO - files                   null
[2025-05-28T19:29:31.054+0000] {spark_submit.py:490} INFO - pyFiles                 null
[2025-05-28T19:29:31.054+0000] {spark_submit.py:490} INFO - archives                null
[2025-05-28T19:29:31.054+0000] {spark_submit.py:490} INFO - mainClass               null
[2025-05-28T19:29:31.054+0000] {spark_submit.py:490} INFO - primaryResource         file:/opt/***/spark/scripts/process_raw_trn.py
[2025-05-28T19:29:31.054+0000] {spark_submit.py:490} INFO - name                    arrow-spark
[2025-05-28T19:29:31.055+0000] {spark_submit.py:490} INFO - childArgs               []
[2025-05-28T19:29:31.055+0000] {spark_submit.py:490} INFO - jars                    null
[2025-05-28T19:29:31.055+0000] {spark_submit.py:490} INFO - packages                null
[2025-05-28T19:29:31.055+0000] {spark_submit.py:490} INFO - packagesExclusions      null
[2025-05-28T19:29:31.055+0000] {spark_submit.py:490} INFO - repositories            null
[2025-05-28T19:29:31.055+0000] {spark_submit.py:490} INFO - verbose                 true
[2025-05-28T19:29:31.056+0000] {spark_submit.py:490} INFO - 
[2025-05-28T19:29:31.056+0000] {spark_submit.py:490} INFO - Spark properties used, including those specified through
[2025-05-28T19:29:31.056+0000] {spark_submit.py:490} INFO - --conf and those from the properties file null:
[2025-05-28T19:29:31.056+0000] {spark_submit.py:490} INFO - 
[2025-05-28T19:29:31.056+0000] {spark_submit.py:490} INFO - 
[2025-05-28T19:29:31.056+0000] {spark_submit.py:490} INFO - 
[2025-05-28T19:29:31.240+0000] {spark_submit.py:490} INFO - Main class:
[2025-05-28T19:29:31.240+0000] {spark_submit.py:490} INFO - org.apache.spark.deploy.PythonRunner
[2025-05-28T19:29:31.241+0000] {spark_submit.py:490} INFO - Arguments:
[2025-05-28T19:29:31.241+0000] {spark_submit.py:490} INFO - file:/opt/***/spark/scripts/process_raw_trn.py
[2025-05-28T19:29:31.241+0000] {spark_submit.py:490} INFO - null
[2025-05-28T19:29:31.250+0000] {spark_submit.py:490} INFO - Spark config:
[2025-05-28T19:29:31.250+0000] {spark_submit.py:490} INFO - (spark.app.name,arrow-spark)
[2025-05-28T19:29:31.250+0000] {spark_submit.py:490} INFO - (spark.app.submitTime,1748460571232)
[2025-05-28T19:29:31.250+0000] {spark_submit.py:490} INFO - (spark.master,spark-master:7077)
[2025-05-28T19:29:31.251+0000] {spark_submit.py:490} INFO - (spark.submit.deployMode,client)
[2025-05-28T19:29:31.251+0000] {spark_submit.py:490} INFO - (spark.submit.pyFiles,)
[2025-05-28T19:29:31.251+0000] {spark_submit.py:490} INFO - Classpath elements:
[2025-05-28T19:29:31.251+0000] {spark_submit.py:490} INFO - 
[2025-05-28T19:29:31.251+0000] {spark_submit.py:490} INFO - 
[2025-05-28T19:29:31.252+0000] {spark_submit.py:490} INFO - 
[2025-05-28T19:29:31.849+0000] {spark_submit.py:490} INFO - 25/05/28 19:29:31 INFO SparkContext: Running Spark version 3.3.1
[2025-05-28T19:29:31.893+0000] {spark_submit.py:490} INFO - 25/05/28 19:29:31 WARN NativeCodeLoader: Unable to load native-hadoop library for your platform... using builtin-java classes where applicable
[2025-05-28T19:29:31.952+0000] {spark_submit.py:490} INFO - 25/05/28 19:29:31 INFO ResourceUtils: ==============================================================
[2025-05-28T19:29:31.952+0000] {spark_submit.py:490} INFO - 25/05/28 19:29:31 INFO ResourceUtils: No custom resources configured for spark.driver.
[2025-05-28T19:29:31.952+0000] {spark_submit.py:490} INFO - 25/05/28 19:29:31 INFO ResourceUtils: ==============================================================
[2025-05-28T19:29:31.953+0000] {spark_submit.py:490} INFO - 25/05/28 19:29:31 INFO SparkContext: Submitted application: CSV2Parquet
[2025-05-28T19:29:31.964+0000] {spark_submit.py:490} INFO - 25/05/28 19:29:31 INFO ResourceProfile: Default ResourceProfile created, executor resources: Map(cores -> name: cores, amount: 1, script: , vendor: , memory -> name: memory, amount: 1024, script: , vendor: , offHeap -> name: offHeap, amount: 0, script: , vendor: ), task resources: Map(cpus -> name: cpus, amount: 1.0)
[2025-05-28T19:29:31.971+0000] {spark_submit.py:490} INFO - 25/05/28 19:29:31 INFO ResourceProfile: Limiting resource is cpu
[2025-05-28T19:29:31.971+0000] {spark_submit.py:490} INFO - 25/05/28 19:29:31 INFO ResourceProfileManager: Added ResourceProfile id: 0
[2025-05-28T19:29:32.008+0000] {spark_submit.py:490} INFO - 25/05/28 19:29:32 INFO SecurityManager: Changing view acls to: ***
[2025-05-28T19:29:32.009+0000] {spark_submit.py:490} INFO - 25/05/28 19:29:32 INFO SecurityManager: Changing modify acls to: ***
[2025-05-28T19:29:32.010+0000] {spark_submit.py:490} INFO - 25/05/28 19:29:32 INFO SecurityManager: Changing view acls groups to:
[2025-05-28T19:29:32.011+0000] {spark_submit.py:490} INFO - 25/05/28 19:29:32 INFO SecurityManager: Changing modify acls groups to:
[2025-05-28T19:29:32.011+0000] {spark_submit.py:490} INFO - 25/05/28 19:29:32 INFO SecurityManager: SecurityManager: authentication disabled; ui acls disabled; users  with view permissions: Set(***); groups with view permissions: Set(); users  with modify permissions: Set(***); groups with modify permissions: Set()
[2025-05-28T19:29:32.198+0000] {spark_submit.py:490} INFO - 25/05/28 19:29:32 INFO Utils: Successfully started service 'sparkDriver' on port 33215.
[2025-05-28T19:29:32.222+0000] {spark_submit.py:490} INFO - 25/05/28 19:29:32 INFO SparkEnv: Registering MapOutputTracker
[2025-05-28T19:29:32.246+0000] {spark_submit.py:490} INFO - 25/05/28 19:29:32 INFO SparkEnv: Registering BlockManagerMaster
[2025-05-28T19:29:32.258+0000] {spark_submit.py:490} INFO - 25/05/28 19:29:32 INFO BlockManagerMasterEndpoint: Using org.apache.spark.storage.DefaultTopologyMapper for getting topology information
[2025-05-28T19:29:32.258+0000] {spark_submit.py:490} INFO - 25/05/28 19:29:32 INFO BlockManagerMasterEndpoint: BlockManagerMasterEndpoint up
[2025-05-28T19:29:32.261+0000] {spark_submit.py:490} INFO - 25/05/28 19:29:32 INFO SparkEnv: Registering BlockManagerMasterHeartbeat
[2025-05-28T19:29:32.274+0000] {spark_submit.py:490} INFO - 25/05/28 19:29:32 INFO DiskBlockManager: Created local directory at /tmp/blockmgr-b980445a-5b36-4108-bd26-889d092f5df2
[2025-05-28T19:29:32.283+0000] {spark_submit.py:490} INFO - 25/05/28 19:29:32 INFO MemoryStore: MemoryStore started with capacity 434.4 MiB
[2025-05-28T19:29:32.293+0000] {spark_submit.py:490} INFO - 25/05/28 19:29:32 INFO SparkEnv: Registering OutputCommitCoordinator
[2025-05-28T19:29:32.420+0000] {spark_submit.py:490} INFO - 25/05/28 19:29:32 INFO Utils: Successfully started service 'SparkUI' on port 4040.
[2025-05-28T19:29:32.475+0000] {spark_submit.py:490} INFO - 25/05/28 19:29:32 ERROR SparkContext: Error initializing SparkContext.
[2025-05-28T19:29:32.475+0000] {spark_submit.py:490} INFO - org.apache.spark.SparkException: Could not parse Master URL: 'spark-master:7077'
[2025-05-28T19:29:32.476+0000] {spark_submit.py:490} INFO - at org.apache.spark.SparkContext$.org$apache$spark$SparkContext$$createTaskScheduler(SparkContext.scala:2982)
[2025-05-28T19:29:32.476+0000] {spark_submit.py:490} INFO - at org.apache.spark.SparkContext.<init>(SparkContext.scala:563)
[2025-05-28T19:29:32.476+0000] {spark_submit.py:490} INFO - at org.apache.spark.api.java.JavaSparkContext.<init>(JavaSparkContext.scala:58)
[2025-05-28T19:29:32.476+0000] {spark_submit.py:490} INFO - at java.base/jdk.internal.reflect.NativeConstructorAccessorImpl.newInstance0(Native Method)
[2025-05-28T19:29:32.476+0000] {spark_submit.py:490} INFO - at java.base/jdk.internal.reflect.NativeConstructorAccessorImpl.newInstance(NativeConstructorAccessorImpl.java:62)
[2025-05-28T19:29:32.477+0000] {spark_submit.py:490} INFO - at java.base/jdk.internal.reflect.DelegatingConstructorAccessorImpl.newInstance(DelegatingConstructorAccessorImpl.java:45)
[2025-05-28T19:29:32.477+0000] {spark_submit.py:490} INFO - at java.base/java.lang.reflect.Constructor.newInstance(Constructor.java:490)
[2025-05-28T19:29:32.477+0000] {spark_submit.py:490} INFO - at py4j.reflection.MethodInvoker.invoke(MethodInvoker.java:247)
[2025-05-28T19:29:32.477+0000] {spark_submit.py:490} INFO - at py4j.reflection.ReflectionEngine.invoke(ReflectionEngine.java:357)
[2025-05-28T19:29:32.477+0000] {spark_submit.py:490} INFO - at py4j.Gateway.invoke(Gateway.java:238)
[2025-05-28T19:29:32.477+0000] {spark_submit.py:490} INFO - at py4j.commands.ConstructorCommand.invokeConstructor(ConstructorCommand.java:80)
[2025-05-28T19:29:32.477+0000] {spark_submit.py:490} INFO - at py4j.commands.ConstructorCommand.execute(ConstructorCommand.java:69)
[2025-05-28T19:29:32.478+0000] {spark_submit.py:490} INFO - at py4j.ClientServerConnection.waitForCommands(ClientServerConnection.java:182)
[2025-05-28T19:29:32.478+0000] {spark_submit.py:490} INFO - at py4j.ClientServerConnection.run(ClientServerConnection.java:106)
[2025-05-28T19:29:32.482+0000] {spark_submit.py:490} INFO - at java.base/java.lang.Thread.run(Thread.java:829)
[2025-05-28T19:29:32.485+0000] {spark_submit.py:490} INFO - 25/05/28 19:29:32 INFO SparkUI: Stopped Spark web UI at http://eaf4f15a0767:4040
[2025-05-28T19:29:32.508+0000] {spark_submit.py:490} INFO - 25/05/28 19:29:32 INFO MapOutputTrackerMasterEndpoint: MapOutputTrackerMasterEndpoint stopped!
[2025-05-28T19:29:32.523+0000] {spark_submit.py:490} INFO - 25/05/28 19:29:32 INFO MemoryStore: MemoryStore cleared
[2025-05-28T19:29:32.523+0000] {spark_submit.py:490} INFO - 25/05/28 19:29:32 INFO BlockManager: BlockManager stopped
[2025-05-28T19:29:32.532+0000] {spark_submit.py:490} INFO - 25/05/28 19:29:32 INFO BlockManagerMaster: BlockManagerMaster stopped
[2025-05-28T19:29:32.532+0000] {spark_submit.py:490} INFO - 25/05/28 19:29:32 WARN MetricsSystem: Stopping a MetricsSystem that is not running
[2025-05-28T19:29:32.535+0000] {spark_submit.py:490} INFO - 25/05/28 19:29:32 INFO OutputCommitCoordinator$OutputCommitCoordinatorEndpoint: OutputCommitCoordinator stopped!
[2025-05-28T19:29:32.541+0000] {spark_submit.py:490} INFO - 25/05/28 19:29:32 INFO SparkContext: Successfully stopped SparkContext
[2025-05-28T19:29:32.542+0000] {spark_submit.py:490} INFO - Traceback (most recent call last):
[2025-05-28T19:29:32.542+0000] {spark_submit.py:490} INFO - File "/opt/***/spark/scripts/process_raw_trn.py", line 54, in <module>
[2025-05-28T19:29:32.542+0000] {spark_submit.py:490} INFO - main()
[2025-05-28T19:29:32.543+0000] {spark_submit.py:490} INFO - File "/opt/***/spark/scripts/process_raw_trn.py", line 31, in main
[2025-05-28T19:29:32.543+0000] {spark_submit.py:490} INFO - spark = SparkSession.builder.appName("CSV2Parquet").getOrCreate()
[2025-05-28T19:29:32.543+0000] {spark_submit.py:490} INFO - File "/opt/spark/python/lib/pyspark.zip/pyspark/sql/session.py", line 269, in getOrCreate
[2025-05-28T19:29:32.543+0000] {spark_submit.py:490} INFO - File "/opt/spark/python/lib/pyspark.zip/pyspark/context.py", line 483, in getOrCreate
[2025-05-28T19:29:32.543+0000] {spark_submit.py:490} INFO - File "/opt/spark/python/lib/pyspark.zip/pyspark/context.py", line 208, in __init__
[2025-05-28T19:29:32.544+0000] {spark_submit.py:490} INFO - File "/opt/spark/python/lib/pyspark.zip/pyspark/context.py", line 282, in _do_init
[2025-05-28T19:29:32.544+0000] {spark_submit.py:490} INFO - File "/opt/spark/python/lib/pyspark.zip/pyspark/context.py", line 402, in _initialize_context
[2025-05-28T19:29:32.544+0000] {spark_submit.py:490} INFO - File "/opt/spark/python/lib/py4j-0.10.9.5-src.zip/py4j/java_gateway.py", line 1586, in __call__
[2025-05-28T19:29:32.544+0000] {spark_submit.py:490} INFO - File "/opt/spark/python/lib/py4j-0.10.9.5-src.zip/py4j/protocol.py", line 328, in get_return_value
[2025-05-28T19:29:32.544+0000] {spark_submit.py:490} INFO - py4j.protocol.Py4JJavaError: An error occurred while calling None.org.apache.spark.api.java.JavaSparkContext.
[2025-05-28T19:29:32.544+0000] {spark_submit.py:490} INFO - : org.apache.spark.SparkException: Could not parse Master URL: 'spark-master:7077'
[2025-05-28T19:29:32.545+0000] {spark_submit.py:490} INFO - at org.apache.spark.SparkContext$.org$apache$spark$SparkContext$$createTaskScheduler(SparkContext.scala:2982)
[2025-05-28T19:29:32.545+0000] {spark_submit.py:490} INFO - at org.apache.spark.SparkContext.<init>(SparkContext.scala:563)
[2025-05-28T19:29:32.545+0000] {spark_submit.py:490} INFO - at org.apache.spark.api.java.JavaSparkContext.<init>(JavaSparkContext.scala:58)
[2025-05-28T19:29:32.545+0000] {spark_submit.py:490} INFO - at java.base/jdk.internal.reflect.NativeConstructorAccessorImpl.newInstance0(Native Method)
[2025-05-28T19:29:32.545+0000] {spark_submit.py:490} INFO - at java.base/jdk.internal.reflect.NativeConstructorAccessorImpl.newInstance(NativeConstructorAccessorImpl.java:62)
[2025-05-28T19:29:32.545+0000] {spark_submit.py:490} INFO - at java.base/jdk.internal.reflect.DelegatingConstructorAccessorImpl.newInstance(DelegatingConstructorAccessorImpl.java:45)
[2025-05-28T19:29:32.546+0000] {spark_submit.py:490} INFO - at java.base/java.lang.reflect.Constructor.newInstance(Constructor.java:490)
[2025-05-28T19:29:32.546+0000] {spark_submit.py:490} INFO - at py4j.reflection.MethodInvoker.invoke(MethodInvoker.java:247)
[2025-05-28T19:29:32.546+0000] {spark_submit.py:490} INFO - at py4j.reflection.ReflectionEngine.invoke(ReflectionEngine.java:357)
[2025-05-28T19:29:32.546+0000] {spark_submit.py:490} INFO - at py4j.Gateway.invoke(Gateway.java:238)
[2025-05-28T19:29:32.546+0000] {spark_submit.py:490} INFO - at py4j.commands.ConstructorCommand.invokeConstructor(ConstructorCommand.java:80)
[2025-05-28T19:29:32.546+0000] {spark_submit.py:490} INFO - at py4j.commands.ConstructorCommand.execute(ConstructorCommand.java:69)
[2025-05-28T19:29:32.546+0000] {spark_submit.py:490} INFO - at py4j.ClientServerConnection.waitForCommands(ClientServerConnection.java:182)
[2025-05-28T19:29:32.547+0000] {spark_submit.py:490} INFO - at py4j.ClientServerConnection.run(ClientServerConnection.java:106)
[2025-05-28T19:29:32.547+0000] {spark_submit.py:490} INFO - at java.base/java.lang.Thread.run(Thread.java:829)
[2025-05-28T19:29:32.547+0000] {spark_submit.py:490} INFO - 
[2025-05-28T19:29:32.565+0000] {spark_submit.py:490} INFO - 25/05/28 19:29:32 INFO ShutdownHookManager: Shutdown hook called
[2025-05-28T19:29:32.566+0000] {spark_submit.py:490} INFO - 25/05/28 19:29:32 INFO ShutdownHookManager: Deleting directory /tmp/spark-d9f9646b-82dc-4100-9591-80616c8c46fa
[2025-05-28T19:29:32.569+0000] {spark_submit.py:490} INFO - 25/05/28 19:29:32 INFO ShutdownHookManager: Deleting directory /tmp/spark-8203060b-e6bd-44b6-8242-e2cc21e5a5ce
[2025-05-28T19:29:32.604+0000] {taskinstance.py:1824} ERROR - Task failed with exception
Traceback (most recent call last):
  File "/home/airflow/.local/lib/python3.7/site-packages/airflow/providers/apache/spark/operators/spark_submit.py", line 157, in execute
    self._hook.submit(self._application)
  File "/home/airflow/.local/lib/python3.7/site-packages/airflow/providers/apache/spark/hooks/spark_submit.py", line 422, in submit
    f"Cannot execute: {self._mask_cmd(spark_submit_cmd)}. Error code is: {returncode}."
airflow.exceptions.AirflowException: Cannot execute: spark-submit --master spark-master:7077 --name arrow-spark --verbose /opt/***/spark/scripts/process_raw_trn.py. Error code is: 1.
[2025-05-28T19:29:32.607+0000] {taskinstance.py:1350} INFO - Marking task as UP_FOR_RETRY. dag_id=mrp_colors_csv_to_parquet, task_id=run_spark_csv2parquet123, execution_date=20250527T000000, start_date=20250528T192929, end_date=20250528T192932
[2025-05-28T19:29:32.615+0000] {standard_task_runner.py:109} ERROR - Failed to execute job 68 for task run_spark_csv2parquet123 (Cannot execute: spark-submit --master spark-master:7077 --name arrow-spark --verbose /opt/***/spark/scripts/process_raw_trn.py. Error code is: 1.; 1384)
[2025-05-28T19:29:32.650+0000] {local_task_job_runner.py:225} INFO - Task exited with return code 1
[2025-05-28T19:29:32.667+0000] {taskinstance.py:2653} INFO - 0 downstream tasks scheduled from follow-on schedule check
