[2025-05-28T19:42:28.176+0000] {taskinstance.py:1103} INFO - Dependencies all met for dep_context=non-requeueable deps ti=<TaskInstance: mrp_colors_csv_to_parquet.run_spark_csv2parquet123 scheduled__2025-05-27T00:00:00+00:00 [queued]>
[2025-05-28T19:42:28.199+0000] {taskinstance.py:1103} INFO - Dependencies all met for dep_context=requeueable deps ti=<TaskInstance: mrp_colors_csv_to_parquet.run_spark_csv2parquet123 scheduled__2025-05-27T00:00:00+00:00 [queued]>
[2025-05-28T19:42:28.201+0000] {taskinstance.py:1308} INFO - Starting attempt 5 of 6
[2025-05-28T19:42:28.261+0000] {taskinstance.py:1327} INFO - Executing <Task(SparkSubmitOperator): run_spark_csv2parquet123> on 2025-05-27 00:00:00+00:00
[2025-05-28T19:42:28.432+0000] {standard_task_runner.py:57} INFO - Started process 376 to run task
[2025-05-28T19:42:28.449+0000] {standard_task_runner.py:84} INFO - Running: ['***', 'tasks', 'run', 'mrp_colors_csv_to_parquet', 'run_spark_csv2parquet123', 'scheduled__2025-05-27T00:00:00+00:00', '--job-id', '73', '--raw', '--subdir', 'DAGS_FOLDER/pl_spark_mrp_colors.py', '--cfg-path', '/tmp/tmp2yy1gd0k']
[2025-05-28T19:42:28.460+0000] {standard_task_runner.py:85} INFO - Job 73: Subtask run_spark_csv2parquet123
[2025-05-28T19:42:29.096+0000] {task_command.py:410} INFO - Running <TaskInstance: mrp_colors_csv_to_parquet.run_spark_csv2parquet123 scheduled__2025-05-27T00:00:00+00:00 [running]> on host f82f212ff8e8
[2025-05-28T19:42:29.341+0000] {taskinstance.py:1547} INFO - Exporting env vars: AIRFLOW_CTX_DAG_OWNER='***' AIRFLOW_CTX_DAG_ID='mrp_colors_csv_to_parquet' AIRFLOW_CTX_TASK_ID='run_spark_csv2parquet123' AIRFLOW_CTX_EXECUTION_DATE='2025-05-27T00:00:00+00:00' AIRFLOW_CTX_TRY_NUMBER='5' AIRFLOW_CTX_DAG_RUN_ID='scheduled__2025-05-27T00:00:00+00:00'
[2025-05-28T19:42:29.490+0000] {base.py:73} INFO - Using connection ID 'spark' for task execution.
[2025-05-28T19:42:29.492+0000] {spark_submit.py:339} INFO - Spark-Submit cmd: spark-submit --master spark://spark-master:7077 --conf spark.hadoop.fs.s3a.impl=org.apache.hadoop.fs.s3a.S3AFileSystem --conf spark.hadoop.fs.s3a.endpoint=http://minio:9000 --conf spark.hadoop.fs.s3a.access.key=minio*** --conf spark.hadoop.fs.s3a.secret.key=****** --conf spark.hadoop.fs.s3a.path.style.access=true --conf spark.hadoop.fs.s3a.connection.ssl.enabled=false --name arrow-spark --verbose /opt/***/spark/scripts/process_raw_trn.py
[2025-05-28T19:42:37.171+0000] {spark_submit.py:490} INFO - Using properties file: null
[2025-05-28T19:42:37.480+0000] {spark_submit.py:490} INFO - Parsed arguments:
[2025-05-28T19:42:37.481+0000] {spark_submit.py:490} INFO - master                  spark://spark-master:7077
[2025-05-28T19:42:37.481+0000] {spark_submit.py:490} INFO - deployMode              null
[2025-05-28T19:42:37.481+0000] {spark_submit.py:490} INFO - executorMemory          null
[2025-05-28T19:42:37.482+0000] {spark_submit.py:490} INFO - executorCores           null
[2025-05-28T19:42:37.482+0000] {spark_submit.py:490} INFO - totalExecutorCores      null
[2025-05-28T19:42:37.482+0000] {spark_submit.py:490} INFO - propertiesFile          null
[2025-05-28T19:42:37.483+0000] {spark_submit.py:490} INFO - driverMemory            null
[2025-05-28T19:42:37.483+0000] {spark_submit.py:490} INFO - driverCores             null
[2025-05-28T19:42:37.483+0000] {spark_submit.py:490} INFO - driverExtraClassPath    null
[2025-05-28T19:42:37.483+0000] {spark_submit.py:490} INFO - driverExtraLibraryPath  null
[2025-05-28T19:42:37.483+0000] {spark_submit.py:490} INFO - driverExtraJavaOptions  null
[2025-05-28T19:42:37.484+0000] {spark_submit.py:490} INFO - supervise               false
[2025-05-28T19:42:37.484+0000] {spark_submit.py:490} INFO - queue                   null
[2025-05-28T19:42:37.484+0000] {spark_submit.py:490} INFO - numExecutors            null
[2025-05-28T19:42:37.484+0000] {spark_submit.py:490} INFO - files                   null
[2025-05-28T19:42:37.484+0000] {spark_submit.py:490} INFO - pyFiles                 null
[2025-05-28T19:42:37.484+0000] {spark_submit.py:490} INFO - archives                null
[2025-05-28T19:42:37.485+0000] {spark_submit.py:490} INFO - mainClass               null
[2025-05-28T19:42:37.486+0000] {spark_submit.py:490} INFO - primaryResource         file:/opt/***/spark/scripts/process_raw_trn.py
[2025-05-28T19:42:37.492+0000] {spark_submit.py:490} INFO - name                    arrow-spark
[2025-05-28T19:42:37.492+0000] {spark_submit.py:490} INFO - childArgs               []
[2025-05-28T19:42:37.492+0000] {spark_submit.py:490} INFO - jars                    null
[2025-05-28T19:42:37.492+0000] {spark_submit.py:490} INFO - packages                null
[2025-05-28T19:42:37.493+0000] {spark_submit.py:490} INFO - packagesExclusions      null
[2025-05-28T19:42:37.493+0000] {spark_submit.py:490} INFO - repositories            null
[2025-05-28T19:42:37.493+0000] {spark_submit.py:490} INFO - verbose                 true
[2025-05-28T19:42:37.493+0000] {spark_submit.py:490} INFO - 
[2025-05-28T19:42:37.493+0000] {spark_submit.py:490} INFO - Spark properties used, including those specified through
[2025-05-28T19:42:37.494+0000] {spark_submit.py:490} INFO - --conf and those from the properties file null:
[2025-05-28T19:42:37.494+0000] {spark_submit.py:490} INFO - (spark.hadoop.fs.s3a.access.key,*********(redacted))
[2025-05-28T19:42:37.494+0000] {spark_submit.py:490} INFO - (spark.hadoop.fs.s3a.connection.ssl.enabled,false)
[2025-05-28T19:42:37.494+0000] {spark_submit.py:490} INFO - (spark.hadoop.fs.s3a.endpoint,http://minio:9000)
[2025-05-28T19:42:37.494+0000] {spark_submit.py:490} INFO - (spark.hadoop.fs.s3a.impl,org.apache.hadoop.fs.s3a.S3AFileSystem)
[2025-05-28T19:42:37.495+0000] {spark_submit.py:490} INFO - (spark.hadoop.fs.s3a.path.style.access,true)
[2025-05-28T19:42:37.495+0000] {spark_submit.py:490} INFO - (spark.hadoop.fs.s3a.secret.key,*********(redacted))
[2025-05-28T19:42:37.495+0000] {spark_submit.py:490} INFO - 
[2025-05-28T19:42:37.495+0000] {spark_submit.py:490} INFO - 
[2025-05-28T19:42:38.638+0000] {spark_submit.py:490} INFO - Main class:
[2025-05-28T19:42:38.639+0000] {spark_submit.py:490} INFO - org.apache.spark.deploy.PythonRunner
[2025-05-28T19:42:38.640+0000] {spark_submit.py:490} INFO - Arguments:
[2025-05-28T19:42:38.640+0000] {spark_submit.py:490} INFO - file:/opt/***/spark/scripts/process_raw_trn.py
[2025-05-28T19:42:38.640+0000] {spark_submit.py:490} INFO - null
[2025-05-28T19:42:38.642+0000] {spark_submit.py:490} INFO - Spark config:
[2025-05-28T19:42:38.642+0000] {spark_submit.py:490} INFO - (spark.app.name,arrow-spark)
[2025-05-28T19:42:38.642+0000] {spark_submit.py:490} INFO - (spark.app.submitTime,1748461358600)
[2025-05-28T19:42:38.642+0000] {spark_submit.py:490} INFO - (spark.hadoop.fs.s3a.access.key,*********(redacted))
[2025-05-28T19:42:38.643+0000] {spark_submit.py:490} INFO - (spark.hadoop.fs.s3a.connection.ssl.enabled,false)
[2025-05-28T19:42:38.643+0000] {spark_submit.py:490} INFO - (spark.hadoop.fs.s3a.endpoint,http://minio:9000)
[2025-05-28T19:42:38.643+0000] {spark_submit.py:490} INFO - (spark.hadoop.fs.s3a.impl,org.apache.hadoop.fs.s3a.S3AFileSystem)
[2025-05-28T19:42:38.643+0000] {spark_submit.py:490} INFO - (spark.hadoop.fs.s3a.path.style.access,true)
[2025-05-28T19:42:38.643+0000] {spark_submit.py:490} INFO - (spark.hadoop.fs.s3a.secret.key,*********(redacted))
[2025-05-28T19:42:38.644+0000] {spark_submit.py:490} INFO - (spark.master,spark://spark-master:7077)
[2025-05-28T19:42:38.644+0000] {spark_submit.py:490} INFO - (spark.submit.deployMode,client)
[2025-05-28T19:42:38.644+0000] {spark_submit.py:490} INFO - (spark.submit.pyFiles,)
[2025-05-28T19:42:38.644+0000] {spark_submit.py:490} INFO - Classpath elements:
[2025-05-28T19:42:38.645+0000] {spark_submit.py:490} INFO - 
[2025-05-28T19:42:38.645+0000] {spark_submit.py:490} INFO - 
[2025-05-28T19:42:38.645+0000] {spark_submit.py:490} INFO - 
[2025-05-28T19:42:42.181+0000] {spark_submit.py:490} INFO - 25/05/28 19:42:42 INFO SparkContext: Running Spark version 3.3.1
[2025-05-28T19:42:42.431+0000] {spark_submit.py:490} INFO - 25/05/28 19:42:42 WARN NativeCodeLoader: Unable to load native-hadoop library for your platform... using builtin-java classes where applicable
[2025-05-28T19:42:42.818+0000] {spark_submit.py:490} INFO - 25/05/28 19:42:42 INFO ResourceUtils: ==============================================================
[2025-05-28T19:42:42.820+0000] {spark_submit.py:490} INFO - 25/05/28 19:42:42 INFO ResourceUtils: No custom resources configured for spark.driver.
[2025-05-28T19:42:42.823+0000] {spark_submit.py:490} INFO - 25/05/28 19:42:42 INFO ResourceUtils: ==============================================================
[2025-05-28T19:42:42.825+0000] {spark_submit.py:490} INFO - 25/05/28 19:42:42 INFO SparkContext: Submitted application: CSV2Parquet
[2025-05-28T19:42:42.976+0000] {spark_submit.py:490} INFO - 25/05/28 19:42:42 INFO ResourceProfile: Default ResourceProfile created, executor resources: Map(cores -> name: cores, amount: 1, script: , vendor: , memory -> name: memory, amount: 1024, script: , vendor: , offHeap -> name: offHeap, amount: 0, script: , vendor: ), task resources: Map(cpus -> name: cpus, amount: 1.0)
[2025-05-28T19:42:43.036+0000] {spark_submit.py:490} INFO - 25/05/28 19:42:43 INFO ResourceProfile: Limiting resource is cpu
[2025-05-28T19:42:43.036+0000] {spark_submit.py:490} INFO - 25/05/28 19:42:43 INFO ResourceProfileManager: Added ResourceProfile id: 0
[2025-05-28T19:42:43.262+0000] {spark_submit.py:490} INFO - 25/05/28 19:42:43 INFO SecurityManager: Changing view acls to: ***
[2025-05-28T19:42:43.270+0000] {spark_submit.py:490} INFO - 25/05/28 19:42:43 INFO SecurityManager: Changing modify acls to: ***
[2025-05-28T19:42:43.271+0000] {spark_submit.py:490} INFO - 25/05/28 19:42:43 INFO SecurityManager: Changing view acls groups to:
[2025-05-28T19:42:43.271+0000] {spark_submit.py:490} INFO - 25/05/28 19:42:43 INFO SecurityManager: Changing modify acls groups to:
[2025-05-28T19:42:43.272+0000] {spark_submit.py:490} INFO - 25/05/28 19:42:43 INFO SecurityManager: SecurityManager: authentication disabled; ui acls disabled; users  with view permissions: Set(***); groups with view permissions: Set(); users  with modify permissions: Set(***); groups with modify permissions: Set()
[2025-05-28T19:42:43.958+0000] {spark_submit.py:490} INFO - 25/05/28 19:42:43 INFO Utils: Successfully started service 'sparkDriver' on port 38137.
[2025-05-28T19:42:44.034+0000] {spark_submit.py:490} INFO - 25/05/28 19:42:44 INFO SparkEnv: Registering MapOutputTracker
[2025-05-28T19:42:44.084+0000] {spark_submit.py:490} INFO - 25/05/28 19:42:44 INFO SparkEnv: Registering BlockManagerMaster
[2025-05-28T19:42:44.152+0000] {spark_submit.py:490} INFO - 25/05/28 19:42:44 INFO BlockManagerMasterEndpoint: Using org.apache.spark.storage.DefaultTopologyMapper for getting topology information
[2025-05-28T19:42:44.155+0000] {spark_submit.py:490} INFO - 25/05/28 19:42:44 INFO BlockManagerMasterEndpoint: BlockManagerMasterEndpoint up
[2025-05-28T19:42:44.162+0000] {spark_submit.py:490} INFO - 25/05/28 19:42:44 INFO SparkEnv: Registering BlockManagerMasterHeartbeat
[2025-05-28T19:42:44.217+0000] {spark_submit.py:490} INFO - 25/05/28 19:42:44 INFO DiskBlockManager: Created local directory at /tmp/blockmgr-a874df08-ef31-4043-8bc6-c3a30c21f016
[2025-05-28T19:42:44.277+0000] {spark_submit.py:490} INFO - 25/05/28 19:42:44 INFO MemoryStore: MemoryStore started with capacity 434.4 MiB
[2025-05-28T19:42:44.312+0000] {spark_submit.py:490} INFO - 25/05/28 19:42:44 INFO SparkEnv: Registering OutputCommitCoordinator
[2025-05-28T19:42:45.015+0000] {local_task_job_runner.py:292} WARNING - State of this instance has been externally set to restarting. Terminating instance.
[2025-05-28T19:42:45.094+0000] {process_utils.py:135} INFO - Sending Signals.SIGTERM to group 376. PIDs of all processes in the group: [377, 420, 376]
[2025-05-28T19:42:45.097+0000] {process_utils.py:86} INFO - Sending the signal Signals.SIGTERM to group 376
[2025-05-28T19:42:45.118+0000] {taskinstance.py:1517} ERROR - Received SIGTERM. Terminating subprocesses.
[2025-05-28T19:42:45.146+0000] {spark_submit.py:615} INFO - Sending kill signal to spark-submit
[2025-05-28T19:42:45.386+0000] {process_utils.py:79} INFO - Process psutil.Process(pid=420, status='terminated', started='19:42:37') (420) terminated with exit code None
[2025-05-28T19:42:45.489+0000] {taskinstance.py:1824} ERROR - Task failed with exception
Traceback (most recent call last):
  File "/home/airflow/.local/lib/python3.7/site-packages/airflow/providers/apache/spark/operators/spark_submit.py", line 157, in execute
    self._hook.submit(self._application)
  File "/home/airflow/.local/lib/python3.7/site-packages/airflow/providers/apache/spark/hooks/spark_submit.py", line 409, in submit
    self._process_spark_submit_log(iter(self._submit_sp.stdout))  # type: ignore
  File "/home/airflow/.local/lib/python3.7/site-packages/airflow/providers/apache/spark/hooks/spark_submit.py", line 458, in _process_spark_submit_log
    for line in itr:
  File "/home/airflow/.local/lib/python3.7/site-packages/airflow/models/taskinstance.py", line 1519, in signal_handler
    raise AirflowException("Task received SIGTERM signal")
airflow.exceptions.AirflowException: Task received SIGTERM signal
[2025-05-28T19:42:45.613+0000] {taskinstance.py:1350} INFO - Marking task as UP_FOR_RETRY. dag_id=mrp_colors_csv_to_parquet, task_id=run_spark_csv2parquet123, execution_date=20250527T000000, start_date=20250528T194228, end_date=20250528T194245
[2025-05-28T19:42:45.810+0000] {standard_task_runner.py:109} ERROR - Failed to execute job 73 for task run_spark_csv2parquet123 (Task received SIGTERM signal; 376)
[2025-05-28T19:42:46.045+0000] {process_utils.py:79} INFO - Process psutil.Process(pid=377, status='terminated', started='19:42:28') (377) terminated with exit code None
[2025-05-28T19:42:46.050+0000] {process_utils.py:79} INFO - Process psutil.Process(pid=376, status='terminated', exitcode=1, started='19:42:27') (376) terminated with exit code 1
