[2025-05-28T19:29:44.541+0000] {taskinstance.py:1103} INFO - Dependencies all met for dep_context=non-requeueable deps ti=<TaskInstance: mrp_colors_csv_to_parquet.run_spark_csv2parquet123 scheduled__2025-05-27T00:00:00+00:00 [queued]>
[2025-05-28T19:29:44.551+0000] {taskinstance.py:1103} INFO - Dependencies all met for dep_context=requeueable deps ti=<TaskInstance: mrp_colors_csv_to_parquet.run_spark_csv2parquet123 scheduled__2025-05-27T00:00:00+00:00 [queued]>
[2025-05-28T19:29:44.551+0000] {taskinstance.py:1308} INFO - Starting attempt 2 of 3
[2025-05-28T19:29:44.568+0000] {taskinstance.py:1327} INFO - Executing <Task(SparkSubmitOperator): run_spark_csv2parquet123> on 2025-05-27 00:00:00+00:00
[2025-05-28T19:29:44.574+0000] {standard_task_runner.py:57} INFO - Started process 1505 to run task
[2025-05-28T19:29:44.578+0000] {standard_task_runner.py:84} INFO - Running: ['***', 'tasks', 'run', 'mrp_colors_csv_to_parquet', 'run_spark_csv2parquet123', 'scheduled__2025-05-27T00:00:00+00:00', '--job-id', '69', '--raw', '--subdir', 'DAGS_FOLDER/pl_spark_mrp_colors.py', '--cfg-path', '/tmp/tmp98w6zen_']
[2025-05-28T19:29:44.581+0000] {standard_task_runner.py:85} INFO - Job 69: Subtask run_spark_csv2parquet123
[2025-05-28T19:29:44.639+0000] {task_command.py:410} INFO - Running <TaskInstance: mrp_colors_csv_to_parquet.run_spark_csv2parquet123 scheduled__2025-05-27T00:00:00+00:00 [running]> on host eaf4f15a0767
[2025-05-28T19:29:44.710+0000] {taskinstance.py:1547} INFO - Exporting env vars: AIRFLOW_CTX_DAG_OWNER='***' AIRFLOW_CTX_DAG_ID='mrp_colors_csv_to_parquet' AIRFLOW_CTX_TASK_ID='run_spark_csv2parquet123' AIRFLOW_CTX_EXECUTION_DATE='2025-05-27T00:00:00+00:00' AIRFLOW_CTX_TRY_NUMBER='2' AIRFLOW_CTX_DAG_RUN_ID='scheduled__2025-05-27T00:00:00+00:00'
[2025-05-28T19:29:44.712+0000] {base.py:73} INFO - Using connection ID 'spark_default' for task execution.
[2025-05-28T19:29:44.713+0000] {spark_submit.py:339} INFO - Spark-Submit cmd: spark-submit --master spark-master:7077 --name arrow-spark --verbose /opt/***/spark/scripts/process_raw_trn.py
[2025-05-28T19:29:45.849+0000] {spark_submit.py:490} INFO - Using properties file: null
[2025-05-28T19:29:45.914+0000] {spark_submit.py:490} INFO - Parsed arguments:
[2025-05-28T19:29:45.914+0000] {spark_submit.py:490} INFO - master                  spark-master:7077
[2025-05-28T19:29:45.915+0000] {spark_submit.py:490} INFO - deployMode              null
[2025-05-28T19:29:45.915+0000] {spark_submit.py:490} INFO - executorMemory          null
[2025-05-28T19:29:45.915+0000] {spark_submit.py:490} INFO - executorCores           null
[2025-05-28T19:29:45.915+0000] {spark_submit.py:490} INFO - totalExecutorCores      null
[2025-05-28T19:29:45.915+0000] {spark_submit.py:490} INFO - propertiesFile          null
[2025-05-28T19:29:45.915+0000] {spark_submit.py:490} INFO - driverMemory            null
[2025-05-28T19:29:45.916+0000] {spark_submit.py:490} INFO - driverCores             null
[2025-05-28T19:29:45.916+0000] {spark_submit.py:490} INFO - driverExtraClassPath    null
[2025-05-28T19:29:45.916+0000] {spark_submit.py:490} INFO - driverExtraLibraryPath  null
[2025-05-28T19:29:45.916+0000] {spark_submit.py:490} INFO - driverExtraJavaOptions  null
[2025-05-28T19:29:45.916+0000] {spark_submit.py:490} INFO - supervise               false
[2025-05-28T19:29:45.916+0000] {spark_submit.py:490} INFO - queue                   null
[2025-05-28T19:29:45.917+0000] {spark_submit.py:490} INFO - numExecutors            null
[2025-05-28T19:29:45.917+0000] {spark_submit.py:490} INFO - files                   null
[2025-05-28T19:29:45.917+0000] {spark_submit.py:490} INFO - pyFiles                 null
[2025-05-28T19:29:45.917+0000] {spark_submit.py:490} INFO - archives                null
[2025-05-28T19:29:45.917+0000] {spark_submit.py:490} INFO - mainClass               null
[2025-05-28T19:29:45.917+0000] {spark_submit.py:490} INFO - primaryResource         file:/opt/***/spark/scripts/process_raw_trn.py
[2025-05-28T19:29:45.918+0000] {spark_submit.py:490} INFO - name                    arrow-spark
[2025-05-28T19:29:45.918+0000] {spark_submit.py:490} INFO - childArgs               []
[2025-05-28T19:29:45.918+0000] {spark_submit.py:490} INFO - jars                    null
[2025-05-28T19:29:45.918+0000] {spark_submit.py:490} INFO - packages                null
[2025-05-28T19:29:45.918+0000] {spark_submit.py:490} INFO - packagesExclusions      null
[2025-05-28T19:29:45.918+0000] {spark_submit.py:490} INFO - repositories            null
[2025-05-28T19:29:45.918+0000] {spark_submit.py:490} INFO - verbose                 true
[2025-05-28T19:29:45.919+0000] {spark_submit.py:490} INFO - 
[2025-05-28T19:29:45.919+0000] {spark_submit.py:490} INFO - Spark properties used, including those specified through
[2025-05-28T19:29:45.919+0000] {spark_submit.py:490} INFO - --conf and those from the properties file null:
[2025-05-28T19:29:45.919+0000] {spark_submit.py:490} INFO - 
[2025-05-28T19:29:45.919+0000] {spark_submit.py:490} INFO - 
[2025-05-28T19:29:45.919+0000] {spark_submit.py:490} INFO - 
[2025-05-28T19:29:46.076+0000] {spark_submit.py:490} INFO - Main class:
[2025-05-28T19:29:46.076+0000] {spark_submit.py:490} INFO - org.apache.spark.deploy.PythonRunner
[2025-05-28T19:29:46.076+0000] {spark_submit.py:490} INFO - Arguments:
[2025-05-28T19:29:46.077+0000] {spark_submit.py:490} INFO - file:/opt/***/spark/scripts/process_raw_trn.py
[2025-05-28T19:29:46.077+0000] {spark_submit.py:490} INFO - null
[2025-05-28T19:29:46.078+0000] {spark_submit.py:490} INFO - Spark config:
[2025-05-28T19:29:46.078+0000] {spark_submit.py:490} INFO - (spark.app.name,arrow-spark)
[2025-05-28T19:29:46.078+0000] {spark_submit.py:490} INFO - (spark.app.submitTime,1748460586067)
[2025-05-28T19:29:46.079+0000] {spark_submit.py:490} INFO - (spark.master,spark-master:7077)
[2025-05-28T19:29:46.079+0000] {spark_submit.py:490} INFO - (spark.submit.deployMode,client)
[2025-05-28T19:29:46.079+0000] {spark_submit.py:490} INFO - (spark.submit.pyFiles,)
[2025-05-28T19:29:46.079+0000] {spark_submit.py:490} INFO - Classpath elements:
[2025-05-28T19:29:46.080+0000] {spark_submit.py:490} INFO - 
[2025-05-28T19:29:46.080+0000] {spark_submit.py:490} INFO - 
[2025-05-28T19:29:46.080+0000] {spark_submit.py:490} INFO - 
[2025-05-28T19:29:46.731+0000] {spark_submit.py:490} INFO - 25/05/28 19:29:46 INFO SparkContext: Running Spark version 3.3.1
[2025-05-28T19:29:46.793+0000] {spark_submit.py:490} INFO - 25/05/28 19:29:46 WARN NativeCodeLoader: Unable to load native-hadoop library for your platform... using builtin-java classes where applicable
[2025-05-28T19:29:46.860+0000] {spark_submit.py:490} INFO - 25/05/28 19:29:46 INFO ResourceUtils: ==============================================================
[2025-05-28T19:29:46.861+0000] {spark_submit.py:490} INFO - 25/05/28 19:29:46 INFO ResourceUtils: No custom resources configured for spark.driver.
[2025-05-28T19:29:46.861+0000] {spark_submit.py:490} INFO - 25/05/28 19:29:46 INFO ResourceUtils: ==============================================================
[2025-05-28T19:29:46.862+0000] {spark_submit.py:490} INFO - 25/05/28 19:29:46 INFO SparkContext: Submitted application: CSV2Parquet
[2025-05-28T19:29:46.878+0000] {spark_submit.py:490} INFO - 25/05/28 19:29:46 INFO ResourceProfile: Default ResourceProfile created, executor resources: Map(cores -> name: cores, amount: 1, script: , vendor: , memory -> name: memory, amount: 1024, script: , vendor: , offHeap -> name: offHeap, amount: 0, script: , vendor: ), task resources: Map(cpus -> name: cpus, amount: 1.0)
[2025-05-28T19:29:46.885+0000] {spark_submit.py:490} INFO - 25/05/28 19:29:46 INFO ResourceProfile: Limiting resource is cpu
[2025-05-28T19:29:46.885+0000] {spark_submit.py:490} INFO - 25/05/28 19:29:46 INFO ResourceProfileManager: Added ResourceProfile id: 0
[2025-05-28T19:29:46.916+0000] {spark_submit.py:490} INFO - 25/05/28 19:29:46 INFO SecurityManager: Changing view acls to: ***
[2025-05-28T19:29:46.916+0000] {spark_submit.py:490} INFO - 25/05/28 19:29:46 INFO SecurityManager: Changing modify acls to: ***
[2025-05-28T19:29:46.916+0000] {spark_submit.py:490} INFO - 25/05/28 19:29:46 INFO SecurityManager: Changing view acls groups to:
[2025-05-28T19:29:46.917+0000] {spark_submit.py:490} INFO - 25/05/28 19:29:46 INFO SecurityManager: Changing modify acls groups to:
[2025-05-28T19:29:46.917+0000] {spark_submit.py:490} INFO - 25/05/28 19:29:46 INFO SecurityManager: SecurityManager: authentication disabled; ui acls disabled; users  with view permissions: Set(***); groups with view permissions: Set(); users  with modify permissions: Set(***); groups with modify permissions: Set()
[2025-05-28T19:29:47.095+0000] {spark_submit.py:490} INFO - 25/05/28 19:29:47 INFO Utils: Successfully started service 'sparkDriver' on port 44453.
[2025-05-28T19:29:47.121+0000] {spark_submit.py:490} INFO - 25/05/28 19:29:47 INFO SparkEnv: Registering MapOutputTracker
[2025-05-28T19:29:47.146+0000] {spark_submit.py:490} INFO - 25/05/28 19:29:47 INFO SparkEnv: Registering BlockManagerMaster
[2025-05-28T19:29:47.158+0000] {spark_submit.py:490} INFO - 25/05/28 19:29:47 INFO BlockManagerMasterEndpoint: Using org.apache.spark.storage.DefaultTopologyMapper for getting topology information
[2025-05-28T19:29:47.158+0000] {spark_submit.py:490} INFO - 25/05/28 19:29:47 INFO BlockManagerMasterEndpoint: BlockManagerMasterEndpoint up
[2025-05-28T19:29:47.161+0000] {spark_submit.py:490} INFO - 25/05/28 19:29:47 INFO SparkEnv: Registering BlockManagerMasterHeartbeat
[2025-05-28T19:29:47.180+0000] {spark_submit.py:490} INFO - 25/05/28 19:29:47 INFO DiskBlockManager: Created local directory at /tmp/blockmgr-56ec2a84-4d7f-427b-a776-1345d427569b
[2025-05-28T19:29:47.194+0000] {spark_submit.py:490} INFO - 25/05/28 19:29:47 INFO MemoryStore: MemoryStore started with capacity 434.4 MiB
[2025-05-28T19:29:47.205+0000] {spark_submit.py:490} INFO - 25/05/28 19:29:47 INFO SparkEnv: Registering OutputCommitCoordinator
[2025-05-28T19:29:47.322+0000] {spark_submit.py:490} INFO - 25/05/28 19:29:47 INFO Utils: Successfully started service 'SparkUI' on port 4040.
[2025-05-28T19:29:47.369+0000] {spark_submit.py:490} INFO - 25/05/28 19:29:47 ERROR SparkContext: Error initializing SparkContext.
[2025-05-28T19:29:47.370+0000] {spark_submit.py:490} INFO - org.apache.spark.SparkException: Could not parse Master URL: 'spark-master:7077'
[2025-05-28T19:29:47.370+0000] {spark_submit.py:490} INFO - at org.apache.spark.SparkContext$.org$apache$spark$SparkContext$$createTaskScheduler(SparkContext.scala:2982)
[2025-05-28T19:29:47.370+0000] {spark_submit.py:490} INFO - at org.apache.spark.SparkContext.<init>(SparkContext.scala:563)
[2025-05-28T19:29:47.371+0000] {spark_submit.py:490} INFO - at org.apache.spark.api.java.JavaSparkContext.<init>(JavaSparkContext.scala:58)
[2025-05-28T19:29:47.371+0000] {spark_submit.py:490} INFO - at java.base/jdk.internal.reflect.NativeConstructorAccessorImpl.newInstance0(Native Method)
[2025-05-28T19:29:47.371+0000] {spark_submit.py:490} INFO - at java.base/jdk.internal.reflect.NativeConstructorAccessorImpl.newInstance(NativeConstructorAccessorImpl.java:62)
[2025-05-28T19:29:47.371+0000] {spark_submit.py:490} INFO - at java.base/jdk.internal.reflect.DelegatingConstructorAccessorImpl.newInstance(DelegatingConstructorAccessorImpl.java:45)
[2025-05-28T19:29:47.371+0000] {spark_submit.py:490} INFO - at java.base/java.lang.reflect.Constructor.newInstance(Constructor.java:490)
[2025-05-28T19:29:47.371+0000] {spark_submit.py:490} INFO - at py4j.reflection.MethodInvoker.invoke(MethodInvoker.java:247)
[2025-05-28T19:29:47.372+0000] {spark_submit.py:490} INFO - at py4j.reflection.ReflectionEngine.invoke(ReflectionEngine.java:357)
[2025-05-28T19:29:47.372+0000] {spark_submit.py:490} INFO - at py4j.Gateway.invoke(Gateway.java:238)
[2025-05-28T19:29:47.372+0000] {spark_submit.py:490} INFO - at py4j.commands.ConstructorCommand.invokeConstructor(ConstructorCommand.java:80)
[2025-05-28T19:29:47.372+0000] {spark_submit.py:490} INFO - at py4j.commands.ConstructorCommand.execute(ConstructorCommand.java:69)
[2025-05-28T19:29:47.372+0000] {spark_submit.py:490} INFO - at py4j.ClientServerConnection.waitForCommands(ClientServerConnection.java:182)
[2025-05-28T19:29:47.372+0000] {spark_submit.py:490} INFO - at py4j.ClientServerConnection.run(ClientServerConnection.java:106)
[2025-05-28T19:29:47.373+0000] {spark_submit.py:490} INFO - at java.base/java.lang.Thread.run(Thread.java:829)
[2025-05-28T19:29:47.378+0000] {spark_submit.py:490} INFO - 25/05/28 19:29:47 INFO SparkUI: Stopped Spark web UI at http://eaf4f15a0767:4040
[2025-05-28T19:29:47.396+0000] {spark_submit.py:490} INFO - 25/05/28 19:29:47 INFO MapOutputTrackerMasterEndpoint: MapOutputTrackerMasterEndpoint stopped!
[2025-05-28T19:29:47.411+0000] {spark_submit.py:490} INFO - 25/05/28 19:29:47 INFO MemoryStore: MemoryStore cleared
[2025-05-28T19:29:47.411+0000] {spark_submit.py:490} INFO - 25/05/28 19:29:47 INFO BlockManager: BlockManager stopped
[2025-05-28T19:29:47.424+0000] {spark_submit.py:490} INFO - 25/05/28 19:29:47 INFO BlockManagerMaster: BlockManagerMaster stopped
[2025-05-28T19:29:47.425+0000] {spark_submit.py:490} INFO - 25/05/28 19:29:47 WARN MetricsSystem: Stopping a MetricsSystem that is not running
[2025-05-28T19:29:47.428+0000] {spark_submit.py:490} INFO - 25/05/28 19:29:47 INFO OutputCommitCoordinator$OutputCommitCoordinatorEndpoint: OutputCommitCoordinator stopped!
[2025-05-28T19:29:47.438+0000] {spark_submit.py:490} INFO - 25/05/28 19:29:47 INFO SparkContext: Successfully stopped SparkContext
[2025-05-28T19:29:47.439+0000] {spark_submit.py:490} INFO - Traceback (most recent call last):
[2025-05-28T19:29:47.439+0000] {spark_submit.py:490} INFO - File "/opt/***/spark/scripts/process_raw_trn.py", line 54, in <module>
[2025-05-28T19:29:47.440+0000] {spark_submit.py:490} INFO - main()
[2025-05-28T19:29:47.440+0000] {spark_submit.py:490} INFO - File "/opt/***/spark/scripts/process_raw_trn.py", line 31, in main
[2025-05-28T19:29:47.441+0000] {spark_submit.py:490} INFO - spark = SparkSession.builder.appName("CSV2Parquet").getOrCreate()
[2025-05-28T19:29:47.441+0000] {spark_submit.py:490} INFO - File "/opt/spark/python/lib/pyspark.zip/pyspark/sql/session.py", line 269, in getOrCreate
[2025-05-28T19:29:47.441+0000] {spark_submit.py:490} INFO - File "/opt/spark/python/lib/pyspark.zip/pyspark/context.py", line 483, in getOrCreate
[2025-05-28T19:29:47.441+0000] {spark_submit.py:490} INFO - File "/opt/spark/python/lib/pyspark.zip/pyspark/context.py", line 208, in __init__
[2025-05-28T19:29:47.441+0000] {spark_submit.py:490} INFO - File "/opt/spark/python/lib/pyspark.zip/pyspark/context.py", line 282, in _do_init
[2025-05-28T19:29:47.442+0000] {spark_submit.py:490} INFO - File "/opt/spark/python/lib/pyspark.zip/pyspark/context.py", line 402, in _initialize_context
[2025-05-28T19:29:47.442+0000] {spark_submit.py:490} INFO - File "/opt/spark/python/lib/py4j-0.10.9.5-src.zip/py4j/java_gateway.py", line 1586, in __call__
[2025-05-28T19:29:47.442+0000] {spark_submit.py:490} INFO - File "/opt/spark/python/lib/py4j-0.10.9.5-src.zip/py4j/protocol.py", line 328, in get_return_value
[2025-05-28T19:29:47.442+0000] {spark_submit.py:490} INFO - py4j.protocol.Py4JJavaError: An error occurred while calling None.org.apache.spark.api.java.JavaSparkContext.
[2025-05-28T19:29:47.443+0000] {spark_submit.py:490} INFO - : org.apache.spark.SparkException: Could not parse Master URL: 'spark-master:7077'
[2025-05-28T19:29:47.443+0000] {spark_submit.py:490} INFO - at org.apache.spark.SparkContext$.org$apache$spark$SparkContext$$createTaskScheduler(SparkContext.scala:2982)
[2025-05-28T19:29:47.443+0000] {spark_submit.py:490} INFO - at org.apache.spark.SparkContext.<init>(SparkContext.scala:563)
[2025-05-28T19:29:47.444+0000] {spark_submit.py:490} INFO - at org.apache.spark.api.java.JavaSparkContext.<init>(JavaSparkContext.scala:58)
[2025-05-28T19:29:47.444+0000] {spark_submit.py:490} INFO - at java.base/jdk.internal.reflect.NativeConstructorAccessorImpl.newInstance0(Native Method)
[2025-05-28T19:29:47.444+0000] {spark_submit.py:490} INFO - at java.base/jdk.internal.reflect.NativeConstructorAccessorImpl.newInstance(NativeConstructorAccessorImpl.java:62)
[2025-05-28T19:29:47.444+0000] {spark_submit.py:490} INFO - at java.base/jdk.internal.reflect.DelegatingConstructorAccessorImpl.newInstance(DelegatingConstructorAccessorImpl.java:45)
[2025-05-28T19:29:47.445+0000] {spark_submit.py:490} INFO - at java.base/java.lang.reflect.Constructor.newInstance(Constructor.java:490)
[2025-05-28T19:29:47.445+0000] {spark_submit.py:490} INFO - at py4j.reflection.MethodInvoker.invoke(MethodInvoker.java:247)
[2025-05-28T19:29:47.446+0000] {spark_submit.py:490} INFO - at py4j.reflection.ReflectionEngine.invoke(ReflectionEngine.java:357)
[2025-05-28T19:29:47.447+0000] {spark_submit.py:490} INFO - at py4j.Gateway.invoke(Gateway.java:238)
[2025-05-28T19:29:47.447+0000] {spark_submit.py:490} INFO - at py4j.commands.ConstructorCommand.invokeConstructor(ConstructorCommand.java:80)
[2025-05-28T19:29:47.448+0000] {spark_submit.py:490} INFO - at py4j.commands.ConstructorCommand.execute(ConstructorCommand.java:69)
[2025-05-28T19:29:47.448+0000] {spark_submit.py:490} INFO - at py4j.ClientServerConnection.waitForCommands(ClientServerConnection.java:182)
[2025-05-28T19:29:47.449+0000] {spark_submit.py:490} INFO - at py4j.ClientServerConnection.run(ClientServerConnection.java:106)
[2025-05-28T19:29:47.449+0000] {spark_submit.py:490} INFO - at java.base/java.lang.Thread.run(Thread.java:829)
[2025-05-28T19:29:47.449+0000] {spark_submit.py:490} INFO - 
[2025-05-28T19:29:47.474+0000] {spark_submit.py:490} INFO - 25/05/28 19:29:47 INFO ShutdownHookManager: Shutdown hook called
[2025-05-28T19:29:47.475+0000] {spark_submit.py:490} INFO - 25/05/28 19:29:47 INFO ShutdownHookManager: Deleting directory /tmp/spark-4cffcfb1-8f03-4529-aa94-88243e8ba5a4
[2025-05-28T19:29:47.479+0000] {spark_submit.py:490} INFO - 25/05/28 19:29:47 INFO ShutdownHookManager: Deleting directory /tmp/spark-46232dc0-1b65-425a-932d-eec4b6186d3c
[2025-05-28T19:29:47.524+0000] {taskinstance.py:1824} ERROR - Task failed with exception
Traceback (most recent call last):
  File "/home/airflow/.local/lib/python3.7/site-packages/airflow/providers/apache/spark/operators/spark_submit.py", line 157, in execute
    self._hook.submit(self._application)
  File "/home/airflow/.local/lib/python3.7/site-packages/airflow/providers/apache/spark/hooks/spark_submit.py", line 422, in submit
    f"Cannot execute: {self._mask_cmd(spark_submit_cmd)}. Error code is: {returncode}."
airflow.exceptions.AirflowException: Cannot execute: spark-submit --master spark-master:7077 --name arrow-spark --verbose /opt/***/spark/scripts/process_raw_trn.py. Error code is: 1.
[2025-05-28T19:29:47.528+0000] {taskinstance.py:1350} INFO - Marking task as UP_FOR_RETRY. dag_id=mrp_colors_csv_to_parquet, task_id=run_spark_csv2parquet123, execution_date=20250527T000000, start_date=20250528T192944, end_date=20250528T192947
[2025-05-28T19:29:47.537+0000] {standard_task_runner.py:109} ERROR - Failed to execute job 69 for task run_spark_csv2parquet123 (Cannot execute: spark-submit --master spark-master:7077 --name arrow-spark --verbose /opt/***/spark/scripts/process_raw_trn.py. Error code is: 1.; 1505)
[2025-05-28T19:29:47.582+0000] {local_task_job_runner.py:225} INFO - Task exited with return code 1
[2025-05-28T19:29:47.597+0000] {taskinstance.py:2653} INFO - 0 downstream tasks scheduled from follow-on schedule check
