[2025-05-28T19:20:19.501+0000] {taskinstance.py:1103} INFO - Dependencies all met for dep_context=non-requeueable deps ti=<TaskInstance: mrp_colors_csv_to_parquet.run_spark_csv2parquet manual__2025-05-28T19:20:17.709375+00:00 [queued]>
[2025-05-28T19:20:19.509+0000] {taskinstance.py:1103} INFO - Dependencies all met for dep_context=requeueable deps ti=<TaskInstance: mrp_colors_csv_to_parquet.run_spark_csv2parquet manual__2025-05-28T19:20:17.709375+00:00 [queued]>
[2025-05-28T19:20:19.510+0000] {taskinstance.py:1308} INFO - Starting attempt 1 of 2
[2025-05-28T19:20:19.520+0000] {taskinstance.py:1327} INFO - Executing <Task(SparkSubmitOperator): run_spark_csv2parquet> on 2025-05-28 19:20:17.709375+00:00
[2025-05-28T19:20:19.526+0000] {standard_task_runner.py:57} INFO - Started process 548 to run task
[2025-05-28T19:20:19.530+0000] {standard_task_runner.py:84} INFO - Running: ['***', 'tasks', 'run', 'mrp_colors_csv_to_parquet', 'run_spark_csv2parquet', 'manual__2025-05-28T19:20:17.709375+00:00', '--job-id', '62', '--raw', '--subdir', 'DAGS_FOLDER/pl_spark_mrp_colors.py', '--cfg-path', '/tmp/tmp9wy6mov2']
[2025-05-28T19:20:19.533+0000] {standard_task_runner.py:85} INFO - Job 62: Subtask run_spark_csv2parquet
[2025-05-28T19:20:19.579+0000] {task_command.py:410} INFO - Running <TaskInstance: mrp_colors_csv_to_parquet.run_spark_csv2parquet manual__2025-05-28T19:20:17.709375+00:00 [running]> on host eaf4f15a0767
[2025-05-28T19:20:19.644+0000] {taskinstance.py:1547} INFO - Exporting env vars: AIRFLOW_CTX_DAG_OWNER='***' AIRFLOW_CTX_DAG_ID='mrp_colors_csv_to_parquet' AIRFLOW_CTX_TASK_ID='run_spark_csv2parquet' AIRFLOW_CTX_EXECUTION_DATE='2025-05-28T19:20:17.709375+00:00' AIRFLOW_CTX_TRY_NUMBER='1' AIRFLOW_CTX_DAG_RUN_ID='manual__2025-05-28T19:20:17.709375+00:00'
[2025-05-28T19:20:19.645+0000] {base.py:73} INFO - Using connection ID 'spark_default' for task execution.
[2025-05-28T19:20:19.646+0000] {spark_submit.py:339} INFO - Spark-Submit cmd: spark-submit --master spark-master:7077 --name arrow-spark --verbose /opt/***/spark/scripts/process_raw_trn.py
[2025-05-28T19:20:20.700+0000] {spark_submit.py:490} INFO - Using properties file: null
[2025-05-28T19:20:20.775+0000] {spark_submit.py:490} INFO - Parsed arguments:
[2025-05-28T19:20:20.775+0000] {spark_submit.py:490} INFO - master                  spark-master:7077
[2025-05-28T19:20:20.775+0000] {spark_submit.py:490} INFO - deployMode              null
[2025-05-28T19:20:20.776+0000] {spark_submit.py:490} INFO - executorMemory          null
[2025-05-28T19:20:20.776+0000] {spark_submit.py:490} INFO - executorCores           null
[2025-05-28T19:20:20.776+0000] {spark_submit.py:490} INFO - totalExecutorCores      null
[2025-05-28T19:20:20.776+0000] {spark_submit.py:490} INFO - propertiesFile          null
[2025-05-28T19:20:20.776+0000] {spark_submit.py:490} INFO - driverMemory            null
[2025-05-28T19:20:20.777+0000] {spark_submit.py:490} INFO - driverCores             null
[2025-05-28T19:20:20.777+0000] {spark_submit.py:490} INFO - driverExtraClassPath    null
[2025-05-28T19:20:20.777+0000] {spark_submit.py:490} INFO - driverExtraLibraryPath  null
[2025-05-28T19:20:20.777+0000] {spark_submit.py:490} INFO - driverExtraJavaOptions  null
[2025-05-28T19:20:20.777+0000] {spark_submit.py:490} INFO - supervise               false
[2025-05-28T19:20:20.777+0000] {spark_submit.py:490} INFO - queue                   null
[2025-05-28T19:20:20.778+0000] {spark_submit.py:490} INFO - numExecutors            null
[2025-05-28T19:20:20.778+0000] {spark_submit.py:490} INFO - files                   null
[2025-05-28T19:20:20.778+0000] {spark_submit.py:490} INFO - pyFiles                 null
[2025-05-28T19:20:20.778+0000] {spark_submit.py:490} INFO - archives                null
[2025-05-28T19:20:20.779+0000] {spark_submit.py:490} INFO - mainClass               null
[2025-05-28T19:20:20.779+0000] {spark_submit.py:490} INFO - primaryResource         file:/opt/***/spark/scripts/process_raw_trn.py
[2025-05-28T19:20:20.779+0000] {spark_submit.py:490} INFO - name                    arrow-spark
[2025-05-28T19:20:20.779+0000] {spark_submit.py:490} INFO - childArgs               []
[2025-05-28T19:20:20.779+0000] {spark_submit.py:490} INFO - jars                    null
[2025-05-28T19:20:20.780+0000] {spark_submit.py:490} INFO - packages                null
[2025-05-28T19:20:20.780+0000] {spark_submit.py:490} INFO - packagesExclusions      null
[2025-05-28T19:20:20.780+0000] {spark_submit.py:490} INFO - repositories            null
[2025-05-28T19:20:20.780+0000] {spark_submit.py:490} INFO - verbose                 true
[2025-05-28T19:20:20.780+0000] {spark_submit.py:490} INFO - 
[2025-05-28T19:20:20.780+0000] {spark_submit.py:490} INFO - Spark properties used, including those specified through
[2025-05-28T19:20:20.780+0000] {spark_submit.py:490} INFO - --conf and those from the properties file null:
[2025-05-28T19:20:20.781+0000] {spark_submit.py:490} INFO - 
[2025-05-28T19:20:20.781+0000] {spark_submit.py:490} INFO - 
[2025-05-28T19:20:20.781+0000] {spark_submit.py:490} INFO - 
[2025-05-28T19:20:20.993+0000] {spark_submit.py:490} INFO - Main class:
[2025-05-28T19:20:20.994+0000] {spark_submit.py:490} INFO - org.apache.spark.deploy.PythonRunner
[2025-05-28T19:20:20.994+0000] {spark_submit.py:490} INFO - Arguments:
[2025-05-28T19:20:20.994+0000] {spark_submit.py:490} INFO - file:/opt/***/spark/scripts/process_raw_trn.py
[2025-05-28T19:20:20.995+0000] {spark_submit.py:490} INFO - null
[2025-05-28T19:20:20.996+0000] {spark_submit.py:490} INFO - Spark config:
[2025-05-28T19:20:20.996+0000] {spark_submit.py:490} INFO - (spark.app.name,arrow-spark)
[2025-05-28T19:20:20.997+0000] {spark_submit.py:490} INFO - (spark.app.submitTime,1748460020982)
[2025-05-28T19:20:20.997+0000] {spark_submit.py:490} INFO - (spark.master,spark-master:7077)
[2025-05-28T19:20:20.997+0000] {spark_submit.py:490} INFO - (spark.submit.deployMode,client)
[2025-05-28T19:20:20.997+0000] {spark_submit.py:490} INFO - (spark.submit.pyFiles,)
[2025-05-28T19:20:20.997+0000] {spark_submit.py:490} INFO - Classpath elements:
[2025-05-28T19:20:20.998+0000] {spark_submit.py:490} INFO - 
[2025-05-28T19:20:20.998+0000] {spark_submit.py:490} INFO - 
[2025-05-28T19:20:20.998+0000] {spark_submit.py:490} INFO - 
[2025-05-28T19:20:21.546+0000] {spark_submit.py:490} INFO - 25/05/28 19:20:21 INFO SparkContext: Running Spark version 3.3.1
[2025-05-28T19:20:21.596+0000] {spark_submit.py:490} INFO - 25/05/28 19:20:21 WARN NativeCodeLoader: Unable to load native-hadoop library for your platform... using builtin-java classes where applicable
[2025-05-28T19:20:21.670+0000] {spark_submit.py:490} INFO - 25/05/28 19:20:21 INFO ResourceUtils: ==============================================================
[2025-05-28T19:20:21.671+0000] {spark_submit.py:490} INFO - 25/05/28 19:20:21 INFO ResourceUtils: No custom resources configured for spark.driver.
[2025-05-28T19:20:21.671+0000] {spark_submit.py:490} INFO - 25/05/28 19:20:21 INFO ResourceUtils: ==============================================================
[2025-05-28T19:20:21.671+0000] {spark_submit.py:490} INFO - 25/05/28 19:20:21 INFO SparkContext: Submitted application: CSV2Parquet
[2025-05-28T19:20:21.686+0000] {spark_submit.py:490} INFO - 25/05/28 19:20:21 INFO ResourceProfile: Default ResourceProfile created, executor resources: Map(cores -> name: cores, amount: 1, script: , vendor: , memory -> name: memory, amount: 1024, script: , vendor: , offHeap -> name: offHeap, amount: 0, script: , vendor: ), task resources: Map(cpus -> name: cpus, amount: 1.0)
[2025-05-28T19:20:21.693+0000] {spark_submit.py:490} INFO - 25/05/28 19:20:21 INFO ResourceProfile: Limiting resource is cpu
[2025-05-28T19:20:21.693+0000] {spark_submit.py:490} INFO - 25/05/28 19:20:21 INFO ResourceProfileManager: Added ResourceProfile id: 0
[2025-05-28T19:20:21.725+0000] {spark_submit.py:490} INFO - 25/05/28 19:20:21 INFO SecurityManager: Changing view acls to: ***
[2025-05-28T19:20:21.726+0000] {spark_submit.py:490} INFO - 25/05/28 19:20:21 INFO SecurityManager: Changing modify acls to: ***
[2025-05-28T19:20:21.726+0000] {spark_submit.py:490} INFO - 25/05/28 19:20:21 INFO SecurityManager: Changing view acls groups to:
[2025-05-28T19:20:21.727+0000] {spark_submit.py:490} INFO - 25/05/28 19:20:21 INFO SecurityManager: Changing modify acls groups to:
[2025-05-28T19:20:21.727+0000] {spark_submit.py:490} INFO - 25/05/28 19:20:21 INFO SecurityManager: SecurityManager: authentication disabled; ui acls disabled; users  with view permissions: Set(***); groups with view permissions: Set(); users  with modify permissions: Set(***); groups with modify permissions: Set()
[2025-05-28T19:20:21.924+0000] {spark_submit.py:490} INFO - 25/05/28 19:20:21 INFO Utils: Successfully started service 'sparkDriver' on port 37899.
[2025-05-28T19:20:21.939+0000] {spark_submit.py:490} INFO - 25/05/28 19:20:21 INFO SparkEnv: Registering MapOutputTracker
[2025-05-28T19:20:21.966+0000] {spark_submit.py:490} INFO - 25/05/28 19:20:21 INFO SparkEnv: Registering BlockManagerMaster
[2025-05-28T19:20:21.977+0000] {spark_submit.py:490} INFO - 25/05/28 19:20:21 INFO BlockManagerMasterEndpoint: Using org.apache.spark.storage.DefaultTopologyMapper for getting topology information
[2025-05-28T19:20:21.978+0000] {spark_submit.py:490} INFO - 25/05/28 19:20:21 INFO BlockManagerMasterEndpoint: BlockManagerMasterEndpoint up
[2025-05-28T19:20:21.981+0000] {spark_submit.py:490} INFO - 25/05/28 19:20:21 INFO SparkEnv: Registering BlockManagerMasterHeartbeat
[2025-05-28T19:20:21.995+0000] {spark_submit.py:490} INFO - 25/05/28 19:20:21 INFO DiskBlockManager: Created local directory at /tmp/blockmgr-c05cb029-17ef-47f0-95b5-d7d3a155f06f
[2025-05-28T19:20:22.005+0000] {spark_submit.py:490} INFO - 25/05/28 19:20:22 INFO MemoryStore: MemoryStore started with capacity 434.4 MiB
[2025-05-28T19:20:22.014+0000] {spark_submit.py:490} INFO - 25/05/28 19:20:22 INFO SparkEnv: Registering OutputCommitCoordinator
[2025-05-28T19:20:22.128+0000] {spark_submit.py:490} INFO - 25/05/28 19:20:22 INFO Utils: Successfully started service 'SparkUI' on port 4040.
[2025-05-28T19:20:22.173+0000] {spark_submit.py:490} INFO - 25/05/28 19:20:22 ERROR SparkContext: Error initializing SparkContext.
[2025-05-28T19:20:22.174+0000] {spark_submit.py:490} INFO - org.apache.spark.SparkException: Could not parse Master URL: 'spark-master:7077'
[2025-05-28T19:20:22.174+0000] {spark_submit.py:490} INFO - at org.apache.spark.SparkContext$.org$apache$spark$SparkContext$$createTaskScheduler(SparkContext.scala:2982)
[2025-05-28T19:20:22.175+0000] {spark_submit.py:490} INFO - at org.apache.spark.SparkContext.<init>(SparkContext.scala:563)
[2025-05-28T19:20:22.175+0000] {spark_submit.py:490} INFO - at org.apache.spark.api.java.JavaSparkContext.<init>(JavaSparkContext.scala:58)
[2025-05-28T19:20:22.175+0000] {spark_submit.py:490} INFO - at java.base/jdk.internal.reflect.NativeConstructorAccessorImpl.newInstance0(Native Method)
[2025-05-28T19:20:22.176+0000] {spark_submit.py:490} INFO - at java.base/jdk.internal.reflect.NativeConstructorAccessorImpl.newInstance(NativeConstructorAccessorImpl.java:62)
[2025-05-28T19:20:22.176+0000] {spark_submit.py:490} INFO - at java.base/jdk.internal.reflect.DelegatingConstructorAccessorImpl.newInstance(DelegatingConstructorAccessorImpl.java:45)
[2025-05-28T19:20:22.176+0000] {spark_submit.py:490} INFO - at java.base/java.lang.reflect.Constructor.newInstance(Constructor.java:490)
[2025-05-28T19:20:22.176+0000] {spark_submit.py:490} INFO - at py4j.reflection.MethodInvoker.invoke(MethodInvoker.java:247)
[2025-05-28T19:20:22.177+0000] {spark_submit.py:490} INFO - at py4j.reflection.ReflectionEngine.invoke(ReflectionEngine.java:357)
[2025-05-28T19:20:22.177+0000] {spark_submit.py:490} INFO - at py4j.Gateway.invoke(Gateway.java:238)
[2025-05-28T19:20:22.177+0000] {spark_submit.py:490} INFO - at py4j.commands.ConstructorCommand.invokeConstructor(ConstructorCommand.java:80)
[2025-05-28T19:20:22.177+0000] {spark_submit.py:490} INFO - at py4j.commands.ConstructorCommand.execute(ConstructorCommand.java:69)
[2025-05-28T19:20:22.177+0000] {spark_submit.py:490} INFO - at py4j.ClientServerConnection.waitForCommands(ClientServerConnection.java:182)
[2025-05-28T19:20:22.178+0000] {spark_submit.py:490} INFO - at py4j.ClientServerConnection.run(ClientServerConnection.java:106)
[2025-05-28T19:20:22.178+0000] {spark_submit.py:490} INFO - at java.base/java.lang.Thread.run(Thread.java:829)
[2025-05-28T19:20:22.183+0000] {spark_submit.py:490} INFO - 25/05/28 19:20:22 INFO SparkUI: Stopped Spark web UI at http://eaf4f15a0767:4040
[2025-05-28T19:20:22.198+0000] {spark_submit.py:490} INFO - 25/05/28 19:20:22 INFO MapOutputTrackerMasterEndpoint: MapOutputTrackerMasterEndpoint stopped!
[2025-05-28T19:20:22.207+0000] {spark_submit.py:490} INFO - 25/05/28 19:20:22 INFO MemoryStore: MemoryStore cleared
[2025-05-28T19:20:22.208+0000] {spark_submit.py:490} INFO - 25/05/28 19:20:22 INFO BlockManager: BlockManager stopped
[2025-05-28T19:20:22.212+0000] {spark_submit.py:490} INFO - 25/05/28 19:20:22 INFO BlockManagerMaster: BlockManagerMaster stopped
[2025-05-28T19:20:22.212+0000] {spark_submit.py:490} INFO - 25/05/28 19:20:22 WARN MetricsSystem: Stopping a MetricsSystem that is not running
[2025-05-28T19:20:22.213+0000] {spark_submit.py:490} INFO - 25/05/28 19:20:22 INFO OutputCommitCoordinator$OutputCommitCoordinatorEndpoint: OutputCommitCoordinator stopped!
[2025-05-28T19:20:22.220+0000] {spark_submit.py:490} INFO - 25/05/28 19:20:22 INFO SparkContext: Successfully stopped SparkContext
[2025-05-28T19:20:22.220+0000] {spark_submit.py:490} INFO - Traceback (most recent call last):
[2025-05-28T19:20:22.221+0000] {spark_submit.py:490} INFO - File "/opt/***/spark/scripts/process_raw_trn.py", line 54, in <module>
[2025-05-28T19:20:22.221+0000] {spark_submit.py:490} INFO - main()
[2025-05-28T19:20:22.221+0000] {spark_submit.py:490} INFO - File "/opt/***/spark/scripts/process_raw_trn.py", line 31, in main
[2025-05-28T19:20:22.222+0000] {spark_submit.py:490} INFO - spark = SparkSession.builder.appName("CSV2Parquet").getOrCreate()
[2025-05-28T19:20:22.222+0000] {spark_submit.py:490} INFO - File "/opt/spark/python/lib/pyspark.zip/pyspark/sql/session.py", line 269, in getOrCreate
[2025-05-28T19:20:22.222+0000] {spark_submit.py:490} INFO - File "/opt/spark/python/lib/pyspark.zip/pyspark/context.py", line 483, in getOrCreate
[2025-05-28T19:20:22.222+0000] {spark_submit.py:490} INFO - File "/opt/spark/python/lib/pyspark.zip/pyspark/context.py", line 208, in __init__
[2025-05-28T19:20:22.223+0000] {spark_submit.py:490} INFO - File "/opt/spark/python/lib/pyspark.zip/pyspark/context.py", line 282, in _do_init
[2025-05-28T19:20:22.223+0000] {spark_submit.py:490} INFO - File "/opt/spark/python/lib/pyspark.zip/pyspark/context.py", line 402, in _initialize_context
[2025-05-28T19:20:22.223+0000] {spark_submit.py:490} INFO - File "/opt/spark/python/lib/py4j-0.10.9.5-src.zip/py4j/java_gateway.py", line 1586, in __call__
[2025-05-28T19:20:22.223+0000] {spark_submit.py:490} INFO - File "/opt/spark/python/lib/py4j-0.10.9.5-src.zip/py4j/protocol.py", line 328, in get_return_value
[2025-05-28T19:20:22.224+0000] {spark_submit.py:490} INFO - py4j.protocol.Py4JJavaError: An error occurred while calling None.org.apache.spark.api.java.JavaSparkContext.
[2025-05-28T19:20:22.224+0000] {spark_submit.py:490} INFO - : org.apache.spark.SparkException: Could not parse Master URL: 'spark-master:7077'
[2025-05-28T19:20:22.224+0000] {spark_submit.py:490} INFO - at org.apache.spark.SparkContext$.org$apache$spark$SparkContext$$createTaskScheduler(SparkContext.scala:2982)
[2025-05-28T19:20:22.224+0000] {spark_submit.py:490} INFO - at org.apache.spark.SparkContext.<init>(SparkContext.scala:563)
[2025-05-28T19:20:22.224+0000] {spark_submit.py:490} INFO - at org.apache.spark.api.java.JavaSparkContext.<init>(JavaSparkContext.scala:58)
[2025-05-28T19:20:22.224+0000] {spark_submit.py:490} INFO - at java.base/jdk.internal.reflect.NativeConstructorAccessorImpl.newInstance0(Native Method)
[2025-05-28T19:20:22.225+0000] {spark_submit.py:490} INFO - at java.base/jdk.internal.reflect.NativeConstructorAccessorImpl.newInstance(NativeConstructorAccessorImpl.java:62)
[2025-05-28T19:20:22.225+0000] {spark_submit.py:490} INFO - at java.base/jdk.internal.reflect.DelegatingConstructorAccessorImpl.newInstance(DelegatingConstructorAccessorImpl.java:45)
[2025-05-28T19:20:22.225+0000] {spark_submit.py:490} INFO - at java.base/java.lang.reflect.Constructor.newInstance(Constructor.java:490)
[2025-05-28T19:20:22.225+0000] {spark_submit.py:490} INFO - at py4j.reflection.MethodInvoker.invoke(MethodInvoker.java:247)
[2025-05-28T19:20:22.225+0000] {spark_submit.py:490} INFO - at py4j.reflection.ReflectionEngine.invoke(ReflectionEngine.java:357)
[2025-05-28T19:20:22.226+0000] {spark_submit.py:490} INFO - at py4j.Gateway.invoke(Gateway.java:238)
[2025-05-28T19:20:22.226+0000] {spark_submit.py:490} INFO - at py4j.commands.ConstructorCommand.invokeConstructor(ConstructorCommand.java:80)
[2025-05-28T19:20:22.226+0000] {spark_submit.py:490} INFO - at py4j.commands.ConstructorCommand.execute(ConstructorCommand.java:69)
[2025-05-28T19:20:22.226+0000] {spark_submit.py:490} INFO - at py4j.ClientServerConnection.waitForCommands(ClientServerConnection.java:182)
[2025-05-28T19:20:22.226+0000] {spark_submit.py:490} INFO - at py4j.ClientServerConnection.run(ClientServerConnection.java:106)
[2025-05-28T19:20:22.227+0000] {spark_submit.py:490} INFO - at java.base/java.lang.Thread.run(Thread.java:829)
[2025-05-28T19:20:22.227+0000] {spark_submit.py:490} INFO - 
[2025-05-28T19:20:22.244+0000] {spark_submit.py:490} INFO - 25/05/28 19:20:22 INFO ShutdownHookManager: Shutdown hook called
[2025-05-28T19:20:22.244+0000] {spark_submit.py:490} INFO - 25/05/28 19:20:22 INFO ShutdownHookManager: Deleting directory /tmp/spark-6ce5d3b8-70bd-407c-87c1-519afb1ccbb9
[2025-05-28T19:20:22.247+0000] {spark_submit.py:490} INFO - 25/05/28 19:20:22 INFO ShutdownHookManager: Deleting directory /tmp/spark-7fe7e4ae-e7ee-498e-9170-4f08043b6106
[2025-05-28T19:20:22.326+0000] {local_task_job_runner.py:225} INFO - Task exited with return code 0
[2025-05-28T19:20:22.341+0000] {taskinstance.py:2653} INFO - 0 downstream tasks scheduled from follow-on schedule check
