[2025-05-28T19:03:01.577+0000] {taskinstance.py:1103} INFO - Dependencies all met for dep_context=non-requeueable deps ti=<TaskInstance: mrp_colors_csv_to_parquet.run_spark_csv2parquet scheduled__2025-05-27T00:00:00+00:00 [queued]>
[2025-05-28T19:03:01.582+0000] {taskinstance.py:1103} INFO - Dependencies all met for dep_context=requeueable deps ti=<TaskInstance: mrp_colors_csv_to_parquet.run_spark_csv2parquet scheduled__2025-05-27T00:00:00+00:00 [queued]>
[2025-05-28T19:03:01.582+0000] {taskinstance.py:1308} INFO - Starting attempt 2 of 3
[2025-05-28T19:03:01.591+0000] {taskinstance.py:1327} INFO - Executing <Task(SparkSubmitOperator): run_spark_csv2parquet> on 2025-05-27 00:00:00+00:00
[2025-05-28T19:03:01.597+0000] {standard_task_runner.py:57} INFO - Started process 497 to run task
[2025-05-28T19:03:01.600+0000] {standard_task_runner.py:84} INFO - Running: ['***', 'tasks', 'run', 'mrp_colors_csv_to_parquet', 'run_spark_csv2parquet', 'scheduled__2025-05-27T00:00:00+00:00', '--job-id', '48', '--raw', '--subdir', 'DAGS_FOLDER/pl_spark_mrp_colors.py', '--cfg-path', '/tmp/tmpaypyjudb']
[2025-05-28T19:03:01.604+0000] {standard_task_runner.py:85} INFO - Job 48: Subtask run_spark_csv2parquet
[2025-05-28T19:03:01.649+0000] {task_command.py:410} INFO - Running <TaskInstance: mrp_colors_csv_to_parquet.run_spark_csv2parquet scheduled__2025-05-27T00:00:00+00:00 [running]> on host b1889afb6b39
[2025-05-28T19:03:01.717+0000] {taskinstance.py:1547} INFO - Exporting env vars: AIRFLOW_CTX_DAG_OWNER='***' AIRFLOW_CTX_DAG_ID='mrp_colors_csv_to_parquet' AIRFLOW_CTX_TASK_ID='run_spark_csv2parquet' AIRFLOW_CTX_EXECUTION_DATE='2025-05-27T00:00:00+00:00' AIRFLOW_CTX_TRY_NUMBER='2' AIRFLOW_CTX_DAG_RUN_ID='scheduled__2025-05-27T00:00:00+00:00'
[2025-05-28T19:03:01.719+0000] {base.py:73} INFO - Using connection ID 'spark_default' for task execution.
[2025-05-28T19:03:01.720+0000] {spark_submit.py:339} INFO - Spark-Submit cmd: spark-submit --master spark-master:7077 --executor-cores 1 --executor-memory 1g --driver-memory 1g --name CSV2Parquet --verbose /opt/***/spark/scripts/process_raw_trn.py
[2025-05-28T19:03:02.784+0000] {spark_submit.py:490} INFO - Using properties file: null
[2025-05-28T19:03:02.840+0000] {spark_submit.py:490} INFO - Parsed arguments:
[2025-05-28T19:03:02.841+0000] {spark_submit.py:490} INFO - master                  spark-master:7077
[2025-05-28T19:03:02.841+0000] {spark_submit.py:490} INFO - deployMode              null
[2025-05-28T19:03:02.841+0000] {spark_submit.py:490} INFO - executorMemory          1g
[2025-05-28T19:03:02.841+0000] {spark_submit.py:490} INFO - executorCores           1
[2025-05-28T19:03:02.842+0000] {spark_submit.py:490} INFO - totalExecutorCores      null
[2025-05-28T19:03:02.842+0000] {spark_submit.py:490} INFO - propertiesFile          null
[2025-05-28T19:03:02.842+0000] {spark_submit.py:490} INFO - driverMemory            1g
[2025-05-28T19:03:02.842+0000] {spark_submit.py:490} INFO - driverCores             null
[2025-05-28T19:03:02.842+0000] {spark_submit.py:490} INFO - driverExtraClassPath    null
[2025-05-28T19:03:02.843+0000] {spark_submit.py:490} INFO - driverExtraLibraryPath  null
[2025-05-28T19:03:02.843+0000] {spark_submit.py:490} INFO - driverExtraJavaOptions  null
[2025-05-28T19:03:02.843+0000] {spark_submit.py:490} INFO - supervise               false
[2025-05-28T19:03:02.843+0000] {spark_submit.py:490} INFO - queue                   null
[2025-05-28T19:03:02.843+0000] {spark_submit.py:490} INFO - numExecutors            null
[2025-05-28T19:03:02.843+0000] {spark_submit.py:490} INFO - files                   null
[2025-05-28T19:03:02.844+0000] {spark_submit.py:490} INFO - pyFiles                 null
[2025-05-28T19:03:02.844+0000] {spark_submit.py:490} INFO - archives                null
[2025-05-28T19:03:02.844+0000] {spark_submit.py:490} INFO - mainClass               null
[2025-05-28T19:03:02.844+0000] {spark_submit.py:490} INFO - primaryResource         file:/opt/***/spark/scripts/process_raw_trn.py
[2025-05-28T19:03:02.844+0000] {spark_submit.py:490} INFO - name                    CSV2Parquet
[2025-05-28T19:03:02.845+0000] {spark_submit.py:490} INFO - childArgs               []
[2025-05-28T19:03:02.845+0000] {spark_submit.py:490} INFO - jars                    null
[2025-05-28T19:03:02.845+0000] {spark_submit.py:490} INFO - packages                null
[2025-05-28T19:03:02.845+0000] {spark_submit.py:490} INFO - packagesExclusions      null
[2025-05-28T19:03:02.846+0000] {spark_submit.py:490} INFO - repositories            null
[2025-05-28T19:03:02.846+0000] {spark_submit.py:490} INFO - verbose                 true
[2025-05-28T19:03:02.846+0000] {spark_submit.py:490} INFO - 
[2025-05-28T19:03:02.846+0000] {spark_submit.py:490} INFO - Spark properties used, including those specified through
[2025-05-28T19:03:02.846+0000] {spark_submit.py:490} INFO - --conf and those from the properties file null:
[2025-05-28T19:03:02.847+0000] {spark_submit.py:490} INFO - (spark.driver.memory,1g)
[2025-05-28T19:03:02.847+0000] {spark_submit.py:490} INFO - 
[2025-05-28T19:03:02.847+0000] {spark_submit.py:490} INFO - 
[2025-05-28T19:03:03.015+0000] {spark_submit.py:490} INFO - Main class:
[2025-05-28T19:03:03.016+0000] {spark_submit.py:490} INFO - org.apache.spark.deploy.PythonRunner
[2025-05-28T19:03:03.016+0000] {spark_submit.py:490} INFO - Arguments:
[2025-05-28T19:03:03.017+0000] {spark_submit.py:490} INFO - file:/opt/***/spark/scripts/process_raw_trn.py
[2025-05-28T19:03:03.017+0000] {spark_submit.py:490} INFO - null
[2025-05-28T19:03:03.018+0000] {spark_submit.py:490} INFO - Spark config:
[2025-05-28T19:03:03.018+0000] {spark_submit.py:490} INFO - (spark.app.name,CSV2Parquet)
[2025-05-28T19:03:03.018+0000] {spark_submit.py:490} INFO - (spark.app.submitTime,1748458983004)
[2025-05-28T19:03:03.019+0000] {spark_submit.py:490} INFO - (spark.driver.memory,1g)
[2025-05-28T19:03:03.019+0000] {spark_submit.py:490} INFO - (spark.executor.cores,1)
[2025-05-28T19:03:03.019+0000] {spark_submit.py:490} INFO - (spark.executor.memory,1g)
[2025-05-28T19:03:03.019+0000] {spark_submit.py:490} INFO - (spark.master,spark-master:7077)
[2025-05-28T19:03:03.019+0000] {spark_submit.py:490} INFO - (spark.submit.deployMode,client)
[2025-05-28T19:03:03.020+0000] {spark_submit.py:490} INFO - (spark.submit.pyFiles,)
[2025-05-28T19:03:03.020+0000] {spark_submit.py:490} INFO - Classpath elements:
[2025-05-28T19:03:03.020+0000] {spark_submit.py:490} INFO - 
[2025-05-28T19:03:03.021+0000] {spark_submit.py:490} INFO - 
[2025-05-28T19:03:03.021+0000] {spark_submit.py:490} INFO - 
[2025-05-28T19:03:03.567+0000] {spark_submit.py:490} INFO - 25/05/28 19:03:03 INFO SparkContext: Running Spark version 3.3.1
[2025-05-28T19:03:03.613+0000] {spark_submit.py:490} INFO - 25/05/28 19:03:03 WARN NativeCodeLoader: Unable to load native-hadoop library for your platform... using builtin-java classes where applicable
[2025-05-28T19:03:03.669+0000] {spark_submit.py:490} INFO - 25/05/28 19:03:03 INFO ResourceUtils: ==============================================================
[2025-05-28T19:03:03.670+0000] {spark_submit.py:490} INFO - 25/05/28 19:03:03 INFO ResourceUtils: No custom resources configured for spark.driver.
[2025-05-28T19:03:03.670+0000] {spark_submit.py:490} INFO - 25/05/28 19:03:03 INFO ResourceUtils: ==============================================================
[2025-05-28T19:03:03.670+0000] {spark_submit.py:490} INFO - 25/05/28 19:03:03 INFO SparkContext: Submitted application: CSV2Parquet
[2025-05-28T19:03:03.686+0000] {spark_submit.py:490} INFO - 25/05/28 19:03:03 INFO ResourceProfile: Default ResourceProfile created, executor resources: Map(cores -> name: cores, amount: 1, script: , vendor: , memory -> name: memory, amount: 1024, script: , vendor: , offHeap -> name: offHeap, amount: 0, script: , vendor: ), task resources: Map(cpus -> name: cpus, amount: 1.0)
[2025-05-28T19:03:03.696+0000] {spark_submit.py:490} INFO - 25/05/28 19:03:03 INFO ResourceProfile: Limiting resource is cpus at 1 tasks per executor
[2025-05-28T19:03:03.697+0000] {spark_submit.py:490} INFO - 25/05/28 19:03:03 INFO ResourceProfileManager: Added ResourceProfile id: 0
[2025-05-28T19:03:03.754+0000] {spark_submit.py:490} INFO - 25/05/28 19:03:03 INFO SecurityManager: Changing view acls to: ***
[2025-05-28T19:03:03.755+0000] {spark_submit.py:490} INFO - 25/05/28 19:03:03 INFO SecurityManager: Changing modify acls to: ***
[2025-05-28T19:03:03.755+0000] {spark_submit.py:490} INFO - 25/05/28 19:03:03 INFO SecurityManager: Changing view acls groups to:
[2025-05-28T19:03:03.756+0000] {spark_submit.py:490} INFO - 25/05/28 19:03:03 INFO SecurityManager: Changing modify acls groups to:
[2025-05-28T19:03:03.757+0000] {spark_submit.py:490} INFO - 25/05/28 19:03:03 INFO SecurityManager: SecurityManager: authentication disabled; ui acls disabled; users  with view permissions: Set(***); groups with view permissions: Set(); users  with modify permissions: Set(***); groups with modify permissions: Set()
[2025-05-28T19:03:04.034+0000] {spark_submit.py:490} INFO - 25/05/28 19:03:04 INFO Utils: Successfully started service 'sparkDriver' on port 39033.
[2025-05-28T19:03:04.059+0000] {spark_submit.py:490} INFO - 25/05/28 19:03:04 INFO SparkEnv: Registering MapOutputTracker
[2025-05-28T19:03:04.083+0000] {spark_submit.py:490} INFO - 25/05/28 19:03:04 INFO SparkEnv: Registering BlockManagerMaster
[2025-05-28T19:03:04.096+0000] {spark_submit.py:490} INFO - 25/05/28 19:03:04 INFO BlockManagerMasterEndpoint: Using org.apache.spark.storage.DefaultTopologyMapper for getting topology information
[2025-05-28T19:03:04.096+0000] {spark_submit.py:490} INFO - 25/05/28 19:03:04 INFO BlockManagerMasterEndpoint: BlockManagerMasterEndpoint up
[2025-05-28T19:03:04.100+0000] {spark_submit.py:490} INFO - 25/05/28 19:03:04 INFO SparkEnv: Registering BlockManagerMasterHeartbeat
[2025-05-28T19:03:04.115+0000] {spark_submit.py:490} INFO - 25/05/28 19:03:04 INFO DiskBlockManager: Created local directory at /tmp/blockmgr-eed7eb22-1544-4993-ae0c-6cfa6804f752
[2025-05-28T19:03:04.124+0000] {spark_submit.py:490} INFO - 25/05/28 19:03:04 INFO MemoryStore: MemoryStore started with capacity 434.4 MiB
[2025-05-28T19:03:04.133+0000] {spark_submit.py:490} INFO - 25/05/28 19:03:04 INFO SparkEnv: Registering OutputCommitCoordinator
[2025-05-28T19:03:04.285+0000] {spark_submit.py:490} INFO - 25/05/28 19:03:04 INFO Utils: Successfully started service 'SparkUI' on port 4040.
[2025-05-28T19:03:04.346+0000] {spark_submit.py:490} INFO - 25/05/28 19:03:04 ERROR SparkContext: Error initializing SparkContext.
[2025-05-28T19:03:04.347+0000] {spark_submit.py:490} INFO - org.apache.spark.SparkException: Could not parse Master URL: 'spark-master:7077'
[2025-05-28T19:03:04.347+0000] {spark_submit.py:490} INFO - at org.apache.spark.SparkContext$.org$apache$spark$SparkContext$$createTaskScheduler(SparkContext.scala:2982)
[2025-05-28T19:03:04.347+0000] {spark_submit.py:490} INFO - at org.apache.spark.SparkContext.<init>(SparkContext.scala:563)
[2025-05-28T19:03:04.348+0000] {spark_submit.py:490} INFO - at org.apache.spark.api.java.JavaSparkContext.<init>(JavaSparkContext.scala:58)
[2025-05-28T19:03:04.348+0000] {spark_submit.py:490} INFO - at java.base/jdk.internal.reflect.NativeConstructorAccessorImpl.newInstance0(Native Method)
[2025-05-28T19:03:04.348+0000] {spark_submit.py:490} INFO - at java.base/jdk.internal.reflect.NativeConstructorAccessorImpl.newInstance(NativeConstructorAccessorImpl.java:62)
[2025-05-28T19:03:04.348+0000] {spark_submit.py:490} INFO - at java.base/jdk.internal.reflect.DelegatingConstructorAccessorImpl.newInstance(DelegatingConstructorAccessorImpl.java:45)
[2025-05-28T19:03:04.348+0000] {spark_submit.py:490} INFO - at java.base/java.lang.reflect.Constructor.newInstance(Constructor.java:490)
[2025-05-28T19:03:04.349+0000] {spark_submit.py:490} INFO - at py4j.reflection.MethodInvoker.invoke(MethodInvoker.java:247)
[2025-05-28T19:03:04.349+0000] {spark_submit.py:490} INFO - at py4j.reflection.ReflectionEngine.invoke(ReflectionEngine.java:357)
[2025-05-28T19:03:04.349+0000] {spark_submit.py:490} INFO - at py4j.Gateway.invoke(Gateway.java:238)
[2025-05-28T19:03:04.350+0000] {spark_submit.py:490} INFO - at py4j.commands.ConstructorCommand.invokeConstructor(ConstructorCommand.java:80)
[2025-05-28T19:03:04.350+0000] {spark_submit.py:490} INFO - at py4j.commands.ConstructorCommand.execute(ConstructorCommand.java:69)
[2025-05-28T19:03:04.350+0000] {spark_submit.py:490} INFO - at py4j.ClientServerConnection.waitForCommands(ClientServerConnection.java:182)
[2025-05-28T19:03:04.350+0000] {spark_submit.py:490} INFO - at py4j.ClientServerConnection.run(ClientServerConnection.java:106)
[2025-05-28T19:03:04.350+0000] {spark_submit.py:490} INFO - at java.base/java.lang.Thread.run(Thread.java:829)
[2025-05-28T19:03:04.357+0000] {spark_submit.py:490} INFO - 25/05/28 19:03:04 INFO SparkUI: Stopped Spark web UI at http://b1889afb6b39:4040
[2025-05-28T19:03:04.389+0000] {spark_submit.py:490} INFO - 25/05/28 19:03:04 INFO MapOutputTrackerMasterEndpoint: MapOutputTrackerMasterEndpoint stopped!
[2025-05-28T19:03:04.406+0000] {spark_submit.py:490} INFO - 25/05/28 19:03:04 INFO MemoryStore: MemoryStore cleared
[2025-05-28T19:03:04.406+0000] {spark_submit.py:490} INFO - 25/05/28 19:03:04 INFO BlockManager: BlockManager stopped
[2025-05-28T19:03:04.413+0000] {spark_submit.py:490} INFO - 25/05/28 19:03:04 INFO BlockManagerMaster: BlockManagerMaster stopped
[2025-05-28T19:03:04.414+0000] {spark_submit.py:490} INFO - 25/05/28 19:03:04 WARN MetricsSystem: Stopping a MetricsSystem that is not running
[2025-05-28T19:03:04.416+0000] {spark_submit.py:490} INFO - 25/05/28 19:03:04 INFO OutputCommitCoordinator$OutputCommitCoordinatorEndpoint: OutputCommitCoordinator stopped!
[2025-05-28T19:03:04.422+0000] {spark_submit.py:490} INFO - 25/05/28 19:03:04 INFO SparkContext: Successfully stopped SparkContext
[2025-05-28T19:03:04.423+0000] {spark_submit.py:490} INFO - Traceback (most recent call last):
[2025-05-28T19:03:04.423+0000] {spark_submit.py:490} INFO - File "/opt/***/spark/scripts/process_raw_trn.py", line 54, in <module>
[2025-05-28T19:03:04.424+0000] {spark_submit.py:490} INFO - main()
[2025-05-28T19:03:04.424+0000] {spark_submit.py:490} INFO - File "/opt/***/spark/scripts/process_raw_trn.py", line 31, in main
[2025-05-28T19:03:04.424+0000] {spark_submit.py:490} INFO - spark = SparkSession.builder.appName("CSV2Parquet").getOrCreate()
[2025-05-28T19:03:04.425+0000] {spark_submit.py:490} INFO - File "/opt/spark/python/lib/pyspark.zip/pyspark/sql/session.py", line 269, in getOrCreate
[2025-05-28T19:03:04.425+0000] {spark_submit.py:490} INFO - File "/opt/spark/python/lib/pyspark.zip/pyspark/context.py", line 483, in getOrCreate
[2025-05-28T19:03:04.425+0000] {spark_submit.py:490} INFO - File "/opt/spark/python/lib/pyspark.zip/pyspark/context.py", line 208, in __init__
[2025-05-28T19:03:04.425+0000] {spark_submit.py:490} INFO - File "/opt/spark/python/lib/pyspark.zip/pyspark/context.py", line 282, in _do_init
[2025-05-28T19:03:04.425+0000] {spark_submit.py:490} INFO - File "/opt/spark/python/lib/pyspark.zip/pyspark/context.py", line 402, in _initialize_context
[2025-05-28T19:03:04.426+0000] {spark_submit.py:490} INFO - File "/opt/spark/python/lib/py4j-0.10.9.5-src.zip/py4j/java_gateway.py", line 1586, in __call__
[2025-05-28T19:03:04.426+0000] {spark_submit.py:490} INFO - File "/opt/spark/python/lib/py4j-0.10.9.5-src.zip/py4j/protocol.py", line 328, in get_return_value
[2025-05-28T19:03:04.426+0000] {spark_submit.py:490} INFO - py4j.protocol.Py4JJavaError: An error occurred while calling None.org.apache.spark.api.java.JavaSparkContext.
[2025-05-28T19:03:04.426+0000] {spark_submit.py:490} INFO - : org.apache.spark.SparkException: Could not parse Master URL: 'spark-master:7077'
[2025-05-28T19:03:04.426+0000] {spark_submit.py:490} INFO - at org.apache.spark.SparkContext$.org$apache$spark$SparkContext$$createTaskScheduler(SparkContext.scala:2982)
[2025-05-28T19:03:04.426+0000] {spark_submit.py:490} INFO - at org.apache.spark.SparkContext.<init>(SparkContext.scala:563)
[2025-05-28T19:03:04.427+0000] {spark_submit.py:490} INFO - at org.apache.spark.api.java.JavaSparkContext.<init>(JavaSparkContext.scala:58)
[2025-05-28T19:03:04.427+0000] {spark_submit.py:490} INFO - at java.base/jdk.internal.reflect.NativeConstructorAccessorImpl.newInstance0(Native Method)
[2025-05-28T19:03:04.427+0000] {spark_submit.py:490} INFO - at java.base/jdk.internal.reflect.NativeConstructorAccessorImpl.newInstance(NativeConstructorAccessorImpl.java:62)
[2025-05-28T19:03:04.427+0000] {spark_submit.py:490} INFO - at java.base/jdk.internal.reflect.DelegatingConstructorAccessorImpl.newInstance(DelegatingConstructorAccessorImpl.java:45)
[2025-05-28T19:03:04.428+0000] {spark_submit.py:490} INFO - at java.base/java.lang.reflect.Constructor.newInstance(Constructor.java:490)
[2025-05-28T19:03:04.428+0000] {spark_submit.py:490} INFO - at py4j.reflection.MethodInvoker.invoke(MethodInvoker.java:247)
[2025-05-28T19:03:04.428+0000] {spark_submit.py:490} INFO - at py4j.reflection.ReflectionEngine.invoke(ReflectionEngine.java:357)
[2025-05-28T19:03:04.428+0000] {spark_submit.py:490} INFO - at py4j.Gateway.invoke(Gateway.java:238)
[2025-05-28T19:03:04.428+0000] {spark_submit.py:490} INFO - at py4j.commands.ConstructorCommand.invokeConstructor(ConstructorCommand.java:80)
[2025-05-28T19:03:04.429+0000] {spark_submit.py:490} INFO - at py4j.commands.ConstructorCommand.execute(ConstructorCommand.java:69)
[2025-05-28T19:03:04.429+0000] {spark_submit.py:490} INFO - at py4j.ClientServerConnection.waitForCommands(ClientServerConnection.java:182)
[2025-05-28T19:03:04.429+0000] {spark_submit.py:490} INFO - at py4j.ClientServerConnection.run(ClientServerConnection.java:106)
[2025-05-28T19:03:04.429+0000] {spark_submit.py:490} INFO - at java.base/java.lang.Thread.run(Thread.java:829)
[2025-05-28T19:03:04.429+0000] {spark_submit.py:490} INFO - 
[2025-05-28T19:03:04.450+0000] {spark_submit.py:490} INFO - 25/05/28 19:03:04 INFO ShutdownHookManager: Shutdown hook called
[2025-05-28T19:03:04.450+0000] {spark_submit.py:490} INFO - 25/05/28 19:03:04 INFO ShutdownHookManager: Deleting directory /tmp/spark-d124d5e9-2561-4bcc-b8a8-2162cb417649
[2025-05-28T19:03:04.454+0000] {spark_submit.py:490} INFO - 25/05/28 19:03:04 INFO ShutdownHookManager: Deleting directory /tmp/spark-7cea0ced-6122-4368-ad46-2cddc7c1459f
[2025-05-28T19:03:04.497+0000] {taskinstance.py:1824} ERROR - Task failed with exception
Traceback (most recent call last):
  File "/home/airflow/.local/lib/python3.7/site-packages/airflow/providers/apache/spark/operators/spark_submit.py", line 157, in execute
    self._hook.submit(self._application)
  File "/home/airflow/.local/lib/python3.7/site-packages/airflow/providers/apache/spark/hooks/spark_submit.py", line 422, in submit
    f"Cannot execute: {self._mask_cmd(spark_submit_cmd)}. Error code is: {returncode}."
airflow.exceptions.AirflowException: Cannot execute: spark-submit --master spark-master:7077 --executor-cores 1 --executor-memory 1g --driver-memory 1g --name CSV2Parquet --verbose /opt/***/spark/scripts/process_raw_trn.py. Error code is: 1.
[2025-05-28T19:03:04.500+0000] {taskinstance.py:1350} INFO - Marking task as UP_FOR_RETRY. dag_id=mrp_colors_csv_to_parquet, task_id=run_spark_csv2parquet, execution_date=20250527T000000, start_date=20250528T190301, end_date=20250528T190304
[2025-05-28T19:03:04.511+0000] {standard_task_runner.py:109} ERROR - Failed to execute job 48 for task run_spark_csv2parquet (Cannot execute: spark-submit --master spark-master:7077 --executor-cores 1 --executor-memory 1g --driver-memory 1g --name CSV2Parquet --verbose /opt/***/spark/scripts/process_raw_trn.py. Error code is: 1.; 497)
[2025-05-28T19:03:04.550+0000] {local_task_job_runner.py:225} INFO - Task exited with return code 1
[2025-05-28T19:03:04.565+0000] {taskinstance.py:2653} INFO - 0 downstream tasks scheduled from follow-on schedule check
[2025-05-28T19:25:48.376+0000] {taskinstance.py:1103} INFO - Dependencies all met for dep_context=non-requeueable deps ti=<TaskInstance: mrp_colors_csv_to_parquet.run_spark_csv2parquet scheduled__2025-05-27T00:00:00+00:00 [queued]>
[2025-05-28T19:25:48.381+0000] {taskinstance.py:1103} INFO - Dependencies all met for dep_context=requeueable deps ti=<TaskInstance: mrp_colors_csv_to_parquet.run_spark_csv2parquet scheduled__2025-05-27T00:00:00+00:00 [queued]>
[2025-05-28T19:25:48.382+0000] {taskinstance.py:1308} INFO - Starting attempt 2 of 3
[2025-05-28T19:25:48.390+0000] {taskinstance.py:1327} INFO - Executing <Task(SparkSubmitOperator): run_spark_csv2parquet> on 2025-05-27 00:00:00+00:00
[2025-05-28T19:25:48.394+0000] {standard_task_runner.py:57} INFO - Started process 1213 to run task
[2025-05-28T19:25:48.397+0000] {standard_task_runner.py:84} INFO - Running: ['***', 'tasks', 'run', 'mrp_colors_csv_to_parquet', 'run_spark_csv2parquet', 'scheduled__2025-05-27T00:00:00+00:00', '--job-id', '67', '--raw', '--subdir', 'DAGS_FOLDER/pl_spark_mrp_colors.py', '--cfg-path', '/tmp/tmprvjgaqd2']
[2025-05-28T19:25:48.401+0000] {standard_task_runner.py:85} INFO - Job 67: Subtask run_spark_csv2parquet
[2025-05-28T19:25:48.455+0000] {task_command.py:410} INFO - Running <TaskInstance: mrp_colors_csv_to_parquet.run_spark_csv2parquet scheduled__2025-05-27T00:00:00+00:00 [running]> on host eaf4f15a0767
[2025-05-28T19:25:48.529+0000] {taskinstance.py:1547} INFO - Exporting env vars: AIRFLOW_CTX_DAG_OWNER='***' AIRFLOW_CTX_DAG_ID='mrp_colors_csv_to_parquet' AIRFLOW_CTX_TASK_ID='run_spark_csv2parquet' AIRFLOW_CTX_EXECUTION_DATE='2025-05-27T00:00:00+00:00' AIRFLOW_CTX_TRY_NUMBER='2' AIRFLOW_CTX_DAG_RUN_ID='scheduled__2025-05-27T00:00:00+00:00'
[2025-05-28T19:25:48.531+0000] {base.py:73} INFO - Using connection ID 'spark_default' for task execution.
[2025-05-28T19:25:48.532+0000] {spark_submit.py:339} INFO - Spark-Submit cmd: spark-submit --master spark-master:7077 --name arrow-spark --verbose /opt/***/spark/scripts/process_raw_trn.py
[2025-05-28T19:25:49.490+0000] {spark_submit.py:490} INFO - Using properties file: null
[2025-05-28T19:25:49.552+0000] {spark_submit.py:490} INFO - Parsed arguments:
[2025-05-28T19:25:49.552+0000] {spark_submit.py:490} INFO - master                  spark-master:7077
[2025-05-28T19:25:49.552+0000] {spark_submit.py:490} INFO - deployMode              null
[2025-05-28T19:25:49.553+0000] {spark_submit.py:490} INFO - executorMemory          null
[2025-05-28T19:25:49.553+0000] {spark_submit.py:490} INFO - executorCores           null
[2025-05-28T19:25:49.553+0000] {spark_submit.py:490} INFO - totalExecutorCores      null
[2025-05-28T19:25:49.553+0000] {spark_submit.py:490} INFO - propertiesFile          null
[2025-05-28T19:25:49.553+0000] {spark_submit.py:490} INFO - driverMemory            null
[2025-05-28T19:25:49.554+0000] {spark_submit.py:490} INFO - driverCores             null
[2025-05-28T19:25:49.554+0000] {spark_submit.py:490} INFO - driverExtraClassPath    null
[2025-05-28T19:25:49.554+0000] {spark_submit.py:490} INFO - driverExtraLibraryPath  null
[2025-05-28T19:25:49.554+0000] {spark_submit.py:490} INFO - driverExtraJavaOptions  null
[2025-05-28T19:25:49.554+0000] {spark_submit.py:490} INFO - supervise               false
[2025-05-28T19:25:49.554+0000] {spark_submit.py:490} INFO - queue                   null
[2025-05-28T19:25:49.555+0000] {spark_submit.py:490} INFO - numExecutors            null
[2025-05-28T19:25:49.555+0000] {spark_submit.py:490} INFO - files                   null
[2025-05-28T19:25:49.555+0000] {spark_submit.py:490} INFO - pyFiles                 null
[2025-05-28T19:25:49.555+0000] {spark_submit.py:490} INFO - archives                null
[2025-05-28T19:25:49.556+0000] {spark_submit.py:490} INFO - mainClass               null
[2025-05-28T19:25:49.556+0000] {spark_submit.py:490} INFO - primaryResource         file:/opt/***/spark/scripts/process_raw_trn.py
[2025-05-28T19:25:49.556+0000] {spark_submit.py:490} INFO - name                    arrow-spark
[2025-05-28T19:25:49.556+0000] {spark_submit.py:490} INFO - childArgs               []
[2025-05-28T19:25:49.556+0000] {spark_submit.py:490} INFO - jars                    null
[2025-05-28T19:25:49.557+0000] {spark_submit.py:490} INFO - packages                null
[2025-05-28T19:25:49.557+0000] {spark_submit.py:490} INFO - packagesExclusions      null
[2025-05-28T19:25:49.557+0000] {spark_submit.py:490} INFO - repositories            null
[2025-05-28T19:25:49.557+0000] {spark_submit.py:490} INFO - verbose                 true
[2025-05-28T19:25:49.557+0000] {spark_submit.py:490} INFO - 
[2025-05-28T19:25:49.557+0000] {spark_submit.py:490} INFO - Spark properties used, including those specified through
[2025-05-28T19:25:49.558+0000] {spark_submit.py:490} INFO - --conf and those from the properties file null:
[2025-05-28T19:25:49.558+0000] {spark_submit.py:490} INFO - 
[2025-05-28T19:25:49.558+0000] {spark_submit.py:490} INFO - 
[2025-05-28T19:25:49.558+0000] {spark_submit.py:490} INFO - 
[2025-05-28T19:25:49.710+0000] {spark_submit.py:490} INFO - Main class:
[2025-05-28T19:25:49.711+0000] {spark_submit.py:490} INFO - org.apache.spark.deploy.PythonRunner
[2025-05-28T19:25:49.711+0000] {spark_submit.py:490} INFO - Arguments:
[2025-05-28T19:25:49.711+0000] {spark_submit.py:490} INFO - file:/opt/***/spark/scripts/process_raw_trn.py
[2025-05-28T19:25:49.712+0000] {spark_submit.py:490} INFO - null
[2025-05-28T19:25:49.713+0000] {spark_submit.py:490} INFO - Spark config:
[2025-05-28T19:25:49.713+0000] {spark_submit.py:490} INFO - (spark.app.name,arrow-spark)
[2025-05-28T19:25:49.713+0000] {spark_submit.py:490} INFO - (spark.app.submitTime,1748460349701)
[2025-05-28T19:25:49.714+0000] {spark_submit.py:490} INFO - (spark.master,spark-master:7077)
[2025-05-28T19:25:49.714+0000] {spark_submit.py:490} INFO - (spark.submit.deployMode,client)
[2025-05-28T19:25:49.714+0000] {spark_submit.py:490} INFO - (spark.submit.pyFiles,)
[2025-05-28T19:25:49.714+0000] {spark_submit.py:490} INFO - Classpath elements:
[2025-05-28T19:25:49.715+0000] {spark_submit.py:490} INFO - 
[2025-05-28T19:25:49.715+0000] {spark_submit.py:490} INFO - 
[2025-05-28T19:25:49.715+0000] {spark_submit.py:490} INFO - 
[2025-05-28T19:25:50.236+0000] {spark_submit.py:490} INFO - 25/05/28 19:25:50 INFO SparkContext: Running Spark version 3.3.1
[2025-05-28T19:25:50.300+0000] {spark_submit.py:490} INFO - 25/05/28 19:25:50 WARN NativeCodeLoader: Unable to load native-hadoop library for your platform... using builtin-java classes where applicable
[2025-05-28T19:25:50.363+0000] {spark_submit.py:490} INFO - 25/05/28 19:25:50 INFO ResourceUtils: ==============================================================
[2025-05-28T19:25:50.363+0000] {spark_submit.py:490} INFO - 25/05/28 19:25:50 INFO ResourceUtils: No custom resources configured for spark.driver.
[2025-05-28T19:25:50.363+0000] {spark_submit.py:490} INFO - 25/05/28 19:25:50 INFO ResourceUtils: ==============================================================
[2025-05-28T19:25:50.364+0000] {spark_submit.py:490} INFO - 25/05/28 19:25:50 INFO SparkContext: Submitted application: CSV2Parquet
[2025-05-28T19:25:50.377+0000] {spark_submit.py:490} INFO - 25/05/28 19:25:50 INFO ResourceProfile: Default ResourceProfile created, executor resources: Map(cores -> name: cores, amount: 1, script: , vendor: , memory -> name: memory, amount: 1024, script: , vendor: , offHeap -> name: offHeap, amount: 0, script: , vendor: ), task resources: Map(cpus -> name: cpus, amount: 1.0)
[2025-05-28T19:25:50.385+0000] {spark_submit.py:490} INFO - 25/05/28 19:25:50 INFO ResourceProfile: Limiting resource is cpu
[2025-05-28T19:25:50.385+0000] {spark_submit.py:490} INFO - 25/05/28 19:25:50 INFO ResourceProfileManager: Added ResourceProfile id: 0
[2025-05-28T19:25:50.415+0000] {spark_submit.py:490} INFO - 25/05/28 19:25:50 INFO SecurityManager: Changing view acls to: ***
[2025-05-28T19:25:50.416+0000] {spark_submit.py:490} INFO - 25/05/28 19:25:50 INFO SecurityManager: Changing modify acls to: ***
[2025-05-28T19:25:50.416+0000] {spark_submit.py:490} INFO - 25/05/28 19:25:50 INFO SecurityManager: Changing view acls groups to:
[2025-05-28T19:25:50.417+0000] {spark_submit.py:490} INFO - 25/05/28 19:25:50 INFO SecurityManager: Changing modify acls groups to:
[2025-05-28T19:25:50.417+0000] {spark_submit.py:490} INFO - 25/05/28 19:25:50 INFO SecurityManager: SecurityManager: authentication disabled; ui acls disabled; users  with view permissions: Set(***); groups with view permissions: Set(); users  with modify permissions: Set(***); groups with modify permissions: Set()
[2025-05-28T19:25:50.617+0000] {spark_submit.py:490} INFO - 25/05/28 19:25:50 INFO Utils: Successfully started service 'sparkDriver' on port 37129.
[2025-05-28T19:25:50.639+0000] {spark_submit.py:490} INFO - 25/05/28 19:25:50 INFO SparkEnv: Registering MapOutputTracker
[2025-05-28T19:25:50.661+0000] {spark_submit.py:490} INFO - 25/05/28 19:25:50 INFO SparkEnv: Registering BlockManagerMaster
[2025-05-28T19:25:50.673+0000] {spark_submit.py:490} INFO - 25/05/28 19:25:50 INFO BlockManagerMasterEndpoint: Using org.apache.spark.storage.DefaultTopologyMapper for getting topology information
[2025-05-28T19:25:50.674+0000] {spark_submit.py:490} INFO - 25/05/28 19:25:50 INFO BlockManagerMasterEndpoint: BlockManagerMasterEndpoint up
[2025-05-28T19:25:50.676+0000] {spark_submit.py:490} INFO - 25/05/28 19:25:50 INFO SparkEnv: Registering BlockManagerMasterHeartbeat
[2025-05-28T19:25:50.692+0000] {spark_submit.py:490} INFO - 25/05/28 19:25:50 INFO DiskBlockManager: Created local directory at /tmp/blockmgr-e65a5e26-fa61-49f8-b3c1-2600134f1be8
[2025-05-28T19:25:50.703+0000] {spark_submit.py:490} INFO - 25/05/28 19:25:50 INFO MemoryStore: MemoryStore started with capacity 434.4 MiB
[2025-05-28T19:25:50.713+0000] {spark_submit.py:490} INFO - 25/05/28 19:25:50 INFO SparkEnv: Registering OutputCommitCoordinator
[2025-05-28T19:25:50.831+0000] {spark_submit.py:490} INFO - 25/05/28 19:25:50 INFO Utils: Successfully started service 'SparkUI' on port 4040.
[2025-05-28T19:25:50.868+0000] {spark_submit.py:490} INFO - 25/05/28 19:25:50 ERROR SparkContext: Error initializing SparkContext.
[2025-05-28T19:25:50.868+0000] {spark_submit.py:490} INFO - org.apache.spark.SparkException: Could not parse Master URL: 'spark-master:7077'
[2025-05-28T19:25:50.868+0000] {spark_submit.py:490} INFO - at org.apache.spark.SparkContext$.org$apache$spark$SparkContext$$createTaskScheduler(SparkContext.scala:2982)
[2025-05-28T19:25:50.868+0000] {spark_submit.py:490} INFO - at org.apache.spark.SparkContext.<init>(SparkContext.scala:563)
[2025-05-28T19:25:50.868+0000] {spark_submit.py:490} INFO - at org.apache.spark.api.java.JavaSparkContext.<init>(JavaSparkContext.scala:58)
[2025-05-28T19:25:50.869+0000] {spark_submit.py:490} INFO - at java.base/jdk.internal.reflect.NativeConstructorAccessorImpl.newInstance0(Native Method)
[2025-05-28T19:25:50.869+0000] {spark_submit.py:490} INFO - at java.base/jdk.internal.reflect.NativeConstructorAccessorImpl.newInstance(NativeConstructorAccessorImpl.java:62)
[2025-05-28T19:25:50.869+0000] {spark_submit.py:490} INFO - at java.base/jdk.internal.reflect.DelegatingConstructorAccessorImpl.newInstance(DelegatingConstructorAccessorImpl.java:45)
[2025-05-28T19:25:50.869+0000] {spark_submit.py:490} INFO - at java.base/java.lang.reflect.Constructor.newInstance(Constructor.java:490)
[2025-05-28T19:25:50.870+0000] {spark_submit.py:490} INFO - at py4j.reflection.MethodInvoker.invoke(MethodInvoker.java:247)
[2025-05-28T19:25:50.870+0000] {spark_submit.py:490} INFO - at py4j.reflection.ReflectionEngine.invoke(ReflectionEngine.java:357)
[2025-05-28T19:25:50.870+0000] {spark_submit.py:490} INFO - at py4j.Gateway.invoke(Gateway.java:238)
[2025-05-28T19:25:50.870+0000] {spark_submit.py:490} INFO - at py4j.commands.ConstructorCommand.invokeConstructor(ConstructorCommand.java:80)
[2025-05-28T19:25:50.871+0000] {spark_submit.py:490} INFO - at py4j.commands.ConstructorCommand.execute(ConstructorCommand.java:69)
[2025-05-28T19:25:50.871+0000] {spark_submit.py:490} INFO - at py4j.ClientServerConnection.waitForCommands(ClientServerConnection.java:182)
[2025-05-28T19:25:50.871+0000] {spark_submit.py:490} INFO - at py4j.ClientServerConnection.run(ClientServerConnection.java:106)
[2025-05-28T19:25:50.871+0000] {spark_submit.py:490} INFO - at java.base/java.lang.Thread.run(Thread.java:829)
[2025-05-28T19:25:50.875+0000] {spark_submit.py:490} INFO - 25/05/28 19:25:50 INFO SparkUI: Stopped Spark web UI at http://eaf4f15a0767:4040
[2025-05-28T19:25:50.890+0000] {spark_submit.py:490} INFO - 25/05/28 19:25:50 INFO MapOutputTrackerMasterEndpoint: MapOutputTrackerMasterEndpoint stopped!
[2025-05-28T19:25:50.906+0000] {spark_submit.py:490} INFO - 25/05/28 19:25:50 INFO MemoryStore: MemoryStore cleared
[2025-05-28T19:25:50.907+0000] {spark_submit.py:490} INFO - 25/05/28 19:25:50 INFO BlockManager: BlockManager stopped
[2025-05-28T19:25:50.920+0000] {spark_submit.py:490} INFO - 25/05/28 19:25:50 INFO BlockManagerMaster: BlockManagerMaster stopped
[2025-05-28T19:25:50.921+0000] {spark_submit.py:490} INFO - 25/05/28 19:25:50 WARN MetricsSystem: Stopping a MetricsSystem that is not running
[2025-05-28T19:25:50.922+0000] {spark_submit.py:490} INFO - 25/05/28 19:25:50 INFO OutputCommitCoordinator$OutputCommitCoordinatorEndpoint: OutputCommitCoordinator stopped!
[2025-05-28T19:25:50.933+0000] {spark_submit.py:490} INFO - 25/05/28 19:25:50 INFO SparkContext: Successfully stopped SparkContext
[2025-05-28T19:25:50.933+0000] {spark_submit.py:490} INFO - Traceback (most recent call last):
[2025-05-28T19:25:50.934+0000] {spark_submit.py:490} INFO - File "/opt/***/spark/scripts/process_raw_trn.py", line 54, in <module>
[2025-05-28T19:25:50.934+0000] {spark_submit.py:490} INFO - main()
[2025-05-28T19:25:50.934+0000] {spark_submit.py:490} INFO - File "/opt/***/spark/scripts/process_raw_trn.py", line 31, in main
[2025-05-28T19:25:50.934+0000] {spark_submit.py:490} INFO - spark = SparkSession.builder.appName("CSV2Parquet").getOrCreate()
[2025-05-28T19:25:50.935+0000] {spark_submit.py:490} INFO - File "/opt/spark/python/lib/pyspark.zip/pyspark/sql/session.py", line 269, in getOrCreate
[2025-05-28T19:25:50.935+0000] {spark_submit.py:490} INFO - File "/opt/spark/python/lib/pyspark.zip/pyspark/context.py", line 483, in getOrCreate
[2025-05-28T19:25:50.935+0000] {spark_submit.py:490} INFO - File "/opt/spark/python/lib/pyspark.zip/pyspark/context.py", line 208, in __init__
[2025-05-28T19:25:50.935+0000] {spark_submit.py:490} INFO - File "/opt/spark/python/lib/pyspark.zip/pyspark/context.py", line 282, in _do_init
[2025-05-28T19:25:50.935+0000] {spark_submit.py:490} INFO - File "/opt/spark/python/lib/pyspark.zip/pyspark/context.py", line 402, in _initialize_context
[2025-05-28T19:25:50.936+0000] {spark_submit.py:490} INFO - File "/opt/spark/python/lib/py4j-0.10.9.5-src.zip/py4j/java_gateway.py", line 1586, in __call__
[2025-05-28T19:25:50.936+0000] {spark_submit.py:490} INFO - File "/opt/spark/python/lib/py4j-0.10.9.5-src.zip/py4j/protocol.py", line 328, in get_return_value
[2025-05-28T19:25:50.936+0000] {spark_submit.py:490} INFO - py4j.protocol.Py4JJavaError: An error occurred while calling None.org.apache.spark.api.java.JavaSparkContext.
[2025-05-28T19:25:50.936+0000] {spark_submit.py:490} INFO - : org.apache.spark.SparkException: Could not parse Master URL: 'spark-master:7077'
[2025-05-28T19:25:50.936+0000] {spark_submit.py:490} INFO - at org.apache.spark.SparkContext$.org$apache$spark$SparkContext$$createTaskScheduler(SparkContext.scala:2982)
[2025-05-28T19:25:50.936+0000] {spark_submit.py:490} INFO - at org.apache.spark.SparkContext.<init>(SparkContext.scala:563)
[2025-05-28T19:25:50.936+0000] {spark_submit.py:490} INFO - at org.apache.spark.api.java.JavaSparkContext.<init>(JavaSparkContext.scala:58)
[2025-05-28T19:25:50.937+0000] {spark_submit.py:490} INFO - at java.base/jdk.internal.reflect.NativeConstructorAccessorImpl.newInstance0(Native Method)
[2025-05-28T19:25:50.937+0000] {spark_submit.py:490} INFO - at java.base/jdk.internal.reflect.NativeConstructorAccessorImpl.newInstance(NativeConstructorAccessorImpl.java:62)
[2025-05-28T19:25:50.937+0000] {spark_submit.py:490} INFO - at java.base/jdk.internal.reflect.DelegatingConstructorAccessorImpl.newInstance(DelegatingConstructorAccessorImpl.java:45)
[2025-05-28T19:25:50.937+0000] {spark_submit.py:490} INFO - at java.base/java.lang.reflect.Constructor.newInstance(Constructor.java:490)
[2025-05-28T19:25:50.937+0000] {spark_submit.py:490} INFO - at py4j.reflection.MethodInvoker.invoke(MethodInvoker.java:247)
[2025-05-28T19:25:50.938+0000] {spark_submit.py:490} INFO - at py4j.reflection.ReflectionEngine.invoke(ReflectionEngine.java:357)
[2025-05-28T19:25:50.938+0000] {spark_submit.py:490} INFO - at py4j.Gateway.invoke(Gateway.java:238)
[2025-05-28T19:25:50.938+0000] {spark_submit.py:490} INFO - at py4j.commands.ConstructorCommand.invokeConstructor(ConstructorCommand.java:80)
[2025-05-28T19:25:50.938+0000] {spark_submit.py:490} INFO - at py4j.commands.ConstructorCommand.execute(ConstructorCommand.java:69)
[2025-05-28T19:25:50.938+0000] {spark_submit.py:490} INFO - at py4j.ClientServerConnection.waitForCommands(ClientServerConnection.java:182)
[2025-05-28T19:25:50.938+0000] {spark_submit.py:490} INFO - at py4j.ClientServerConnection.run(ClientServerConnection.java:106)
[2025-05-28T19:25:50.938+0000] {spark_submit.py:490} INFO - at java.base/java.lang.Thread.run(Thread.java:829)
[2025-05-28T19:25:50.939+0000] {spark_submit.py:490} INFO - 
[2025-05-28T19:25:50.971+0000] {spark_submit.py:490} INFO - 25/05/28 19:25:50 INFO ShutdownHookManager: Shutdown hook called
[2025-05-28T19:25:50.972+0000] {spark_submit.py:490} INFO - 25/05/28 19:25:50 INFO ShutdownHookManager: Deleting directory /tmp/spark-837f6dc7-ad9c-4ab6-8077-fafb64c5d561
[2025-05-28T19:25:50.979+0000] {spark_submit.py:490} INFO - 25/05/28 19:25:50 INFO ShutdownHookManager: Deleting directory /tmp/spark-9579d981-8a4f-4316-a96c-25774b9cab4b
[2025-05-28T19:25:51.056+0000] {taskinstance.py:1824} ERROR - Task failed with exception
Traceback (most recent call last):
  File "/home/airflow/.local/lib/python3.7/site-packages/airflow/providers/apache/spark/operators/spark_submit.py", line 157, in execute
    self._hook.submit(self._application)
  File "/home/airflow/.local/lib/python3.7/site-packages/airflow/providers/apache/spark/hooks/spark_submit.py", line 422, in submit
    f"Cannot execute: {self._mask_cmd(spark_submit_cmd)}. Error code is: {returncode}."
airflow.exceptions.AirflowException: Cannot execute: spark-submit --master spark-master:7077 --name arrow-spark --verbose /opt/***/spark/scripts/process_raw_trn.py. Error code is: 1.
[2025-05-28T19:25:51.067+0000] {taskinstance.py:1350} INFO - Marking task as UP_FOR_RETRY. dag_id=mrp_colors_csv_to_parquet, task_id=run_spark_csv2parquet, execution_date=20250527T000000, start_date=20250528T192548, end_date=20250528T192551
[2025-05-28T19:25:51.084+0000] {standard_task_runner.py:109} ERROR - Failed to execute job 67 for task run_spark_csv2parquet (Cannot execute: spark-submit --master spark-master:7077 --name arrow-spark --verbose /opt/***/spark/scripts/process_raw_trn.py. Error code is: 1.; 1213)
[2025-05-28T19:25:51.106+0000] {local_task_job_runner.py:225} INFO - Task exited with return code 1
[2025-05-28T19:25:51.138+0000] {taskinstance.py:2653} INFO - 0 downstream tasks scheduled from follow-on schedule check
