[2025-05-28T19:02:43.740+0000] {taskinstance.py:1103} INFO - Dependencies all met for dep_context=non-requeueable deps ti=<TaskInstance: mrp_colors_csv_to_parquet.run_spark_csv2parquet scheduled__2025-05-27T00:00:00+00:00 [queued]>
[2025-05-28T19:02:43.747+0000] {taskinstance.py:1103} INFO - Dependencies all met for dep_context=requeueable deps ti=<TaskInstance: mrp_colors_csv_to_parquet.run_spark_csv2parquet scheduled__2025-05-27T00:00:00+00:00 [queued]>
[2025-05-28T19:02:43.748+0000] {taskinstance.py:1308} INFO - Starting attempt 1 of 2
[2025-05-28T19:02:43.757+0000] {taskinstance.py:1327} INFO - Executing <Task(SparkSubmitOperator): run_spark_csv2parquet> on 2025-05-27 00:00:00+00:00
[2025-05-28T19:02:43.765+0000] {standard_task_runner.py:57} INFO - Started process 369 to run task
[2025-05-28T19:02:43.773+0000] {standard_task_runner.py:84} INFO - Running: ['***', 'tasks', 'run', 'mrp_colors_csv_to_parquet', 'run_spark_csv2parquet', 'scheduled__2025-05-27T00:00:00+00:00', '--job-id', '47', '--raw', '--subdir', 'DAGS_FOLDER/pl_spark_mrp_colors.py', '--cfg-path', '/tmp/tmpbzf0p939']
[2025-05-28T19:02:43.781+0000] {standard_task_runner.py:85} INFO - Job 47: Subtask run_spark_csv2parquet
[2025-05-28T19:02:43.895+0000] {task_command.py:410} INFO - Running <TaskInstance: mrp_colors_csv_to_parquet.run_spark_csv2parquet scheduled__2025-05-27T00:00:00+00:00 [running]> on host b1889afb6b39
[2025-05-28T19:02:43.989+0000] {taskinstance.py:1547} INFO - Exporting env vars: AIRFLOW_CTX_DAG_OWNER='***' AIRFLOW_CTX_DAG_ID='mrp_colors_csv_to_parquet' AIRFLOW_CTX_TASK_ID='run_spark_csv2parquet' AIRFLOW_CTX_EXECUTION_DATE='2025-05-27T00:00:00+00:00' AIRFLOW_CTX_TRY_NUMBER='1' AIRFLOW_CTX_DAG_RUN_ID='scheduled__2025-05-27T00:00:00+00:00'
[2025-05-28T19:02:43.991+0000] {base.py:73} INFO - Using connection ID 'spark_default' for task execution.
[2025-05-28T19:02:43.992+0000] {spark_submit.py:339} INFO - Spark-Submit cmd: spark-submit --master spark-master:7077 --executor-cores 1 --executor-memory 1g --driver-memory 1g --name CSV2Parquet --verbose /opt/***/spark/scripts/process_raw_trn.py
[2025-05-28T19:02:45.669+0000] {spark_submit.py:490} INFO - Using properties file: null
[2025-05-28T19:02:45.770+0000] {spark_submit.py:490} INFO - Parsed arguments:
[2025-05-28T19:02:45.770+0000] {spark_submit.py:490} INFO - master                  spark-master:7077
[2025-05-28T19:02:45.771+0000] {spark_submit.py:490} INFO - deployMode              null
[2025-05-28T19:02:45.771+0000] {spark_submit.py:490} INFO - executorMemory          1g
[2025-05-28T19:02:45.771+0000] {spark_submit.py:490} INFO - executorCores           1
[2025-05-28T19:02:45.771+0000] {spark_submit.py:490} INFO - totalExecutorCores      null
[2025-05-28T19:02:45.772+0000] {spark_submit.py:490} INFO - propertiesFile          null
[2025-05-28T19:02:45.772+0000] {spark_submit.py:490} INFO - driverMemory            1g
[2025-05-28T19:02:45.772+0000] {spark_submit.py:490} INFO - driverCores             null
[2025-05-28T19:02:45.772+0000] {spark_submit.py:490} INFO - driverExtraClassPath    null
[2025-05-28T19:02:45.772+0000] {spark_submit.py:490} INFO - driverExtraLibraryPath  null
[2025-05-28T19:02:45.772+0000] {spark_submit.py:490} INFO - driverExtraJavaOptions  null
[2025-05-28T19:02:45.772+0000] {spark_submit.py:490} INFO - supervise               false
[2025-05-28T19:02:45.773+0000] {spark_submit.py:490} INFO - queue                   null
[2025-05-28T19:02:45.773+0000] {spark_submit.py:490} INFO - numExecutors            null
[2025-05-28T19:02:45.773+0000] {spark_submit.py:490} INFO - files                   null
[2025-05-28T19:02:45.773+0000] {spark_submit.py:490} INFO - pyFiles                 null
[2025-05-28T19:02:45.773+0000] {spark_submit.py:490} INFO - archives                null
[2025-05-28T19:02:45.773+0000] {spark_submit.py:490} INFO - mainClass               null
[2025-05-28T19:02:45.773+0000] {spark_submit.py:490} INFO - primaryResource         file:/opt/***/spark/scripts/process_raw_trn.py
[2025-05-28T19:02:45.774+0000] {spark_submit.py:490} INFO - name                    CSV2Parquet
[2025-05-28T19:02:45.774+0000] {spark_submit.py:490} INFO - childArgs               []
[2025-05-28T19:02:45.774+0000] {spark_submit.py:490} INFO - jars                    null
[2025-05-28T19:02:45.774+0000] {spark_submit.py:490} INFO - packages                null
[2025-05-28T19:02:45.774+0000] {spark_submit.py:490} INFO - packagesExclusions      null
[2025-05-28T19:02:45.774+0000] {spark_submit.py:490} INFO - repositories            null
[2025-05-28T19:02:45.775+0000] {spark_submit.py:490} INFO - verbose                 true
[2025-05-28T19:02:45.775+0000] {spark_submit.py:490} INFO - 
[2025-05-28T19:02:45.775+0000] {spark_submit.py:490} INFO - Spark properties used, including those specified through
[2025-05-28T19:02:45.775+0000] {spark_submit.py:490} INFO - --conf and those from the properties file null:
[2025-05-28T19:02:45.775+0000] {spark_submit.py:490} INFO - (spark.driver.memory,1g)
[2025-05-28T19:02:45.776+0000] {spark_submit.py:490} INFO - 
[2025-05-28T19:02:45.776+0000] {spark_submit.py:490} INFO - 
[2025-05-28T19:02:46.011+0000] {spark_submit.py:490} INFO - Main class:
[2025-05-28T19:02:46.012+0000] {spark_submit.py:490} INFO - org.apache.spark.deploy.PythonRunner
[2025-05-28T19:02:46.012+0000] {spark_submit.py:490} INFO - Arguments:
[2025-05-28T19:02:46.012+0000] {spark_submit.py:490} INFO - file:/opt/***/spark/scripts/process_raw_trn.py
[2025-05-28T19:02:46.013+0000] {spark_submit.py:490} INFO - null
[2025-05-28T19:02:46.014+0000] {spark_submit.py:490} INFO - Spark config:
[2025-05-28T19:02:46.014+0000] {spark_submit.py:490} INFO - (spark.app.name,CSV2Parquet)
[2025-05-28T19:02:46.014+0000] {spark_submit.py:490} INFO - (spark.app.submitTime,1748458966000)
[2025-05-28T19:02:46.014+0000] {spark_submit.py:490} INFO - (spark.driver.memory,1g)
[2025-05-28T19:02:46.015+0000] {spark_submit.py:490} INFO - (spark.executor.cores,1)
[2025-05-28T19:02:46.015+0000] {spark_submit.py:490} INFO - (spark.executor.memory,1g)
[2025-05-28T19:02:46.015+0000] {spark_submit.py:490} INFO - (spark.master,spark-master:7077)
[2025-05-28T19:02:46.015+0000] {spark_submit.py:490} INFO - (spark.submit.deployMode,client)
[2025-05-28T19:02:46.016+0000] {spark_submit.py:490} INFO - (spark.submit.pyFiles,)
[2025-05-28T19:02:46.016+0000] {spark_submit.py:490} INFO - Classpath elements:
[2025-05-28T19:02:46.016+0000] {spark_submit.py:490} INFO - 
[2025-05-28T19:02:46.016+0000] {spark_submit.py:490} INFO - 
[2025-05-28T19:02:46.016+0000] {spark_submit.py:490} INFO - 
[2025-05-28T19:02:46.831+0000] {spark_submit.py:490} INFO - 25/05/28 19:02:46 INFO SparkContext: Running Spark version 3.3.1
[2025-05-28T19:02:46.906+0000] {spark_submit.py:490} INFO - 25/05/28 19:02:46 WARN NativeCodeLoader: Unable to load native-hadoop library for your platform... using builtin-java classes where applicable
[2025-05-28T19:02:46.978+0000] {spark_submit.py:490} INFO - 25/05/28 19:02:46 INFO ResourceUtils: ==============================================================
[2025-05-28T19:02:46.978+0000] {spark_submit.py:490} INFO - 25/05/28 19:02:46 INFO ResourceUtils: No custom resources configured for spark.driver.
[2025-05-28T19:02:46.979+0000] {spark_submit.py:490} INFO - 25/05/28 19:02:46 INFO ResourceUtils: ==============================================================
[2025-05-28T19:02:46.979+0000] {spark_submit.py:490} INFO - 25/05/28 19:02:46 INFO SparkContext: Submitted application: CSV2Parquet
[2025-05-28T19:02:46.995+0000] {spark_submit.py:490} INFO - 25/05/28 19:02:46 INFO ResourceProfile: Default ResourceProfile created, executor resources: Map(cores -> name: cores, amount: 1, script: , vendor: , memory -> name: memory, amount: 1024, script: , vendor: , offHeap -> name: offHeap, amount: 0, script: , vendor: ), task resources: Map(cpus -> name: cpus, amount: 1.0)
[2025-05-28T19:02:47.004+0000] {spark_submit.py:490} INFO - 25/05/28 19:02:47 INFO ResourceProfile: Limiting resource is cpus at 1 tasks per executor
[2025-05-28T19:02:47.005+0000] {spark_submit.py:490} INFO - 25/05/28 19:02:47 INFO ResourceProfileManager: Added ResourceProfile id: 0
[2025-05-28T19:02:47.043+0000] {spark_submit.py:490} INFO - 25/05/28 19:02:47 INFO SecurityManager: Changing view acls to: ***
[2025-05-28T19:02:47.043+0000] {spark_submit.py:490} INFO - 25/05/28 19:02:47 INFO SecurityManager: Changing modify acls to: ***
[2025-05-28T19:02:47.044+0000] {spark_submit.py:490} INFO - 25/05/28 19:02:47 INFO SecurityManager: Changing view acls groups to:
[2025-05-28T19:02:47.044+0000] {spark_submit.py:490} INFO - 25/05/28 19:02:47 INFO SecurityManager: Changing modify acls groups to:
[2025-05-28T19:02:47.044+0000] {spark_submit.py:490} INFO - 25/05/28 19:02:47 INFO SecurityManager: SecurityManager: authentication disabled; ui acls disabled; users  with view permissions: Set(***); groups with view permissions: Set(); users  with modify permissions: Set(***); groups with modify permissions: Set()
[2025-05-28T19:02:47.327+0000] {spark_submit.py:490} INFO - 25/05/28 19:02:47 INFO Utils: Successfully started service 'sparkDriver' on port 46631.
[2025-05-28T19:02:47.361+0000] {spark_submit.py:490} INFO - 25/05/28 19:02:47 INFO SparkEnv: Registering MapOutputTracker
[2025-05-28T19:02:47.400+0000] {spark_submit.py:490} INFO - 25/05/28 19:02:47 INFO SparkEnv: Registering BlockManagerMaster
[2025-05-28T19:02:47.418+0000] {spark_submit.py:490} INFO - 25/05/28 19:02:47 INFO BlockManagerMasterEndpoint: Using org.apache.spark.storage.DefaultTopologyMapper for getting topology information
[2025-05-28T19:02:47.419+0000] {spark_submit.py:490} INFO - 25/05/28 19:02:47 INFO BlockManagerMasterEndpoint: BlockManagerMasterEndpoint up
[2025-05-28T19:02:47.422+0000] {spark_submit.py:490} INFO - 25/05/28 19:02:47 INFO SparkEnv: Registering BlockManagerMasterHeartbeat
[2025-05-28T19:02:47.459+0000] {spark_submit.py:490} INFO - 25/05/28 19:02:47 INFO DiskBlockManager: Created local directory at /tmp/blockmgr-298005c8-72af-45a8-9229-c6035614da87
[2025-05-28T19:02:47.474+0000] {spark_submit.py:490} INFO - 25/05/28 19:02:47 INFO MemoryStore: MemoryStore started with capacity 434.4 MiB
[2025-05-28T19:02:47.493+0000] {spark_submit.py:490} INFO - 25/05/28 19:02:47 INFO SparkEnv: Registering OutputCommitCoordinator
[2025-05-28T19:02:47.669+0000] {spark_submit.py:490} INFO - 25/05/28 19:02:47 INFO Utils: Successfully started service 'SparkUI' on port 4040.
[2025-05-28T19:02:47.712+0000] {spark_submit.py:490} INFO - 25/05/28 19:02:47 ERROR SparkContext: Error initializing SparkContext.
[2025-05-28T19:02:47.712+0000] {spark_submit.py:490} INFO - org.apache.spark.SparkException: Could not parse Master URL: 'spark-master:7077'
[2025-05-28T19:02:47.713+0000] {spark_submit.py:490} INFO - at org.apache.spark.SparkContext$.org$apache$spark$SparkContext$$createTaskScheduler(SparkContext.scala:2982)
[2025-05-28T19:02:47.713+0000] {spark_submit.py:490} INFO - at org.apache.spark.SparkContext.<init>(SparkContext.scala:563)
[2025-05-28T19:02:47.713+0000] {spark_submit.py:490} INFO - at org.apache.spark.api.java.JavaSparkContext.<init>(JavaSparkContext.scala:58)
[2025-05-28T19:02:47.713+0000] {spark_submit.py:490} INFO - at java.base/jdk.internal.reflect.NativeConstructorAccessorImpl.newInstance0(Native Method)
[2025-05-28T19:02:47.713+0000] {spark_submit.py:490} INFO - at java.base/jdk.internal.reflect.NativeConstructorAccessorImpl.newInstance(NativeConstructorAccessorImpl.java:62)
[2025-05-28T19:02:47.713+0000] {spark_submit.py:490} INFO - at java.base/jdk.internal.reflect.DelegatingConstructorAccessorImpl.newInstance(DelegatingConstructorAccessorImpl.java:45)
[2025-05-28T19:02:47.714+0000] {spark_submit.py:490} INFO - at java.base/java.lang.reflect.Constructor.newInstance(Constructor.java:490)
[2025-05-28T19:02:47.714+0000] {spark_submit.py:490} INFO - at py4j.reflection.MethodInvoker.invoke(MethodInvoker.java:247)
[2025-05-28T19:02:47.714+0000] {spark_submit.py:490} INFO - at py4j.reflection.ReflectionEngine.invoke(ReflectionEngine.java:357)
[2025-05-28T19:02:47.714+0000] {spark_submit.py:490} INFO - at py4j.Gateway.invoke(Gateway.java:238)
[2025-05-28T19:02:47.714+0000] {spark_submit.py:490} INFO - at py4j.commands.ConstructorCommand.invokeConstructor(ConstructorCommand.java:80)
[2025-05-28T19:02:47.714+0000] {spark_submit.py:490} INFO - at py4j.commands.ConstructorCommand.execute(ConstructorCommand.java:69)
[2025-05-28T19:02:47.714+0000] {spark_submit.py:490} INFO - at py4j.ClientServerConnection.waitForCommands(ClientServerConnection.java:182)
[2025-05-28T19:02:47.714+0000] {spark_submit.py:490} INFO - at py4j.ClientServerConnection.run(ClientServerConnection.java:106)
[2025-05-28T19:02:47.715+0000] {spark_submit.py:490} INFO - at java.base/java.lang.Thread.run(Thread.java:829)
[2025-05-28T19:02:47.721+0000] {spark_submit.py:490} INFO - 25/05/28 19:02:47 INFO SparkUI: Stopped Spark web UI at http://b1889afb6b39:4040
[2025-05-28T19:02:47.736+0000] {spark_submit.py:490} INFO - 25/05/28 19:02:47 INFO MapOutputTrackerMasterEndpoint: MapOutputTrackerMasterEndpoint stopped!
[2025-05-28T19:02:47.748+0000] {spark_submit.py:490} INFO - 25/05/28 19:02:47 INFO MemoryStore: MemoryStore cleared
[2025-05-28T19:02:47.748+0000] {spark_submit.py:490} INFO - 25/05/28 19:02:47 INFO BlockManager: BlockManager stopped
[2025-05-28T19:02:47.753+0000] {spark_submit.py:490} INFO - 25/05/28 19:02:47 INFO BlockManagerMaster: BlockManagerMaster stopped
[2025-05-28T19:02:47.754+0000] {spark_submit.py:490} INFO - 25/05/28 19:02:47 WARN MetricsSystem: Stopping a MetricsSystem that is not running
[2025-05-28T19:02:47.755+0000] {spark_submit.py:490} INFO - 25/05/28 19:02:47 INFO OutputCommitCoordinator$OutputCommitCoordinatorEndpoint: OutputCommitCoordinator stopped!
[2025-05-28T19:02:47.773+0000] {spark_submit.py:490} INFO - 25/05/28 19:02:47 INFO SparkContext: Successfully stopped SparkContext
[2025-05-28T19:02:47.774+0000] {spark_submit.py:490} INFO - Traceback (most recent call last):
[2025-05-28T19:02:47.774+0000] {spark_submit.py:490} INFO - File "/opt/***/spark/scripts/process_raw_trn.py", line 54, in <module>
[2025-05-28T19:02:47.774+0000] {spark_submit.py:490} INFO - main()
[2025-05-28T19:02:47.774+0000] {spark_submit.py:490} INFO - File "/opt/***/spark/scripts/process_raw_trn.py", line 31, in main
[2025-05-28T19:02:47.775+0000] {spark_submit.py:490} INFO - spark = SparkSession.builder.appName("CSV2Parquet").getOrCreate()
[2025-05-28T19:02:47.775+0000] {spark_submit.py:490} INFO - File "/opt/spark/python/lib/pyspark.zip/pyspark/sql/session.py", line 269, in getOrCreate
[2025-05-28T19:02:47.775+0000] {spark_submit.py:490} INFO - File "/opt/spark/python/lib/pyspark.zip/pyspark/context.py", line 483, in getOrCreate
[2025-05-28T19:02:47.775+0000] {spark_submit.py:490} INFO - File "/opt/spark/python/lib/pyspark.zip/pyspark/context.py", line 208, in __init__
[2025-05-28T19:02:47.775+0000] {spark_submit.py:490} INFO - File "/opt/spark/python/lib/pyspark.zip/pyspark/context.py", line 282, in _do_init
[2025-05-28T19:02:47.775+0000] {spark_submit.py:490} INFO - File "/opt/spark/python/lib/pyspark.zip/pyspark/context.py", line 402, in _initialize_context
[2025-05-28T19:02:47.776+0000] {spark_submit.py:490} INFO - File "/opt/spark/python/lib/py4j-0.10.9.5-src.zip/py4j/java_gateway.py", line 1586, in __call__
[2025-05-28T19:02:47.776+0000] {spark_submit.py:490} INFO - File "/opt/spark/python/lib/py4j-0.10.9.5-src.zip/py4j/protocol.py", line 328, in get_return_value
[2025-05-28T19:02:47.776+0000] {spark_submit.py:490} INFO - py4j.protocol.Py4JJavaError: An error occurred while calling None.org.apache.spark.api.java.JavaSparkContext.
[2025-05-28T19:02:47.776+0000] {spark_submit.py:490} INFO - : org.apache.spark.SparkException: Could not parse Master URL: 'spark-master:7077'
[2025-05-28T19:02:47.776+0000] {spark_submit.py:490} INFO - at org.apache.spark.SparkContext$.org$apache$spark$SparkContext$$createTaskScheduler(SparkContext.scala:2982)
[2025-05-28T19:02:47.776+0000] {spark_submit.py:490} INFO - at org.apache.spark.SparkContext.<init>(SparkContext.scala:563)
[2025-05-28T19:02:47.777+0000] {spark_submit.py:490} INFO - at org.apache.spark.api.java.JavaSparkContext.<init>(JavaSparkContext.scala:58)
[2025-05-28T19:02:47.777+0000] {spark_submit.py:490} INFO - at java.base/jdk.internal.reflect.NativeConstructorAccessorImpl.newInstance0(Native Method)
[2025-05-28T19:02:47.777+0000] {spark_submit.py:490} INFO - at java.base/jdk.internal.reflect.NativeConstructorAccessorImpl.newInstance(NativeConstructorAccessorImpl.java:62)
[2025-05-28T19:02:47.777+0000] {spark_submit.py:490} INFO - at java.base/jdk.internal.reflect.DelegatingConstructorAccessorImpl.newInstance(DelegatingConstructorAccessorImpl.java:45)
[2025-05-28T19:02:47.777+0000] {spark_submit.py:490} INFO - at java.base/java.lang.reflect.Constructor.newInstance(Constructor.java:490)
[2025-05-28T19:02:47.777+0000] {spark_submit.py:490} INFO - at py4j.reflection.MethodInvoker.invoke(MethodInvoker.java:247)
[2025-05-28T19:02:47.778+0000] {spark_submit.py:490} INFO - at py4j.reflection.ReflectionEngine.invoke(ReflectionEngine.java:357)
[2025-05-28T19:02:47.778+0000] {spark_submit.py:490} INFO - at py4j.Gateway.invoke(Gateway.java:238)
[2025-05-28T19:02:47.778+0000] {spark_submit.py:490} INFO - at py4j.commands.ConstructorCommand.invokeConstructor(ConstructorCommand.java:80)
[2025-05-28T19:02:47.778+0000] {spark_submit.py:490} INFO - at py4j.commands.ConstructorCommand.execute(ConstructorCommand.java:69)
[2025-05-28T19:02:47.778+0000] {spark_submit.py:490} INFO - at py4j.ClientServerConnection.waitForCommands(ClientServerConnection.java:182)
[2025-05-28T19:02:47.778+0000] {spark_submit.py:490} INFO - at py4j.ClientServerConnection.run(ClientServerConnection.java:106)
[2025-05-28T19:02:47.778+0000] {spark_submit.py:490} INFO - at java.base/java.lang.Thread.run(Thread.java:829)
[2025-05-28T19:02:47.778+0000] {spark_submit.py:490} INFO - 
[2025-05-28T19:02:47.797+0000] {spark_submit.py:490} INFO - 25/05/28 19:02:47 INFO ShutdownHookManager: Shutdown hook called
[2025-05-28T19:02:47.798+0000] {spark_submit.py:490} INFO - 25/05/28 19:02:47 INFO ShutdownHookManager: Deleting directory /tmp/spark-27b5d9bb-7b8f-4e17-9e5e-f96eb5d4dc6a
[2025-05-28T19:02:47.802+0000] {spark_submit.py:490} INFO - 25/05/28 19:02:47 INFO ShutdownHookManager: Deleting directory /tmp/spark-163f1f34-184e-48ee-9ef8-6e1884f280e4
[2025-05-28T19:02:48.195+0000] {taskinstance.py:1824} ERROR - Task failed with exception
Traceback (most recent call last):
  File "/home/airflow/.local/lib/python3.7/site-packages/airflow/providers/apache/spark/operators/spark_submit.py", line 157, in execute
    self._hook.submit(self._application)
  File "/home/airflow/.local/lib/python3.7/site-packages/airflow/providers/apache/spark/hooks/spark_submit.py", line 422, in submit
    f"Cannot execute: {self._mask_cmd(spark_submit_cmd)}. Error code is: {returncode}."
airflow.exceptions.AirflowException: Cannot execute: spark-submit --master spark-master:7077 --executor-cores 1 --executor-memory 1g --driver-memory 1g --name CSV2Parquet --verbose /opt/***/spark/scripts/process_raw_trn.py. Error code is: 1.
[2025-05-28T19:02:48.203+0000] {taskinstance.py:1350} INFO - Marking task as UP_FOR_RETRY. dag_id=mrp_colors_csv_to_parquet, task_id=run_spark_csv2parquet, execution_date=20250527T000000, start_date=20250528T190243, end_date=20250528T190248
[2025-05-28T19:02:48.219+0000] {standard_task_runner.py:109} ERROR - Failed to execute job 47 for task run_spark_csv2parquet (Cannot execute: spark-submit --master spark-master:7077 --executor-cores 1 --executor-memory 1g --driver-memory 1g --name CSV2Parquet --verbose /opt/***/spark/scripts/process_raw_trn.py. Error code is: 1.; 369)
[2025-05-28T19:02:48.258+0000] {local_task_job_runner.py:225} INFO - Task exited with return code 1
[2025-05-28T19:02:48.305+0000] {taskinstance.py:2653} INFO - 0 downstream tasks scheduled from follow-on schedule check
[2025-05-28T19:24:44.806+0000] {taskinstance.py:1103} INFO - Dependencies all met for dep_context=non-requeueable deps ti=<TaskInstance: mrp_colors_csv_to_parquet.run_spark_csv2parquet scheduled__2025-05-27T00:00:00+00:00 [queued]>
[2025-05-28T19:24:44.814+0000] {taskinstance.py:1103} INFO - Dependencies all met for dep_context=requeueable deps ti=<TaskInstance: mrp_colors_csv_to_parquet.run_spark_csv2parquet scheduled__2025-05-27T00:00:00+00:00 [queued]>
[2025-05-28T19:24:44.815+0000] {taskinstance.py:1308} INFO - Starting attempt 1 of 2
[2025-05-28T19:24:44.825+0000] {taskinstance.py:1327} INFO - Executing <Task(SparkSubmitOperator): run_spark_csv2parquet> on 2025-05-27 00:00:00+00:00
[2025-05-28T19:24:44.833+0000] {standard_task_runner.py:57} INFO - Started process 1082 to run task
[2025-05-28T19:24:44.838+0000] {standard_task_runner.py:84} INFO - Running: ['***', 'tasks', 'run', 'mrp_colors_csv_to_parquet', 'run_spark_csv2parquet', 'scheduled__2025-05-27T00:00:00+00:00', '--job-id', '66', '--raw', '--subdir', 'DAGS_FOLDER/pl_spark_mrp_colors.py', '--cfg-path', '/tmp/tmp_4nedy92']
[2025-05-28T19:24:44.842+0000] {standard_task_runner.py:85} INFO - Job 66: Subtask run_spark_csv2parquet
[2025-05-28T19:24:44.909+0000] {task_command.py:410} INFO - Running <TaskInstance: mrp_colors_csv_to_parquet.run_spark_csv2parquet scheduled__2025-05-27T00:00:00+00:00 [running]> on host eaf4f15a0767
[2025-05-28T19:24:44.976+0000] {taskinstance.py:1547} INFO - Exporting env vars: AIRFLOW_CTX_DAG_OWNER='***' AIRFLOW_CTX_DAG_ID='mrp_colors_csv_to_parquet' AIRFLOW_CTX_TASK_ID='run_spark_csv2parquet' AIRFLOW_CTX_EXECUTION_DATE='2025-05-27T00:00:00+00:00' AIRFLOW_CTX_TRY_NUMBER='1' AIRFLOW_CTX_DAG_RUN_ID='scheduled__2025-05-27T00:00:00+00:00'
[2025-05-28T19:24:44.977+0000] {base.py:73} INFO - Using connection ID 'spark_default' for task execution.
[2025-05-28T19:24:44.977+0000] {spark_submit.py:339} INFO - Spark-Submit cmd: spark-submit --master spark-master:7077 --name arrow-spark --verbose /opt/***/spark/scripts/process_raw_trn.py
[2025-05-28T19:24:46.223+0000] {spark_submit.py:490} INFO - Using properties file: null
[2025-05-28T19:24:46.316+0000] {spark_submit.py:490} INFO - Parsed arguments:
[2025-05-28T19:24:46.317+0000] {spark_submit.py:490} INFO - master                  spark-master:7077
[2025-05-28T19:24:46.318+0000] {spark_submit.py:490} INFO - deployMode              null
[2025-05-28T19:24:46.319+0000] {spark_submit.py:490} INFO - executorMemory          null
[2025-05-28T19:24:46.319+0000] {spark_submit.py:490} INFO - executorCores           null
[2025-05-28T19:24:46.320+0000] {spark_submit.py:490} INFO - totalExecutorCores      null
[2025-05-28T19:24:46.320+0000] {spark_submit.py:490} INFO - propertiesFile          null
[2025-05-28T19:24:46.320+0000] {spark_submit.py:490} INFO - driverMemory            null
[2025-05-28T19:24:46.320+0000] {spark_submit.py:490} INFO - driverCores             null
[2025-05-28T19:24:46.321+0000] {spark_submit.py:490} INFO - driverExtraClassPath    null
[2025-05-28T19:24:46.321+0000] {spark_submit.py:490} INFO - driverExtraLibraryPath  null
[2025-05-28T19:24:46.321+0000] {spark_submit.py:490} INFO - driverExtraJavaOptions  null
[2025-05-28T19:24:46.321+0000] {spark_submit.py:490} INFO - supervise               false
[2025-05-28T19:24:46.321+0000] {spark_submit.py:490} INFO - queue                   null
[2025-05-28T19:24:46.322+0000] {spark_submit.py:490} INFO - numExecutors            null
[2025-05-28T19:24:46.322+0000] {spark_submit.py:490} INFO - files                   null
[2025-05-28T19:24:46.322+0000] {spark_submit.py:490} INFO - pyFiles                 null
[2025-05-28T19:24:46.322+0000] {spark_submit.py:490} INFO - archives                null
[2025-05-28T19:24:46.322+0000] {spark_submit.py:490} INFO - mainClass               null
[2025-05-28T19:24:46.322+0000] {spark_submit.py:490} INFO - primaryResource         file:/opt/***/spark/scripts/process_raw_trn.py
[2025-05-28T19:24:46.323+0000] {spark_submit.py:490} INFO - name                    arrow-spark
[2025-05-28T19:24:46.323+0000] {spark_submit.py:490} INFO - childArgs               []
[2025-05-28T19:24:46.323+0000] {spark_submit.py:490} INFO - jars                    null
[2025-05-28T19:24:46.323+0000] {spark_submit.py:490} INFO - packages                null
[2025-05-28T19:24:46.323+0000] {spark_submit.py:490} INFO - packagesExclusions      null
[2025-05-28T19:24:46.323+0000] {spark_submit.py:490} INFO - repositories            null
[2025-05-28T19:24:46.323+0000] {spark_submit.py:490} INFO - verbose                 true
[2025-05-28T19:24:46.324+0000] {spark_submit.py:490} INFO - 
[2025-05-28T19:24:46.324+0000] {spark_submit.py:490} INFO - Spark properties used, including those specified through
[2025-05-28T19:24:46.324+0000] {spark_submit.py:490} INFO - --conf and those from the properties file null:
[2025-05-28T19:24:46.324+0000] {spark_submit.py:490} INFO - 
[2025-05-28T19:24:46.325+0000] {spark_submit.py:490} INFO - 
[2025-05-28T19:24:46.325+0000] {spark_submit.py:490} INFO - 
[2025-05-28T19:24:46.571+0000] {spark_submit.py:490} INFO - Main class:
[2025-05-28T19:24:46.572+0000] {spark_submit.py:490} INFO - org.apache.spark.deploy.PythonRunner
[2025-05-28T19:24:46.572+0000] {spark_submit.py:490} INFO - Arguments:
[2025-05-28T19:24:46.573+0000] {spark_submit.py:490} INFO - file:/opt/***/spark/scripts/process_raw_trn.py
[2025-05-28T19:24:46.573+0000] {spark_submit.py:490} INFO - null
[2025-05-28T19:24:46.574+0000] {spark_submit.py:490} INFO - Spark config:
[2025-05-28T19:24:46.574+0000] {spark_submit.py:490} INFO - (spark.app.name,arrow-spark)
[2025-05-28T19:24:46.575+0000] {spark_submit.py:490} INFO - (spark.app.submitTime,1748460286561)
[2025-05-28T19:24:46.575+0000] {spark_submit.py:490} INFO - (spark.master,spark-master:7077)
[2025-05-28T19:24:46.575+0000] {spark_submit.py:490} INFO - (spark.submit.deployMode,client)
[2025-05-28T19:24:46.575+0000] {spark_submit.py:490} INFO - (spark.submit.pyFiles,)
[2025-05-28T19:24:46.575+0000] {spark_submit.py:490} INFO - Classpath elements:
[2025-05-28T19:24:46.575+0000] {spark_submit.py:490} INFO - 
[2025-05-28T19:24:46.576+0000] {spark_submit.py:490} INFO - 
[2025-05-28T19:24:46.576+0000] {spark_submit.py:490} INFO - 
[2025-05-28T19:24:47.267+0000] {spark_submit.py:490} INFO - 25/05/28 19:24:47 INFO SparkContext: Running Spark version 3.3.1
[2025-05-28T19:24:47.310+0000] {spark_submit.py:490} INFO - 25/05/28 19:24:47 WARN NativeCodeLoader: Unable to load native-hadoop library for your platform... using builtin-java classes where applicable
[2025-05-28T19:24:47.365+0000] {spark_submit.py:490} INFO - 25/05/28 19:24:47 INFO ResourceUtils: ==============================================================
[2025-05-28T19:24:47.365+0000] {spark_submit.py:490} INFO - 25/05/28 19:24:47 INFO ResourceUtils: No custom resources configured for spark.driver.
[2025-05-28T19:24:47.366+0000] {spark_submit.py:490} INFO - 25/05/28 19:24:47 INFO ResourceUtils: ==============================================================
[2025-05-28T19:24:47.366+0000] {spark_submit.py:490} INFO - 25/05/28 19:24:47 INFO SparkContext: Submitted application: CSV2Parquet
[2025-05-28T19:24:47.381+0000] {spark_submit.py:490} INFO - 25/05/28 19:24:47 INFO ResourceProfile: Default ResourceProfile created, executor resources: Map(cores -> name: cores, amount: 1, script: , vendor: , memory -> name: memory, amount: 1024, script: , vendor: , offHeap -> name: offHeap, amount: 0, script: , vendor: ), task resources: Map(cpus -> name: cpus, amount: 1.0)
[2025-05-28T19:24:47.388+0000] {spark_submit.py:490} INFO - 25/05/28 19:24:47 INFO ResourceProfile: Limiting resource is cpu
[2025-05-28T19:24:47.389+0000] {spark_submit.py:490} INFO - 25/05/28 19:24:47 INFO ResourceProfileManager: Added ResourceProfile id: 0
[2025-05-28T19:24:47.424+0000] {spark_submit.py:490} INFO - 25/05/28 19:24:47 INFO SecurityManager: Changing view acls to: ***
[2025-05-28T19:24:47.424+0000] {spark_submit.py:490} INFO - 25/05/28 19:24:47 INFO SecurityManager: Changing modify acls to: ***
[2025-05-28T19:24:47.424+0000] {spark_submit.py:490} INFO - 25/05/28 19:24:47 INFO SecurityManager: Changing view acls groups to:
[2025-05-28T19:24:47.425+0000] {spark_submit.py:490} INFO - 25/05/28 19:24:47 INFO SecurityManager: Changing modify acls groups to:
[2025-05-28T19:24:47.425+0000] {spark_submit.py:490} INFO - 25/05/28 19:24:47 INFO SecurityManager: SecurityManager: authentication disabled; ui acls disabled; users  with view permissions: Set(***); groups with view permissions: Set(); users  with modify permissions: Set(***); groups with modify permissions: Set()
[2025-05-28T19:24:47.649+0000] {spark_submit.py:490} INFO - 25/05/28 19:24:47 INFO Utils: Successfully started service 'sparkDriver' on port 35975.
[2025-05-28T19:24:47.672+0000] {spark_submit.py:490} INFO - 25/05/28 19:24:47 INFO SparkEnv: Registering MapOutputTracker
[2025-05-28T19:24:47.703+0000] {spark_submit.py:490} INFO - 25/05/28 19:24:47 INFO SparkEnv: Registering BlockManagerMaster
[2025-05-28T19:24:47.721+0000] {spark_submit.py:490} INFO - 25/05/28 19:24:47 INFO BlockManagerMasterEndpoint: Using org.apache.spark.storage.DefaultTopologyMapper for getting topology information
[2025-05-28T19:24:47.721+0000] {spark_submit.py:490} INFO - 25/05/28 19:24:47 INFO BlockManagerMasterEndpoint: BlockManagerMasterEndpoint up
[2025-05-28T19:24:47.725+0000] {spark_submit.py:490} INFO - 25/05/28 19:24:47 INFO SparkEnv: Registering BlockManagerMasterHeartbeat
[2025-05-28T19:24:47.752+0000] {spark_submit.py:490} INFO - 25/05/28 19:24:47 INFO DiskBlockManager: Created local directory at /tmp/blockmgr-1ffb143b-35ad-49bf-8fa2-6acc413eea0f
[2025-05-28T19:24:47.772+0000] {spark_submit.py:490} INFO - 25/05/28 19:24:47 INFO MemoryStore: MemoryStore started with capacity 434.4 MiB
[2025-05-28T19:24:47.785+0000] {spark_submit.py:490} INFO - 25/05/28 19:24:47 INFO SparkEnv: Registering OutputCommitCoordinator
[2025-05-28T19:24:47.931+0000] {spark_submit.py:490} INFO - 25/05/28 19:24:47 INFO Utils: Successfully started service 'SparkUI' on port 4040.
[2025-05-28T19:24:47.970+0000] {spark_submit.py:490} INFO - 25/05/28 19:24:47 ERROR SparkContext: Error initializing SparkContext.
[2025-05-28T19:24:47.971+0000] {spark_submit.py:490} INFO - org.apache.spark.SparkException: Could not parse Master URL: 'spark-master:7077'
[2025-05-28T19:24:47.971+0000] {spark_submit.py:490} INFO - at org.apache.spark.SparkContext$.org$apache$spark$SparkContext$$createTaskScheduler(SparkContext.scala:2982)
[2025-05-28T19:24:47.971+0000] {spark_submit.py:490} INFO - at org.apache.spark.SparkContext.<init>(SparkContext.scala:563)
[2025-05-28T19:24:47.972+0000] {spark_submit.py:490} INFO - at org.apache.spark.api.java.JavaSparkContext.<init>(JavaSparkContext.scala:58)
[2025-05-28T19:24:47.972+0000] {spark_submit.py:490} INFO - at java.base/jdk.internal.reflect.NativeConstructorAccessorImpl.newInstance0(Native Method)
[2025-05-28T19:24:47.972+0000] {spark_submit.py:490} INFO - at java.base/jdk.internal.reflect.NativeConstructorAccessorImpl.newInstance(NativeConstructorAccessorImpl.java:62)
[2025-05-28T19:24:47.972+0000] {spark_submit.py:490} INFO - at java.base/jdk.internal.reflect.DelegatingConstructorAccessorImpl.newInstance(DelegatingConstructorAccessorImpl.java:45)
[2025-05-28T19:24:47.972+0000] {spark_submit.py:490} INFO - at java.base/java.lang.reflect.Constructor.newInstance(Constructor.java:490)
[2025-05-28T19:24:47.972+0000] {spark_submit.py:490} INFO - at py4j.reflection.MethodInvoker.invoke(MethodInvoker.java:247)
[2025-05-28T19:24:47.972+0000] {spark_submit.py:490} INFO - at py4j.reflection.ReflectionEngine.invoke(ReflectionEngine.java:357)
[2025-05-28T19:24:47.973+0000] {spark_submit.py:490} INFO - at py4j.Gateway.invoke(Gateway.java:238)
[2025-05-28T19:24:47.973+0000] {spark_submit.py:490} INFO - at py4j.commands.ConstructorCommand.invokeConstructor(ConstructorCommand.java:80)
[2025-05-28T19:24:47.973+0000] {spark_submit.py:490} INFO - at py4j.commands.ConstructorCommand.execute(ConstructorCommand.java:69)
[2025-05-28T19:24:47.973+0000] {spark_submit.py:490} INFO - at py4j.ClientServerConnection.waitForCommands(ClientServerConnection.java:182)
[2025-05-28T19:24:47.973+0000] {spark_submit.py:490} INFO - at py4j.ClientServerConnection.run(ClientServerConnection.java:106)
[2025-05-28T19:24:47.973+0000] {spark_submit.py:490} INFO - at java.base/java.lang.Thread.run(Thread.java:829)
[2025-05-28T19:24:47.980+0000] {spark_submit.py:490} INFO - 25/05/28 19:24:47 INFO SparkUI: Stopped Spark web UI at http://eaf4f15a0767:4040
[2025-05-28T19:24:47.993+0000] {spark_submit.py:490} INFO - 25/05/28 19:24:47 INFO MapOutputTrackerMasterEndpoint: MapOutputTrackerMasterEndpoint stopped!
[2025-05-28T19:24:48.003+0000] {spark_submit.py:490} INFO - 25/05/28 19:24:48 INFO MemoryStore: MemoryStore cleared
[2025-05-28T19:24:48.003+0000] {spark_submit.py:490} INFO - 25/05/28 19:24:48 INFO BlockManager: BlockManager stopped
[2025-05-28T19:24:48.007+0000] {spark_submit.py:490} INFO - 25/05/28 19:24:48 INFO BlockManagerMaster: BlockManagerMaster stopped
[2025-05-28T19:24:48.007+0000] {spark_submit.py:490} INFO - 25/05/28 19:24:48 WARN MetricsSystem: Stopping a MetricsSystem that is not running
[2025-05-28T19:24:48.009+0000] {spark_submit.py:490} INFO - 25/05/28 19:24:48 INFO OutputCommitCoordinator$OutputCommitCoordinatorEndpoint: OutputCommitCoordinator stopped!
[2025-05-28T19:24:48.024+0000] {spark_submit.py:490} INFO - 25/05/28 19:24:48 INFO SparkContext: Successfully stopped SparkContext
[2025-05-28T19:24:48.024+0000] {spark_submit.py:490} INFO - Traceback (most recent call last):
[2025-05-28T19:24:48.025+0000] {spark_submit.py:490} INFO - File "/opt/***/spark/scripts/process_raw_trn.py", line 54, in <module>
[2025-05-28T19:24:48.025+0000] {spark_submit.py:490} INFO - main()
[2025-05-28T19:24:48.025+0000] {spark_submit.py:490} INFO - File "/opt/***/spark/scripts/process_raw_trn.py", line 31, in main
[2025-05-28T19:24:48.025+0000] {spark_submit.py:490} INFO - spark = SparkSession.builder.appName("CSV2Parquet").getOrCreate()
[2025-05-28T19:24:48.025+0000] {spark_submit.py:490} INFO - File "/opt/spark/python/lib/pyspark.zip/pyspark/sql/session.py", line 269, in getOrCreate
[2025-05-28T19:24:48.026+0000] {spark_submit.py:490} INFO - File "/opt/spark/python/lib/pyspark.zip/pyspark/context.py", line 483, in getOrCreate
[2025-05-28T19:24:48.026+0000] {spark_submit.py:490} INFO - File "/opt/spark/python/lib/pyspark.zip/pyspark/context.py", line 208, in __init__
[2025-05-28T19:24:48.027+0000] {spark_submit.py:490} INFO - File "/opt/spark/python/lib/pyspark.zip/pyspark/context.py", line 282, in _do_init
[2025-05-28T19:24:48.027+0000] {spark_submit.py:490} INFO - File "/opt/spark/python/lib/pyspark.zip/pyspark/context.py", line 402, in _initialize_context
[2025-05-28T19:24:48.027+0000] {spark_submit.py:490} INFO - File "/opt/spark/python/lib/py4j-0.10.9.5-src.zip/py4j/java_gateway.py", line 1586, in __call__
[2025-05-28T19:24:48.027+0000] {spark_submit.py:490} INFO - File "/opt/spark/python/lib/py4j-0.10.9.5-src.zip/py4j/protocol.py", line 328, in get_return_value
[2025-05-28T19:24:48.027+0000] {spark_submit.py:490} INFO - py4j.protocol.Py4JJavaError: An error occurred while calling None.org.apache.spark.api.java.JavaSparkContext.
[2025-05-28T19:24:48.028+0000] {spark_submit.py:490} INFO - : org.apache.spark.SparkException: Could not parse Master URL: 'spark-master:7077'
[2025-05-28T19:24:48.028+0000] {spark_submit.py:490} INFO - at org.apache.spark.SparkContext$.org$apache$spark$SparkContext$$createTaskScheduler(SparkContext.scala:2982)
[2025-05-28T19:24:48.028+0000] {spark_submit.py:490} INFO - at org.apache.spark.SparkContext.<init>(SparkContext.scala:563)
[2025-05-28T19:24:48.028+0000] {spark_submit.py:490} INFO - at org.apache.spark.api.java.JavaSparkContext.<init>(JavaSparkContext.scala:58)
[2025-05-28T19:24:48.029+0000] {spark_submit.py:490} INFO - at java.base/jdk.internal.reflect.NativeConstructorAccessorImpl.newInstance0(Native Method)
[2025-05-28T19:24:48.029+0000] {spark_submit.py:490} INFO - at java.base/jdk.internal.reflect.NativeConstructorAccessorImpl.newInstance(NativeConstructorAccessorImpl.java:62)
[2025-05-28T19:24:48.029+0000] {spark_submit.py:490} INFO - at java.base/jdk.internal.reflect.DelegatingConstructorAccessorImpl.newInstance(DelegatingConstructorAccessorImpl.java:45)
[2025-05-28T19:24:48.029+0000] {spark_submit.py:490} INFO - at java.base/java.lang.reflect.Constructor.newInstance(Constructor.java:490)
[2025-05-28T19:24:48.029+0000] {spark_submit.py:490} INFO - at py4j.reflection.MethodInvoker.invoke(MethodInvoker.java:247)
[2025-05-28T19:24:48.030+0000] {spark_submit.py:490} INFO - at py4j.reflection.ReflectionEngine.invoke(ReflectionEngine.java:357)
[2025-05-28T19:24:48.030+0000] {spark_submit.py:490} INFO - at py4j.Gateway.invoke(Gateway.java:238)
[2025-05-28T19:24:48.030+0000] {spark_submit.py:490} INFO - at py4j.commands.ConstructorCommand.invokeConstructor(ConstructorCommand.java:80)
[2025-05-28T19:24:48.030+0000] {spark_submit.py:490} INFO - at py4j.commands.ConstructorCommand.execute(ConstructorCommand.java:69)
[2025-05-28T19:24:48.030+0000] {spark_submit.py:490} INFO - at py4j.ClientServerConnection.waitForCommands(ClientServerConnection.java:182)
[2025-05-28T19:24:48.030+0000] {spark_submit.py:490} INFO - at py4j.ClientServerConnection.run(ClientServerConnection.java:106)
[2025-05-28T19:24:48.030+0000] {spark_submit.py:490} INFO - at java.base/java.lang.Thread.run(Thread.java:829)
[2025-05-28T19:24:48.031+0000] {spark_submit.py:490} INFO - 
[2025-05-28T19:24:48.052+0000] {spark_submit.py:490} INFO - 25/05/28 19:24:48 INFO ShutdownHookManager: Shutdown hook called
[2025-05-28T19:24:48.052+0000] {spark_submit.py:490} INFO - 25/05/28 19:24:48 INFO ShutdownHookManager: Deleting directory /tmp/spark-24240c5a-0c6d-4ca9-b223-654e924ac182
[2025-05-28T19:24:48.056+0000] {spark_submit.py:490} INFO - 25/05/28 19:24:48 INFO ShutdownHookManager: Deleting directory /tmp/spark-17ce8f13-bf7a-426f-a63a-642335341dc1
[2025-05-28T19:24:48.101+0000] {taskinstance.py:1824} ERROR - Task failed with exception
Traceback (most recent call last):
  File "/home/airflow/.local/lib/python3.7/site-packages/airflow/providers/apache/spark/operators/spark_submit.py", line 157, in execute
    self._hook.submit(self._application)
  File "/home/airflow/.local/lib/python3.7/site-packages/airflow/providers/apache/spark/hooks/spark_submit.py", line 422, in submit
    f"Cannot execute: {self._mask_cmd(spark_submit_cmd)}. Error code is: {returncode}."
airflow.exceptions.AirflowException: Cannot execute: spark-submit --master spark-master:7077 --name arrow-spark --verbose /opt/***/spark/scripts/process_raw_trn.py. Error code is: 1.
[2025-05-28T19:24:48.105+0000] {taskinstance.py:1350} INFO - Marking task as UP_FOR_RETRY. dag_id=mrp_colors_csv_to_parquet, task_id=run_spark_csv2parquet, execution_date=20250527T000000, start_date=20250528T192444, end_date=20250528T192448
[2025-05-28T19:24:48.116+0000] {standard_task_runner.py:109} ERROR - Failed to execute job 66 for task run_spark_csv2parquet (Cannot execute: spark-submit --master spark-master:7077 --name arrow-spark --verbose /opt/***/spark/scripts/process_raw_trn.py. Error code is: 1.; 1082)
[2025-05-28T19:24:48.162+0000] {local_task_job_runner.py:225} INFO - Task exited with return code 1
[2025-05-28T19:24:48.178+0000] {taskinstance.py:2653} INFO - 0 downstream tasks scheduled from follow-on schedule check
