[2025-05-28T19:14:15.502+0000] {taskinstance.py:1103} INFO - Dependencies all met for dep_context=non-requeueable deps ti=<TaskInstance: mrp_colors_csv_to_parquet.run_spark_csv2parquet scheduled__2025-05-27T00:00:00+00:00 [queued]>
[2025-05-28T19:14:15.508+0000] {taskinstance.py:1103} INFO - Dependencies all met for dep_context=requeueable deps ti=<TaskInstance: mrp_colors_csv_to_parquet.run_spark_csv2parquet scheduled__2025-05-27T00:00:00+00:00 [queued]>
[2025-05-28T19:14:15.508+0000] {taskinstance.py:1308} INFO - Starting attempt 7 of 8
[2025-05-28T19:14:15.519+0000] {taskinstance.py:1327} INFO - Executing <Task(SparkSubmitOperator): run_spark_csv2parquet> on 2025-05-27 00:00:00+00:00
[2025-05-28T19:14:15.523+0000] {standard_task_runner.py:57} INFO - Started process 320 to run task
[2025-05-28T19:14:15.526+0000] {standard_task_runner.py:84} INFO - Running: ['***', 'tasks', 'run', 'mrp_colors_csv_to_parquet', 'run_spark_csv2parquet', 'scheduled__2025-05-27T00:00:00+00:00', '--job-id', '55', '--raw', '--subdir', 'DAGS_FOLDER/pl_spark_mrp_colors.py', '--cfg-path', '/tmp/tmp3e1qh6_8']
[2025-05-28T19:14:15.528+0000] {standard_task_runner.py:85} INFO - Job 55: Subtask run_spark_csv2parquet
[2025-05-28T19:14:15.598+0000] {task_command.py:410} INFO - Running <TaskInstance: mrp_colors_csv_to_parquet.run_spark_csv2parquet scheduled__2025-05-27T00:00:00+00:00 [running]> on host b1889afb6b39
[2025-05-28T19:14:15.678+0000] {taskinstance.py:1547} INFO - Exporting env vars: AIRFLOW_CTX_DAG_OWNER='***' AIRFLOW_CTX_DAG_ID='mrp_colors_csv_to_parquet' AIRFLOW_CTX_TASK_ID='run_spark_csv2parquet' AIRFLOW_CTX_EXECUTION_DATE='2025-05-27T00:00:00+00:00' AIRFLOW_CTX_TRY_NUMBER='7' AIRFLOW_CTX_DAG_RUN_ID='scheduled__2025-05-27T00:00:00+00:00'
[2025-05-28T19:14:15.679+0000] {base.py:73} INFO - Using connection ID 'spark_default' for task execution.
[2025-05-28T19:14:15.680+0000] {spark_submit.py:339} INFO - Spark-Submit cmd: spark-submit --master spark-master:7077 --name arrow-spark --verbose /opt/***/spark/scripts/process_raw_trn.py
[2025-05-28T19:14:17.195+0000] {spark_submit.py:490} INFO - Using properties file: null
[2025-05-28T19:14:17.277+0000] {spark_submit.py:490} INFO - Parsed arguments:
[2025-05-28T19:14:17.278+0000] {spark_submit.py:490} INFO - master                  spark-master:7077
[2025-05-28T19:14:17.278+0000] {spark_submit.py:490} INFO - deployMode              null
[2025-05-28T19:14:17.278+0000] {spark_submit.py:490} INFO - executorMemory          null
[2025-05-28T19:14:17.278+0000] {spark_submit.py:490} INFO - executorCores           null
[2025-05-28T19:14:17.278+0000] {spark_submit.py:490} INFO - totalExecutorCores      null
[2025-05-28T19:14:17.278+0000] {spark_submit.py:490} INFO - propertiesFile          null
[2025-05-28T19:14:17.279+0000] {spark_submit.py:490} INFO - driverMemory            null
[2025-05-28T19:14:17.279+0000] {spark_submit.py:490} INFO - driverCores             null
[2025-05-28T19:14:17.279+0000] {spark_submit.py:490} INFO - driverExtraClassPath    null
[2025-05-28T19:14:17.279+0000] {spark_submit.py:490} INFO - driverExtraLibraryPath  null
[2025-05-28T19:14:17.279+0000] {spark_submit.py:490} INFO - driverExtraJavaOptions  null
[2025-05-28T19:14:17.279+0000] {spark_submit.py:490} INFO - supervise               false
[2025-05-28T19:14:17.279+0000] {spark_submit.py:490} INFO - queue                   null
[2025-05-28T19:14:17.280+0000] {spark_submit.py:490} INFO - numExecutors            null
[2025-05-28T19:14:17.280+0000] {spark_submit.py:490} INFO - files                   null
[2025-05-28T19:14:17.280+0000] {spark_submit.py:490} INFO - pyFiles                 null
[2025-05-28T19:14:17.280+0000] {spark_submit.py:490} INFO - archives                null
[2025-05-28T19:14:17.280+0000] {spark_submit.py:490} INFO - mainClass               null
[2025-05-28T19:14:17.280+0000] {spark_submit.py:490} INFO - primaryResource         file:/opt/***/spark/scripts/process_raw_trn.py
[2025-05-28T19:14:17.280+0000] {spark_submit.py:490} INFO - name                    arrow-spark
[2025-05-28T19:14:17.280+0000] {spark_submit.py:490} INFO - childArgs               []
[2025-05-28T19:14:17.281+0000] {spark_submit.py:490} INFO - jars                    null
[2025-05-28T19:14:17.281+0000] {spark_submit.py:490} INFO - packages                null
[2025-05-28T19:14:17.281+0000] {spark_submit.py:490} INFO - packagesExclusions      null
[2025-05-28T19:14:17.281+0000] {spark_submit.py:490} INFO - repositories            null
[2025-05-28T19:14:17.281+0000] {spark_submit.py:490} INFO - verbose                 true
[2025-05-28T19:14:17.281+0000] {spark_submit.py:490} INFO - 
[2025-05-28T19:14:17.281+0000] {spark_submit.py:490} INFO - Spark properties used, including those specified through
[2025-05-28T19:14:17.281+0000] {spark_submit.py:490} INFO - --conf and those from the properties file null:
[2025-05-28T19:14:17.281+0000] {spark_submit.py:490} INFO - 
[2025-05-28T19:14:17.282+0000] {spark_submit.py:490} INFO - 
[2025-05-28T19:14:17.282+0000] {spark_submit.py:490} INFO - 
[2025-05-28T19:14:17.508+0000] {spark_submit.py:490} INFO - Main class:
[2025-05-28T19:14:17.508+0000] {spark_submit.py:490} INFO - org.apache.spark.deploy.PythonRunner
[2025-05-28T19:14:17.508+0000] {spark_submit.py:490} INFO - Arguments:
[2025-05-28T19:14:17.508+0000] {spark_submit.py:490} INFO - file:/opt/***/spark/scripts/process_raw_trn.py
[2025-05-28T19:14:17.509+0000] {spark_submit.py:490} INFO - null
[2025-05-28T19:14:17.512+0000] {spark_submit.py:490} INFO - Spark config:
[2025-05-28T19:14:17.512+0000] {spark_submit.py:490} INFO - (spark.app.name,arrow-spark)
[2025-05-28T19:14:17.513+0000] {spark_submit.py:490} INFO - (spark.app.submitTime,1748459657495)
[2025-05-28T19:14:17.513+0000] {spark_submit.py:490} INFO - (spark.master,spark-master:7077)
[2025-05-28T19:14:17.513+0000] {spark_submit.py:490} INFO - (spark.submit.deployMode,client)
[2025-05-28T19:14:17.513+0000] {spark_submit.py:490} INFO - (spark.submit.pyFiles,)
[2025-05-28T19:14:17.513+0000] {spark_submit.py:490} INFO - Classpath elements:
[2025-05-28T19:14:17.513+0000] {spark_submit.py:490} INFO - 
[2025-05-28T19:14:17.513+0000] {spark_submit.py:490} INFO - 
[2025-05-28T19:14:17.513+0000] {spark_submit.py:490} INFO - 
[2025-05-28T19:14:18.204+0000] {spark_submit.py:490} INFO - 25/05/28 19:14:18 INFO SparkContext: Running Spark version 3.3.1
[2025-05-28T19:14:18.246+0000] {spark_submit.py:490} INFO - 25/05/28 19:14:18 WARN NativeCodeLoader: Unable to load native-hadoop library for your platform... using builtin-java classes where applicable
[2025-05-28T19:14:18.305+0000] {spark_submit.py:490} INFO - 25/05/28 19:14:18 INFO ResourceUtils: ==============================================================
[2025-05-28T19:14:18.306+0000] {spark_submit.py:490} INFO - 25/05/28 19:14:18 INFO ResourceUtils: No custom resources configured for spark.driver.
[2025-05-28T19:14:18.306+0000] {spark_submit.py:490} INFO - 25/05/28 19:14:18 INFO ResourceUtils: ==============================================================
[2025-05-28T19:14:18.306+0000] {spark_submit.py:490} INFO - 25/05/28 19:14:18 INFO SparkContext: Submitted application: CSV2Parquet
[2025-05-28T19:14:18.317+0000] {spark_submit.py:490} INFO - 25/05/28 19:14:18 INFO ResourceProfile: Default ResourceProfile created, executor resources: Map(cores -> name: cores, amount: 1, script: , vendor: , memory -> name: memory, amount: 1024, script: , vendor: , offHeap -> name: offHeap, amount: 0, script: , vendor: ), task resources: Map(cpus -> name: cpus, amount: 1.0)
[2025-05-28T19:14:18.323+0000] {spark_submit.py:490} INFO - 25/05/28 19:14:18 INFO ResourceProfile: Limiting resource is cpu
[2025-05-28T19:14:18.324+0000] {spark_submit.py:490} INFO - 25/05/28 19:14:18 INFO ResourceProfileManager: Added ResourceProfile id: 0
[2025-05-28T19:14:18.358+0000] {spark_submit.py:490} INFO - 25/05/28 19:14:18 INFO SecurityManager: Changing view acls to: ***
[2025-05-28T19:14:18.358+0000] {spark_submit.py:490} INFO - 25/05/28 19:14:18 INFO SecurityManager: Changing modify acls to: ***
[2025-05-28T19:14:18.359+0000] {spark_submit.py:490} INFO - 25/05/28 19:14:18 INFO SecurityManager: Changing view acls groups to:
[2025-05-28T19:14:18.360+0000] {spark_submit.py:490} INFO - 25/05/28 19:14:18 INFO SecurityManager: Changing modify acls groups to:
[2025-05-28T19:14:18.361+0000] {spark_submit.py:490} INFO - 25/05/28 19:14:18 INFO SecurityManager: SecurityManager: authentication disabled; ui acls disabled; users  with view permissions: Set(***); groups with view permissions: Set(); users  with modify permissions: Set(***); groups with modify permissions: Set()
[2025-05-28T19:14:18.573+0000] {spark_submit.py:490} INFO - 25/05/28 19:14:18 INFO Utils: Successfully started service 'sparkDriver' on port 34805.
[2025-05-28T19:14:18.593+0000] {spark_submit.py:490} INFO - 25/05/28 19:14:18 INFO SparkEnv: Registering MapOutputTracker
[2025-05-28T19:14:18.619+0000] {spark_submit.py:490} INFO - 25/05/28 19:14:18 INFO SparkEnv: Registering BlockManagerMaster
[2025-05-28T19:14:18.633+0000] {spark_submit.py:490} INFO - 25/05/28 19:14:18 INFO BlockManagerMasterEndpoint: Using org.apache.spark.storage.DefaultTopologyMapper for getting topology information
[2025-05-28T19:14:18.633+0000] {spark_submit.py:490} INFO - 25/05/28 19:14:18 INFO BlockManagerMasterEndpoint: BlockManagerMasterEndpoint up
[2025-05-28T19:14:18.636+0000] {spark_submit.py:490} INFO - 25/05/28 19:14:18 INFO SparkEnv: Registering BlockManagerMasterHeartbeat
[2025-05-28T19:14:18.653+0000] {spark_submit.py:490} INFO - 25/05/28 19:14:18 INFO DiskBlockManager: Created local directory at /tmp/blockmgr-6dc82e2e-0d19-451b-b46a-cffbf20f4d13
[2025-05-28T19:14:18.663+0000] {spark_submit.py:490} INFO - 25/05/28 19:14:18 INFO MemoryStore: MemoryStore started with capacity 434.4 MiB
[2025-05-28T19:14:18.678+0000] {spark_submit.py:490} INFO - 25/05/28 19:14:18 INFO SparkEnv: Registering OutputCommitCoordinator
[2025-05-28T19:14:18.837+0000] {spark_submit.py:490} INFO - 25/05/28 19:14:18 INFO Utils: Successfully started service 'SparkUI' on port 4040.
[2025-05-28T19:14:18.883+0000] {spark_submit.py:490} INFO - 25/05/28 19:14:18 ERROR SparkContext: Error initializing SparkContext.
[2025-05-28T19:14:18.883+0000] {spark_submit.py:490} INFO - org.apache.spark.SparkException: Could not parse Master URL: 'spark-master:7077'
[2025-05-28T19:14:18.883+0000] {spark_submit.py:490} INFO - at org.apache.spark.SparkContext$.org$apache$spark$SparkContext$$createTaskScheduler(SparkContext.scala:2982)
[2025-05-28T19:14:18.883+0000] {spark_submit.py:490} INFO - at org.apache.spark.SparkContext.<init>(SparkContext.scala:563)
[2025-05-28T19:14:18.884+0000] {spark_submit.py:490} INFO - at org.apache.spark.api.java.JavaSparkContext.<init>(JavaSparkContext.scala:58)
[2025-05-28T19:14:18.884+0000] {spark_submit.py:490} INFO - at java.base/jdk.internal.reflect.NativeConstructorAccessorImpl.newInstance0(Native Method)
[2025-05-28T19:14:18.884+0000] {spark_submit.py:490} INFO - at java.base/jdk.internal.reflect.NativeConstructorAccessorImpl.newInstance(NativeConstructorAccessorImpl.java:62)
[2025-05-28T19:14:18.884+0000] {spark_submit.py:490} INFO - at java.base/jdk.internal.reflect.DelegatingConstructorAccessorImpl.newInstance(DelegatingConstructorAccessorImpl.java:45)
[2025-05-28T19:14:18.884+0000] {spark_submit.py:490} INFO - at java.base/java.lang.reflect.Constructor.newInstance(Constructor.java:490)
[2025-05-28T19:14:18.884+0000] {spark_submit.py:490} INFO - at py4j.reflection.MethodInvoker.invoke(MethodInvoker.java:247)
[2025-05-28T19:14:18.885+0000] {spark_submit.py:490} INFO - at py4j.reflection.ReflectionEngine.invoke(ReflectionEngine.java:357)
[2025-05-28T19:14:18.885+0000] {spark_submit.py:490} INFO - at py4j.Gateway.invoke(Gateway.java:238)
[2025-05-28T19:14:18.885+0000] {spark_submit.py:490} INFO - at py4j.commands.ConstructorCommand.invokeConstructor(ConstructorCommand.java:80)
[2025-05-28T19:14:18.885+0000] {spark_submit.py:490} INFO - at py4j.commands.ConstructorCommand.execute(ConstructorCommand.java:69)
[2025-05-28T19:14:18.885+0000] {spark_submit.py:490} INFO - at py4j.ClientServerConnection.waitForCommands(ClientServerConnection.java:182)
[2025-05-28T19:14:18.885+0000] {spark_submit.py:490} INFO - at py4j.ClientServerConnection.run(ClientServerConnection.java:106)
[2025-05-28T19:14:18.885+0000] {spark_submit.py:490} INFO - at java.base/java.lang.Thread.run(Thread.java:829)
[2025-05-28T19:14:18.891+0000] {spark_submit.py:490} INFO - 25/05/28 19:14:18 INFO SparkUI: Stopped Spark web UI at http://b1889afb6b39:4040
[2025-05-28T19:14:18.906+0000] {spark_submit.py:490} INFO - 25/05/28 19:14:18 INFO MapOutputTrackerMasterEndpoint: MapOutputTrackerMasterEndpoint stopped!
[2025-05-28T19:14:18.916+0000] {spark_submit.py:490} INFO - 25/05/28 19:14:18 INFO MemoryStore: MemoryStore cleared
[2025-05-28T19:14:18.916+0000] {spark_submit.py:490} INFO - 25/05/28 19:14:18 INFO BlockManager: BlockManager stopped
[2025-05-28T19:14:18.922+0000] {spark_submit.py:490} INFO - 25/05/28 19:14:18 INFO BlockManagerMaster: BlockManagerMaster stopped
[2025-05-28T19:14:18.923+0000] {spark_submit.py:490} INFO - 25/05/28 19:14:18 WARN MetricsSystem: Stopping a MetricsSystem that is not running
[2025-05-28T19:14:18.924+0000] {spark_submit.py:490} INFO - 25/05/28 19:14:18 INFO OutputCommitCoordinator$OutputCommitCoordinatorEndpoint: OutputCommitCoordinator stopped!
[2025-05-28T19:14:18.932+0000] {spark_submit.py:490} INFO - 25/05/28 19:14:18 INFO SparkContext: Successfully stopped SparkContext
[2025-05-28T19:14:18.932+0000] {spark_submit.py:490} INFO - Traceback (most recent call last):
[2025-05-28T19:14:18.932+0000] {spark_submit.py:490} INFO - File "/opt/***/spark/scripts/process_raw_trn.py", line 54, in <module>
[2025-05-28T19:14:18.933+0000] {spark_submit.py:490} INFO - main()
[2025-05-28T19:14:18.933+0000] {spark_submit.py:490} INFO - File "/opt/***/spark/scripts/process_raw_trn.py", line 31, in main
[2025-05-28T19:14:18.933+0000] {spark_submit.py:490} INFO - spark = SparkSession.builder.appName("CSV2Parquet").getOrCreate()
[2025-05-28T19:14:18.933+0000] {spark_submit.py:490} INFO - File "/opt/spark/python/lib/pyspark.zip/pyspark/sql/session.py", line 269, in getOrCreate
[2025-05-28T19:14:18.933+0000] {spark_submit.py:490} INFO - File "/opt/spark/python/lib/pyspark.zip/pyspark/context.py", line 483, in getOrCreate
[2025-05-28T19:14:18.934+0000] {spark_submit.py:490} INFO - File "/opt/spark/python/lib/pyspark.zip/pyspark/context.py", line 208, in __init__
[2025-05-28T19:14:18.934+0000] {spark_submit.py:490} INFO - File "/opt/spark/python/lib/pyspark.zip/pyspark/context.py", line 282, in _do_init
[2025-05-28T19:14:18.934+0000] {spark_submit.py:490} INFO - File "/opt/spark/python/lib/pyspark.zip/pyspark/context.py", line 402, in _initialize_context
[2025-05-28T19:14:18.934+0000] {spark_submit.py:490} INFO - File "/opt/spark/python/lib/py4j-0.10.9.5-src.zip/py4j/java_gateway.py", line 1586, in __call__
[2025-05-28T19:14:18.934+0000] {spark_submit.py:490} INFO - File "/opt/spark/python/lib/py4j-0.10.9.5-src.zip/py4j/protocol.py", line 328, in get_return_value
[2025-05-28T19:14:18.934+0000] {spark_submit.py:490} INFO - py4j.protocol.Py4JJavaError: An error occurred while calling None.org.apache.spark.api.java.JavaSparkContext.
[2025-05-28T19:14:18.935+0000] {spark_submit.py:490} INFO - : org.apache.spark.SparkException: Could not parse Master URL: 'spark-master:7077'
[2025-05-28T19:14:18.935+0000] {spark_submit.py:490} INFO - at org.apache.spark.SparkContext$.org$apache$spark$SparkContext$$createTaskScheduler(SparkContext.scala:2982)
[2025-05-28T19:14:18.935+0000] {spark_submit.py:490} INFO - at org.apache.spark.SparkContext.<init>(SparkContext.scala:563)
[2025-05-28T19:14:18.935+0000] {spark_submit.py:490} INFO - at org.apache.spark.api.java.JavaSparkContext.<init>(JavaSparkContext.scala:58)
[2025-05-28T19:14:18.935+0000] {spark_submit.py:490} INFO - at java.base/jdk.internal.reflect.NativeConstructorAccessorImpl.newInstance0(Native Method)
[2025-05-28T19:14:18.935+0000] {spark_submit.py:490} INFO - at java.base/jdk.internal.reflect.NativeConstructorAccessorImpl.newInstance(NativeConstructorAccessorImpl.java:62)
[2025-05-28T19:14:18.935+0000] {spark_submit.py:490} INFO - at java.base/jdk.internal.reflect.DelegatingConstructorAccessorImpl.newInstance(DelegatingConstructorAccessorImpl.java:45)
[2025-05-28T19:14:18.936+0000] {spark_submit.py:490} INFO - at java.base/java.lang.reflect.Constructor.newInstance(Constructor.java:490)
[2025-05-28T19:14:18.936+0000] {spark_submit.py:490} INFO - at py4j.reflection.MethodInvoker.invoke(MethodInvoker.java:247)
[2025-05-28T19:14:18.936+0000] {spark_submit.py:490} INFO - at py4j.reflection.ReflectionEngine.invoke(ReflectionEngine.java:357)
[2025-05-28T19:14:18.936+0000] {spark_submit.py:490} INFO - at py4j.Gateway.invoke(Gateway.java:238)
[2025-05-28T19:14:18.936+0000] {spark_submit.py:490} INFO - at py4j.commands.ConstructorCommand.invokeConstructor(ConstructorCommand.java:80)
[2025-05-28T19:14:18.936+0000] {spark_submit.py:490} INFO - at py4j.commands.ConstructorCommand.execute(ConstructorCommand.java:69)
[2025-05-28T19:14:18.936+0000] {spark_submit.py:490} INFO - at py4j.ClientServerConnection.waitForCommands(ClientServerConnection.java:182)
[2025-05-28T19:14:18.936+0000] {spark_submit.py:490} INFO - at py4j.ClientServerConnection.run(ClientServerConnection.java:106)
[2025-05-28T19:14:18.937+0000] {spark_submit.py:490} INFO - at java.base/java.lang.Thread.run(Thread.java:829)
[2025-05-28T19:14:18.937+0000] {spark_submit.py:490} INFO - 
[2025-05-28T19:14:18.959+0000] {spark_submit.py:490} INFO - 25/05/28 19:14:18 INFO ShutdownHookManager: Shutdown hook called
[2025-05-28T19:14:18.960+0000] {spark_submit.py:490} INFO - 25/05/28 19:14:18 INFO ShutdownHookManager: Deleting directory /tmp/spark-c3aaeebc-821b-4796-90d5-c67b28764a74
[2025-05-28T19:14:18.963+0000] {spark_submit.py:490} INFO - 25/05/28 19:14:18 INFO ShutdownHookManager: Deleting directory /tmp/spark-0f393dbe-d53d-488b-a83c-6ffd19b3e2bc
[2025-05-28T19:14:19.010+0000] {taskinstance.py:1824} ERROR - Task failed with exception
Traceback (most recent call last):
  File "/home/airflow/.local/lib/python3.7/site-packages/airflow/providers/apache/spark/operators/spark_submit.py", line 157, in execute
    self._hook.submit(self._application)
  File "/home/airflow/.local/lib/python3.7/site-packages/airflow/providers/apache/spark/hooks/spark_submit.py", line 422, in submit
    f"Cannot execute: {self._mask_cmd(spark_submit_cmd)}. Error code is: {returncode}."
airflow.exceptions.AirflowException: Cannot execute: spark-submit --master spark-master:7077 --name arrow-spark --verbose /opt/***/spark/scripts/process_raw_trn.py. Error code is: 1.
[2025-05-28T19:14:19.014+0000] {taskinstance.py:1350} INFO - Marking task as UP_FOR_RETRY. dag_id=mrp_colors_csv_to_parquet, task_id=run_spark_csv2parquet, execution_date=20250527T000000, start_date=20250528T191415, end_date=20250528T191419
[2025-05-28T19:14:19.025+0000] {standard_task_runner.py:109} ERROR - Failed to execute job 55 for task run_spark_csv2parquet (Cannot execute: spark-submit --master spark-master:7077 --name arrow-spark --verbose /opt/***/spark/scripts/process_raw_trn.py. Error code is: 1.; 320)
[2025-05-28T19:14:19.044+0000] {local_task_job_runner.py:225} INFO - Task exited with return code 1
[2025-05-28T19:14:19.058+0000] {taskinstance.py:2653} INFO - 0 downstream tasks scheduled from follow-on schedule check
